[0.116s] DEBUG:colcon:Command line arguments: ['/usr/bin/colcon', 'build']
[0.116s] DEBUG:colcon:Parsed command line arguments: Namespace(log_base=None, log_level=None, verb_name='build', build_base='build', install_base='install', merge_install=False, symlink_install=False, test_result_base=None, continue_on_error=False, executor='parallel', parallel_workers=4, event_handlers=None, ignore_user_meta=False, metas=['./colcon.meta'], base_paths=['.'], packages_ignore=None, packages_ignore_regex=None, paths=None, packages_up_to=None, packages_up_to_regex=None, packages_above=None, packages_above_and_dependencies=None, packages_above_depth=None, packages_select_by_dep=None, packages_skip_by_dep=None, packages_skip_up_to=None, packages_select_build_failed=False, packages_skip_build_finished=False, packages_select_test_failures=False, packages_skip_test_passed=False, packages_select=None, packages_skip=None, packages_select_regex=None, packages_skip_regex=None, packages_start=None, packages_end=None, allow_overriding=[], cmake_args=None, cmake_target=None, cmake_target_skip_unavailable=False, cmake_clean_cache=False, cmake_clean_first=False, cmake_force_configure=False, ament_cmake_args=None, catkin_cmake_args=None, catkin_skip_building_tests=False, mixin_files=None, mixin=None, verb_parser=<colcon_mixin.mixin.mixin_argument.MixinArgumentDecorator object at 0x79dfe002aad0>, verb_extension=<colcon_core.verb.build.BuildVerb object at 0x79dfe002bfa0>, main=<bound method BuildVerb.main of <colcon_core.verb.build.BuildVerb object at 0x79dfe002bfa0>>, mixin_verb=('build',))
[0.303s] Level 1:colcon.colcon_core.package_discovery:discover_packages(colcon_meta) check parameters
[0.303s] Level 1:colcon.colcon_core.package_discovery:discover_packages(recursive) check parameters
[0.303s] Level 1:colcon.colcon_core.package_discovery:discover_packages(ignore) check parameters
[0.303s] Level 1:colcon.colcon_core.package_discovery:discover_packages(path) check parameters
[0.303s] Level 1:colcon.colcon_core.package_discovery:discover_packages(colcon_meta) discover
[0.303s] Level 1:colcon.colcon_core.package_discovery:discover_packages(recursive) discover
[0.303s] INFO:colcon.colcon_core.package_discovery:Crawling recursively for packages in '/home/fusion/Downloads/FUSION_2024_Thormann_Landmarks'
[0.303s] Level 1:colcon.colcon_core.package_identification:_identify(.) by extensions ['ignore', 'ignore_ament_install']
[0.303s] Level 1:colcon.colcon_core.package_identification:_identify(.) by extension 'ignore'
[0.303s] Level 1:colcon.colcon_core.package_identification:_identify(.) by extension 'ignore_ament_install'
[0.303s] Level 1:colcon.colcon_core.package_identification:_identify(.) by extensions ['colcon_pkg']
[0.303s] Level 1:colcon.colcon_core.package_identification:_identify(.) by extension 'colcon_pkg'
[0.303s] Level 1:colcon.colcon_core.package_identification:_identify(.) by extensions ['colcon_meta']
[0.303s] Level 1:colcon.colcon_core.package_identification:_identify(.) by extension 'colcon_meta'
[0.303s] Level 1:colcon.colcon_core.package_identification:_identify(.) by extensions ['ros']
[0.303s] Level 1:colcon.colcon_core.package_identification:_identify(.) by extension 'ros'
[0.322s] Level 1:colcon.colcon_core.package_identification:_identify(.) by extensions ['cmake', 'python']
[0.322s] Level 1:colcon.colcon_core.package_identification:_identify(.) by extension 'cmake'
[0.323s] Level 1:colcon.colcon_core.package_identification:_identify(.) by extension 'python'
[0.323s] Level 1:colcon.colcon_core.package_identification:_identify(.) by extensions ['python_setup_py']
[0.323s] Level 1:colcon.colcon_core.package_identification:_identify(.) by extension 'python_setup_py'
[0.323s] Level 1:colcon.colcon_core.package_identification:_identify(build) by extensions ['ignore', 'ignore_ament_install']
[0.323s] Level 1:colcon.colcon_core.package_identification:_identify(build) by extension 'ignore'
[0.323s] Level 1:colcon.colcon_core.package_identification:_identify(build) ignored
[0.323s] Level 1:colcon.colcon_core.package_identification:_identify(data) by extensions ['ignore', 'ignore_ament_install']
[0.323s] Level 1:colcon.colcon_core.package_identification:_identify(data) by extension 'ignore'
[0.323s] Level 1:colcon.colcon_core.package_identification:_identify(data) by extension 'ignore_ament_install'
[0.323s] Level 1:colcon.colcon_core.package_identification:_identify(data) by extensions ['colcon_pkg']
[0.323s] Level 1:colcon.colcon_core.package_identification:_identify(data) by extension 'colcon_pkg'
[0.323s] Level 1:colcon.colcon_core.package_identification:_identify(data) by extensions ['colcon_meta']
[0.323s] Level 1:colcon.colcon_core.package_identification:_identify(data) by extension 'colcon_meta'
[0.323s] Level 1:colcon.colcon_core.package_identification:_identify(data) by extensions ['ros']
[0.324s] Level 1:colcon.colcon_core.package_identification:_identify(data) by extension 'ros'
[0.324s] Level 1:colcon.colcon_core.package_identification:_identify(data) by extensions ['cmake', 'python']
[0.324s] Level 1:colcon.colcon_core.package_identification:_identify(data) by extension 'cmake'
[0.324s] Level 1:colcon.colcon_core.package_identification:_identify(data) by extension 'python'
[0.324s] Level 1:colcon.colcon_core.package_identification:_identify(data) by extensions ['python_setup_py']
[0.324s] Level 1:colcon.colcon_core.package_identification:_identify(data) by extension 'python_setup_py'
[0.324s] Level 1:colcon.colcon_core.package_identification:_identify(data/fusion_sequences) by extensions ['ignore', 'ignore_ament_install']
[0.324s] Level 1:colcon.colcon_core.package_identification:_identify(data/fusion_sequences) by extension 'ignore'
[0.324s] Level 1:colcon.colcon_core.package_identification:_identify(data/fusion_sequences) by extension 'ignore_ament_install'
[0.324s] Level 1:colcon.colcon_core.package_identification:_identify(data/fusion_sequences) by extensions ['colcon_pkg']
[0.324s] Level 1:colcon.colcon_core.package_identification:_identify(data/fusion_sequences) by extension 'colcon_pkg'
[0.324s] Level 1:colcon.colcon_core.package_identification:_identify(data/fusion_sequences) by extensions ['colcon_meta']
[0.324s] Level 1:colcon.colcon_core.package_identification:_identify(data/fusion_sequences) by extension 'colcon_meta'
[0.324s] Level 1:colcon.colcon_core.package_identification:_identify(data/fusion_sequences) by extensions ['ros']
[0.324s] Level 1:colcon.colcon_core.package_identification:_identify(data/fusion_sequences) by extension 'ros'
[0.324s] Level 1:colcon.colcon_core.package_identification:_identify(data/fusion_sequences) by extensions ['cmake', 'python']
[0.325s] Level 1:colcon.colcon_core.package_identification:_identify(data/fusion_sequences) by extension 'cmake'
[0.325s] Level 1:colcon.colcon_core.package_identification:_identify(data/fusion_sequences) by extension 'python'
[0.325s] Level 1:colcon.colcon_core.package_identification:_identify(data/fusion_sequences) by extensions ['python_setup_py']
[0.325s] Level 1:colcon.colcon_core.package_identification:_identify(data/fusion_sequences) by extension 'python_setup_py'
[0.325s] Level 1:colcon.colcon_core.package_identification:_identify(data/fusion_sequences/seq1_linear) by extensions ['ignore', 'ignore_ament_install']
[0.325s] Level 1:colcon.colcon_core.package_identification:_identify(data/fusion_sequences/seq1_linear) by extension 'ignore'
[0.325s] Level 1:colcon.colcon_core.package_identification:_identify(data/fusion_sequences/seq1_linear) by extension 'ignore_ament_install'
[0.325s] Level 1:colcon.colcon_core.package_identification:_identify(data/fusion_sequences/seq1_linear) by extensions ['colcon_pkg']
[0.325s] Level 1:colcon.colcon_core.package_identification:_identify(data/fusion_sequences/seq1_linear) by extension 'colcon_pkg'
[0.325s] Level 1:colcon.colcon_core.package_identification:_identify(data/fusion_sequences/seq1_linear) by extensions ['colcon_meta']
[0.325s] Level 1:colcon.colcon_core.package_identification:_identify(data/fusion_sequences/seq1_linear) by extension 'colcon_meta'
[0.325s] Level 1:colcon.colcon_core.package_identification:_identify(data/fusion_sequences/seq1_linear) by extensions ['ros']
[0.325s] Level 1:colcon.colcon_core.package_identification:_identify(data/fusion_sequences/seq1_linear) by extension 'ros'
[0.325s] Level 1:colcon.colcon_core.package_identification:_identify(data/fusion_sequences/seq1_linear) by extensions ['cmake', 'python']
[0.325s] Level 1:colcon.colcon_core.package_identification:_identify(data/fusion_sequences/seq1_linear) by extension 'cmake'
[0.325s] Level 1:colcon.colcon_core.package_identification:_identify(data/fusion_sequences/seq1_linear) by extension 'python'
[0.326s] Level 1:colcon.colcon_core.package_identification:_identify(data/fusion_sequences/seq1_linear) by extensions ['python_setup_py']
[0.326s] Level 1:colcon.colcon_core.package_identification:_identify(data/fusion_sequences/seq1_linear) by extension 'python_setup_py'
[0.326s] Level 1:colcon.colcon_core.package_identification:_identify(data/fusion_sequences/seq1_linear/rosbag2_2024_02_07-15_47_40) by extensions ['ignore', 'ignore_ament_install']
[0.326s] Level 1:colcon.colcon_core.package_identification:_identify(data/fusion_sequences/seq1_linear/rosbag2_2024_02_07-15_47_40) by extension 'ignore'
[0.326s] Level 1:colcon.colcon_core.package_identification:_identify(data/fusion_sequences/seq1_linear/rosbag2_2024_02_07-15_47_40) by extension 'ignore_ament_install'
[0.326s] Level 1:colcon.colcon_core.package_identification:_identify(data/fusion_sequences/seq1_linear/rosbag2_2024_02_07-15_47_40) by extensions ['colcon_pkg']
[0.326s] Level 1:colcon.colcon_core.package_identification:_identify(data/fusion_sequences/seq1_linear/rosbag2_2024_02_07-15_47_40) by extension 'colcon_pkg'
[0.326s] Level 1:colcon.colcon_core.package_identification:_identify(data/fusion_sequences/seq1_linear/rosbag2_2024_02_07-15_47_40) by extensions ['colcon_meta']
[0.326s] Level 1:colcon.colcon_core.package_identification:_identify(data/fusion_sequences/seq1_linear/rosbag2_2024_02_07-15_47_40) by extension 'colcon_meta'
[0.326s] Level 1:colcon.colcon_core.package_identification:_identify(data/fusion_sequences/seq1_linear/rosbag2_2024_02_07-15_47_40) by extensions ['ros']
[0.326s] Level 1:colcon.colcon_core.package_identification:_identify(data/fusion_sequences/seq1_linear/rosbag2_2024_02_07-15_47_40) by extension 'ros'
[0.326s] Level 1:colcon.colcon_core.package_identification:_identify(data/fusion_sequences/seq1_linear/rosbag2_2024_02_07-15_47_40) by extensions ['cmake', 'python']
[0.326s] Level 1:colcon.colcon_core.package_identification:_identify(data/fusion_sequences/seq1_linear/rosbag2_2024_02_07-15_47_40) by extension 'cmake'
[0.326s] Level 1:colcon.colcon_core.package_identification:_identify(data/fusion_sequences/seq1_linear/rosbag2_2024_02_07-15_47_40) by extension 'python'
[0.326s] Level 1:colcon.colcon_core.package_identification:_identify(data/fusion_sequences/seq1_linear/rosbag2_2024_02_07-15_47_40) by extensions ['python_setup_py']
[0.326s] Level 1:colcon.colcon_core.package_identification:_identify(data/fusion_sequences/seq1_linear/rosbag2_2024_02_07-15_47_40) by extension 'python_setup_py'
[0.327s] Level 1:colcon.colcon_core.package_identification:_identify(data/fusion_sequences/seq2_curves) by extensions ['ignore', 'ignore_ament_install']
[0.327s] Level 1:colcon.colcon_core.package_identification:_identify(data/fusion_sequences/seq2_curves) by extension 'ignore'
[0.327s] Level 1:colcon.colcon_core.package_identification:_identify(data/fusion_sequences/seq2_curves) by extension 'ignore_ament_install'
[0.327s] Level 1:colcon.colcon_core.package_identification:_identify(data/fusion_sequences/seq2_curves) by extensions ['colcon_pkg']
[0.327s] Level 1:colcon.colcon_core.package_identification:_identify(data/fusion_sequences/seq2_curves) by extension 'colcon_pkg'
[0.327s] Level 1:colcon.colcon_core.package_identification:_identify(data/fusion_sequences/seq2_curves) by extensions ['colcon_meta']
[0.327s] Level 1:colcon.colcon_core.package_identification:_identify(data/fusion_sequences/seq2_curves) by extension 'colcon_meta'
[0.327s] Level 1:colcon.colcon_core.package_identification:_identify(data/fusion_sequences/seq2_curves) by extensions ['ros']
[0.327s] Level 1:colcon.colcon_core.package_identification:_identify(data/fusion_sequences/seq2_curves) by extension 'ros'
[0.327s] Level 1:colcon.colcon_core.package_identification:_identify(data/fusion_sequences/seq2_curves) by extensions ['cmake', 'python']
[0.327s] Level 1:colcon.colcon_core.package_identification:_identify(data/fusion_sequences/seq2_curves) by extension 'cmake'
[0.327s] Level 1:colcon.colcon_core.package_identification:_identify(data/fusion_sequences/seq2_curves) by extension 'python'
[0.327s] Level 1:colcon.colcon_core.package_identification:_identify(data/fusion_sequences/seq2_curves) by extensions ['python_setup_py']
[0.327s] Level 1:colcon.colcon_core.package_identification:_identify(data/fusion_sequences/seq2_curves) by extension 'python_setup_py'
[0.328s] Level 1:colcon.colcon_core.package_identification:_identify(data/fusion_sequences/seq2_curves/rosbag2_2024_02_07-15_53_25) by extensions ['ignore', 'ignore_ament_install']
[0.328s] Level 1:colcon.colcon_core.package_identification:_identify(data/fusion_sequences/seq2_curves/rosbag2_2024_02_07-15_53_25) by extension 'ignore'
[0.328s] Level 1:colcon.colcon_core.package_identification:_identify(data/fusion_sequences/seq2_curves/rosbag2_2024_02_07-15_53_25) by extension 'ignore_ament_install'
[0.328s] Level 1:colcon.colcon_core.package_identification:_identify(data/fusion_sequences/seq2_curves/rosbag2_2024_02_07-15_53_25) by extensions ['colcon_pkg']
[0.328s] Level 1:colcon.colcon_core.package_identification:_identify(data/fusion_sequences/seq2_curves/rosbag2_2024_02_07-15_53_25) by extension 'colcon_pkg'
[0.328s] Level 1:colcon.colcon_core.package_identification:_identify(data/fusion_sequences/seq2_curves/rosbag2_2024_02_07-15_53_25) by extensions ['colcon_meta']
[0.328s] Level 1:colcon.colcon_core.package_identification:_identify(data/fusion_sequences/seq2_curves/rosbag2_2024_02_07-15_53_25) by extension 'colcon_meta'
[0.328s] Level 1:colcon.colcon_core.package_identification:_identify(data/fusion_sequences/seq2_curves/rosbag2_2024_02_07-15_53_25) by extensions ['ros']
[0.328s] Level 1:colcon.colcon_core.package_identification:_identify(data/fusion_sequences/seq2_curves/rosbag2_2024_02_07-15_53_25) by extension 'ros'
[0.328s] Level 1:colcon.colcon_core.package_identification:_identify(data/fusion_sequences/seq2_curves/rosbag2_2024_02_07-15_53_25) by extensions ['cmake', 'python']
[0.328s] Level 1:colcon.colcon_core.package_identification:_identify(data/fusion_sequences/seq2_curves/rosbag2_2024_02_07-15_53_25) by extension 'cmake'
[0.328s] Level 1:colcon.colcon_core.package_identification:_identify(data/fusion_sequences/seq2_curves/rosbag2_2024_02_07-15_53_25) by extension 'python'
[0.328s] Level 1:colcon.colcon_core.package_identification:_identify(data/fusion_sequences/seq2_curves/rosbag2_2024_02_07-15_53_25) by extensions ['python_setup_py']
[0.328s] Level 1:colcon.colcon_core.package_identification:_identify(data/fusion_sequences/seq2_curves/rosbag2_2024_02_07-15_53_25) by extension 'python_setup_py'
[0.328s] Level 1:colcon.colcon_core.package_identification:_identify(data/fusion_sequences/seq3_slalom) by extensions ['ignore', 'ignore_ament_install']
[0.329s] Level 1:colcon.colcon_core.package_identification:_identify(data/fusion_sequences/seq3_slalom) by extension 'ignore'
[0.329s] Level 1:colcon.colcon_core.package_identification:_identify(data/fusion_sequences/seq3_slalom) by extension 'ignore_ament_install'
[0.329s] Level 1:colcon.colcon_core.package_identification:_identify(data/fusion_sequences/seq3_slalom) by extensions ['colcon_pkg']
[0.329s] Level 1:colcon.colcon_core.package_identification:_identify(data/fusion_sequences/seq3_slalom) by extension 'colcon_pkg'
[0.329s] Level 1:colcon.colcon_core.package_identification:_identify(data/fusion_sequences/seq3_slalom) by extensions ['colcon_meta']
[0.329s] Level 1:colcon.colcon_core.package_identification:_identify(data/fusion_sequences/seq3_slalom) by extension 'colcon_meta'
[0.329s] Level 1:colcon.colcon_core.package_identification:_identify(data/fusion_sequences/seq3_slalom) by extensions ['ros']
[0.329s] Level 1:colcon.colcon_core.package_identification:_identify(data/fusion_sequences/seq3_slalom) by extension 'ros'
[0.329s] Level 1:colcon.colcon_core.package_identification:_identify(data/fusion_sequences/seq3_slalom) by extensions ['cmake', 'python']
[0.329s] Level 1:colcon.colcon_core.package_identification:_identify(data/fusion_sequences/seq3_slalom) by extension 'cmake'
[0.329s] Level 1:colcon.colcon_core.package_identification:_identify(data/fusion_sequences/seq3_slalom) by extension 'python'
[0.329s] Level 1:colcon.colcon_core.package_identification:_identify(data/fusion_sequences/seq3_slalom) by extensions ['python_setup_py']
[0.329s] Level 1:colcon.colcon_core.package_identification:_identify(data/fusion_sequences/seq3_slalom) by extension 'python_setup_py'
[0.329s] Level 1:colcon.colcon_core.package_identification:_identify(data/fusion_sequences/seq3_slalom/rosbag2_2024_02_07-15_58_22) by extensions ['ignore', 'ignore_ament_install']
[0.329s] Level 1:colcon.colcon_core.package_identification:_identify(data/fusion_sequences/seq3_slalom/rosbag2_2024_02_07-15_58_22) by extension 'ignore'
[0.329s] Level 1:colcon.colcon_core.package_identification:_identify(data/fusion_sequences/seq3_slalom/rosbag2_2024_02_07-15_58_22) by extension 'ignore_ament_install'
[0.330s] Level 1:colcon.colcon_core.package_identification:_identify(data/fusion_sequences/seq3_slalom/rosbag2_2024_02_07-15_58_22) by extensions ['colcon_pkg']
[0.330s] Level 1:colcon.colcon_core.package_identification:_identify(data/fusion_sequences/seq3_slalom/rosbag2_2024_02_07-15_58_22) by extension 'colcon_pkg'
[0.330s] Level 1:colcon.colcon_core.package_identification:_identify(data/fusion_sequences/seq3_slalom/rosbag2_2024_02_07-15_58_22) by extensions ['colcon_meta']
[0.330s] Level 1:colcon.colcon_core.package_identification:_identify(data/fusion_sequences/seq3_slalom/rosbag2_2024_02_07-15_58_22) by extension 'colcon_meta'
[0.330s] Level 1:colcon.colcon_core.package_identification:_identify(data/fusion_sequences/seq3_slalom/rosbag2_2024_02_07-15_58_22) by extensions ['ros']
[0.330s] Level 1:colcon.colcon_core.package_identification:_identify(data/fusion_sequences/seq3_slalom/rosbag2_2024_02_07-15_58_22) by extension 'ros'
[0.330s] Level 1:colcon.colcon_core.package_identification:_identify(data/fusion_sequences/seq3_slalom/rosbag2_2024_02_07-15_58_22) by extensions ['cmake', 'python']
[0.330s] Level 1:colcon.colcon_core.package_identification:_identify(data/fusion_sequences/seq3_slalom/rosbag2_2024_02_07-15_58_22) by extension 'cmake'
[0.330s] Level 1:colcon.colcon_core.package_identification:_identify(data/fusion_sequences/seq3_slalom/rosbag2_2024_02_07-15_58_22) by extension 'python'
[0.330s] Level 1:colcon.colcon_core.package_identification:_identify(data/fusion_sequences/seq3_slalom/rosbag2_2024_02_07-15_58_22) by extensions ['python_setup_py']
[0.330s] Level 1:colcon.colcon_core.package_identification:_identify(data/fusion_sequences/seq3_slalom/rosbag2_2024_02_07-15_58_22) by extension 'python_setup_py'
[0.331s] Level 1:colcon.colcon_core.package_identification:_identify(data/fusion_training) by extensions ['ignore', 'ignore_ament_install']
[0.331s] Level 1:colcon.colcon_core.package_identification:_identify(data/fusion_training) by extension 'ignore'
[0.331s] Level 1:colcon.colcon_core.package_identification:_identify(data/fusion_training) by extension 'ignore_ament_install'
[0.331s] Level 1:colcon.colcon_core.package_identification:_identify(data/fusion_training) by extensions ['colcon_pkg']
[0.331s] Level 1:colcon.colcon_core.package_identification:_identify(data/fusion_training) by extension 'colcon_pkg'
[0.331s] Level 1:colcon.colcon_core.package_identification:_identify(data/fusion_training) by extensions ['colcon_meta']
[0.331s] Level 1:colcon.colcon_core.package_identification:_identify(data/fusion_training) by extension 'colcon_meta'
[0.331s] Level 1:colcon.colcon_core.package_identification:_identify(data/fusion_training) by extensions ['ros']
[0.331s] Level 1:colcon.colcon_core.package_identification:_identify(data/fusion_training) by extension 'ros'
[0.331s] Level 1:colcon.colcon_core.package_identification:_identify(data/fusion_training) by extensions ['cmake', 'python']
[0.331s] Level 1:colcon.colcon_core.package_identification:_identify(data/fusion_training) by extension 'cmake'
[0.331s] Level 1:colcon.colcon_core.package_identification:_identify(data/fusion_training) by extension 'python'
[0.331s] Level 1:colcon.colcon_core.package_identification:_identify(data/fusion_training) by extensions ['python_setup_py']
[0.331s] Level 1:colcon.colcon_core.package_identification:_identify(data/fusion_training) by extension 'python_setup_py'
[0.332s] Level 1:colcon.colcon_core.package_identification:_identify(data/fusion_validation) by extensions ['ignore', 'ignore_ament_install']
[0.332s] Level 1:colcon.colcon_core.package_identification:_identify(data/fusion_validation) by extension 'ignore'
[0.332s] Level 1:colcon.colcon_core.package_identification:_identify(data/fusion_validation) by extension 'ignore_ament_install'
[0.332s] Level 1:colcon.colcon_core.package_identification:_identify(data/fusion_validation) by extensions ['colcon_pkg']
[0.332s] Level 1:colcon.colcon_core.package_identification:_identify(data/fusion_validation) by extension 'colcon_pkg'
[0.332s] Level 1:colcon.colcon_core.package_identification:_identify(data/fusion_validation) by extensions ['colcon_meta']
[0.332s] Level 1:colcon.colcon_core.package_identification:_identify(data/fusion_validation) by extension 'colcon_meta'
[0.332s] Level 1:colcon.colcon_core.package_identification:_identify(data/fusion_validation) by extensions ['ros']
[0.332s] Level 1:colcon.colcon_core.package_identification:_identify(data/fusion_validation) by extension 'ros'
[0.333s] Level 1:colcon.colcon_core.package_identification:_identify(data/fusion_validation) by extensions ['cmake', 'python']
[0.333s] Level 1:colcon.colcon_core.package_identification:_identify(data/fusion_validation) by extension 'cmake'
[0.333s] Level 1:colcon.colcon_core.package_identification:_identify(data/fusion_validation) by extension 'python'
[0.333s] Level 1:colcon.colcon_core.package_identification:_identify(data/fusion_validation) by extensions ['python_setup_py']
[0.333s] Level 1:colcon.colcon_core.package_identification:_identify(data/fusion_validation) by extension 'python_setup_py'
[0.333s] Level 1:colcon.colcon_core.package_identification:_identify(install) by extensions ['ignore', 'ignore_ament_install']
[0.333s] Level 1:colcon.colcon_core.package_identification:_identify(install) by extension 'ignore'
[0.333s] Level 1:colcon.colcon_core.package_identification:_identify(install) ignored
[0.333s] Level 1:colcon.colcon_core.package_identification:_identify(log) by extensions ['ignore', 'ignore_ament_install']
[0.333s] Level 1:colcon.colcon_core.package_identification:_identify(log) by extension 'ignore'
[0.333s] Level 1:colcon.colcon_core.package_identification:_identify(log) ignored
[0.333s] Level 1:colcon.colcon_core.package_identification:_identify(radar) by extensions ['ignore', 'ignore_ament_install']
[0.333s] Level 1:colcon.colcon_core.package_identification:_identify(radar) by extension 'ignore'
[0.334s] Level 1:colcon.colcon_core.package_identification:_identify(radar) by extension 'ignore_ament_install'
[0.334s] Level 1:colcon.colcon_core.package_identification:_identify(radar) by extensions ['colcon_pkg']
[0.334s] Level 1:colcon.colcon_core.package_identification:_identify(radar) by extension 'colcon_pkg'
[0.334s] Level 1:colcon.colcon_core.package_identification:_identify(radar) by extensions ['colcon_meta']
[0.334s] Level 1:colcon.colcon_core.package_identification:_identify(radar) by extension 'colcon_meta'
[0.334s] Level 1:colcon.colcon_core.package_identification:_identify(radar) by extensions ['ros']
[0.334s] Level 1:colcon.colcon_core.package_identification:_identify(radar) by extension 'ros'
[0.336s] DEBUG:colcon.colcon_core.package_identification:Package 'radar' with type 'ros.ament_python' and name 'radar'
[0.337s] Level 1:colcon.colcon_core.package_identification:_identify(radar_interfaces) by extensions ['ignore', 'ignore_ament_install']
[0.337s] Level 1:colcon.colcon_core.package_identification:_identify(radar_interfaces) by extension 'ignore'
[0.337s] Level 1:colcon.colcon_core.package_identification:_identify(radar_interfaces) by extension 'ignore_ament_install'
[0.337s] Level 1:colcon.colcon_core.package_identification:_identify(radar_interfaces) by extensions ['colcon_pkg']
[0.337s] Level 1:colcon.colcon_core.package_identification:_identify(radar_interfaces) by extension 'colcon_pkg'
[0.337s] Level 1:colcon.colcon_core.package_identification:_identify(radar_interfaces) by extensions ['colcon_meta']
[0.337s] Level 1:colcon.colcon_core.package_identification:_identify(radar_interfaces) by extension 'colcon_meta'
[0.337s] Level 1:colcon.colcon_core.package_identification:_identify(radar_interfaces) by extensions ['ros']
[0.337s] Level 1:colcon.colcon_core.package_identification:_identify(radar_interfaces) by extension 'ros'
[0.338s] DEBUG:colcon.colcon_core.package_identification:Package 'radar_interfaces' with type 'ros.ament_cmake' and name 'radar_interfaces'
[0.338s] Level 1:colcon.colcon_core.package_discovery:discover_packages(recursive) using defaults
[0.338s] Level 1:colcon.colcon_core.package_discovery:discover_packages(ignore) discover
[0.338s] Level 1:colcon.colcon_core.package_discovery:discover_packages(ignore) using defaults
[0.338s] Level 1:colcon.colcon_core.package_discovery:discover_packages(path) discover
[0.338s] Level 1:colcon.colcon_core.package_discovery:discover_packages(path) using defaults
[0.358s] Level 1:colcon.colcon_core.package_discovery:discover_packages(prefix_path) check parameters
[0.358s] Level 1:colcon.colcon_core.package_discovery:discover_packages(prefix_path) discover
[0.360s] DEBUG:colcon.colcon_installed_package_information.package_discovery:Found 3 installed packages in /home/fusion/turtlebot4_ws/install
[0.362s] DEBUG:colcon.colcon_installed_package_information.package_discovery:Found 389 installed packages in /opt/ros/humble
[0.364s] Level 1:colcon.colcon_core.package_discovery:discover_packages(prefix_path) using defaults
[0.409s] Level 5:colcon.colcon_core.verb:set package 'radar' build argument 'cmake_args' from command line to 'None'
[0.409s] Level 5:colcon.colcon_core.verb:set package 'radar' build argument 'cmake_target' from command line to 'None'
[0.409s] Level 5:colcon.colcon_core.verb:set package 'radar' build argument 'cmake_target_skip_unavailable' from command line to 'False'
[0.409s] Level 5:colcon.colcon_core.verb:set package 'radar' build argument 'cmake_clean_cache' from command line to 'False'
[0.409s] Level 5:colcon.colcon_core.verb:set package 'radar' build argument 'cmake_clean_first' from command line to 'False'
[0.409s] Level 5:colcon.colcon_core.verb:set package 'radar' build argument 'cmake_force_configure' from command line to 'False'
[0.409s] Level 5:colcon.colcon_core.verb:set package 'radar' build argument 'ament_cmake_args' from command line to 'None'
[0.409s] Level 5:colcon.colcon_core.verb:set package 'radar' build argument 'catkin_cmake_args' from command line to 'None'
[0.409s] Level 5:colcon.colcon_core.verb:set package 'radar' build argument 'catkin_skip_building_tests' from command line to 'False'
[0.409s] DEBUG:colcon.colcon_core.verb:Building package 'radar' with the following arguments: {'ament_cmake_args': None, 'build_base': '/home/fusion/Downloads/FUSION_2024_Thormann_Landmarks/build/radar', 'catkin_cmake_args': None, 'catkin_skip_building_tests': False, 'cmake_args': None, 'cmake_clean_cache': False, 'cmake_clean_first': False, 'cmake_force_configure': False, 'cmake_target': None, 'cmake_target_skip_unavailable': False, 'install_base': '/home/fusion/Downloads/FUSION_2024_Thormann_Landmarks/install/radar', 'merge_install': False, 'path': '/home/fusion/Downloads/FUSION_2024_Thormann_Landmarks/radar', 'symlink_install': False, 'test_result_base': None}
[0.409s] Level 5:colcon.colcon_core.verb:set package 'radar_interfaces' build argument 'cmake_args' from command line to 'None'
[0.409s] Level 5:colcon.colcon_core.verb:set package 'radar_interfaces' build argument 'cmake_target' from command line to 'None'
[0.409s] Level 5:colcon.colcon_core.verb:set package 'radar_interfaces' build argument 'cmake_target_skip_unavailable' from command line to 'False'
[0.410s] Level 5:colcon.colcon_core.verb:set package 'radar_interfaces' build argument 'cmake_clean_cache' from command line to 'False'
[0.410s] Level 5:colcon.colcon_core.verb:set package 'radar_interfaces' build argument 'cmake_clean_first' from command line to 'False'
[0.410s] Level 5:colcon.colcon_core.verb:set package 'radar_interfaces' build argument 'cmake_force_configure' from command line to 'False'
[0.410s] Level 5:colcon.colcon_core.verb:set package 'radar_interfaces' build argument 'ament_cmake_args' from command line to 'None'
[0.410s] Level 5:colcon.colcon_core.verb:set package 'radar_interfaces' build argument 'catkin_cmake_args' from command line to 'None'
[0.410s] Level 5:colcon.colcon_core.verb:set package 'radar_interfaces' build argument 'catkin_skip_building_tests' from command line to 'False'
[0.410s] DEBUG:colcon.colcon_core.verb:Building package 'radar_interfaces' with the following arguments: {'ament_cmake_args': None, 'build_base': '/home/fusion/Downloads/FUSION_2024_Thormann_Landmarks/build/radar_interfaces', 'catkin_cmake_args': None, 'catkin_skip_building_tests': False, 'cmake_args': None, 'cmake_clean_cache': False, 'cmake_clean_first': False, 'cmake_force_configure': False, 'cmake_target': None, 'cmake_target_skip_unavailable': False, 'install_base': '/home/fusion/Downloads/FUSION_2024_Thormann_Landmarks/install/radar_interfaces', 'merge_install': False, 'path': '/home/fusion/Downloads/FUSION_2024_Thormann_Landmarks/radar_interfaces', 'symlink_install': False, 'test_result_base': None}
[0.410s] INFO:colcon.colcon_core.executor:Executing jobs using 'parallel' executor
[0.411s] DEBUG:colcon.colcon_parallel_executor.executor.parallel:run_until_complete
[0.411s] INFO:colcon.colcon_ros.task.ament_python.build:Building ROS package in '/home/fusion/Downloads/FUSION_2024_Thormann_Landmarks/radar' with build type 'ament_python'
[0.411s] Level 1:colcon.colcon_core.shell:create_environment_hook('radar', 'ament_prefix_path')
[0.413s] INFO:colcon.colcon_core.plugin_system:Skipping extension 'colcon_core.shell.bat': Not used on non-Windows systems
[0.413s] INFO:colcon.colcon_core.shell:Creating environment hook '/home/fusion/Downloads/FUSION_2024_Thormann_Landmarks/install/radar/share/radar/hook/ament_prefix_path.ps1'
[0.414s] INFO:colcon.colcon_core.shell:Creating environment descriptor '/home/fusion/Downloads/FUSION_2024_Thormann_Landmarks/install/radar/share/radar/hook/ament_prefix_path.dsv'
[0.414s] INFO:colcon.colcon_core.shell:Creating environment hook '/home/fusion/Downloads/FUSION_2024_Thormann_Landmarks/install/radar/share/radar/hook/ament_prefix_path.sh'
[0.415s] INFO:colcon.colcon_core.shell:Skip shell extension 'powershell' for command environment: Not usable outside of PowerShell
[0.415s] DEBUG:colcon.colcon_core.shell:Skip shell extension 'dsv' for command environment
[0.418s] INFO:colcon.colcon_ros.task.ament_cmake.build:Building ROS package in '/home/fusion/Downloads/FUSION_2024_Thormann_Landmarks/radar_interfaces' with build type 'ament_cmake'
[0.418s] INFO:colcon.colcon_cmake.task.cmake.build:Building CMake package in '/home/fusion/Downloads/FUSION_2024_Thormann_Landmarks/radar_interfaces'
[0.419s] INFO:colcon.colcon_core.shell:Skip shell extension 'powershell' for command environment: Not usable outside of PowerShell
[0.419s] DEBUG:colcon.colcon_core.shell:Skip shell extension 'dsv' for command environment
[0.711s] INFO:colcon.colcon_core.task.python.build:Building Python package in '/home/fusion/Downloads/FUSION_2024_Thormann_Landmarks/radar'
[0.711s] INFO:colcon.colcon_core.shell:Skip shell extension 'powershell' for command environment: Not usable outside of PowerShell
[0.711s] DEBUG:colcon.colcon_core.shell:Skip shell extension 'dsv' for command environment
[0.722s] DEBUG:colcon.colcon_core.event_handler.log_command:Invoking command in '/home/fusion/Downloads/FUSION_2024_Thormann_Landmarks/build/radar_interfaces': CMAKE_PREFIX_PATH=${CMAKE_PREFIX_PATH}:/home/fusion/turtlebot4_ws/install/radar:/home/fusion/turtlebot4_ws/install/df_example:/opt/ros/humble /usr/bin/cmake --build /home/fusion/Downloads/FUSION_2024_Thormann_Landmarks/build/radar_interfaces -- -j4 -l4
[1.184s] DEBUG:colcon.colcon_core.event_handler.log_command:Invoking command in '/home/fusion/Downloads/FUSION_2024_Thormann_Landmarks/radar': PYTHONPATH=/home/fusion/Downloads/FUSION_2024_Thormann_Landmarks/build/radar/prefix_override:/home/fusion/Downloads/FUSION_2024_Thormann_Landmarks/install/radar/lib/python3.10/site-packages:${PYTHONPATH} /usr/bin/python3 -W ignore:setup.py install is deprecated setup.py egg_info --egg-base ../build/radar build --build-base /home/fusion/Downloads/FUSION_2024_Thormann_Landmarks/build/radar/build install --record /home/fusion/Downloads/FUSION_2024_Thormann_Landmarks/build/radar/install.log --single-version-externally-managed install_data
[1.232s] DEBUG:colcon.colcon_core.event_handler.log_command:Invoked command in '/home/fusion/Downloads/FUSION_2024_Thormann_Landmarks/build/radar_interfaces' returned '0': CMAKE_PREFIX_PATH=${CMAKE_PREFIX_PATH}:/home/fusion/turtlebot4_ws/install/radar:/home/fusion/turtlebot4_ws/install/df_example:/opt/ros/humble /usr/bin/cmake --build /home/fusion/Downloads/FUSION_2024_Thormann_Landmarks/build/radar_interfaces -- -j4 -l4
[1.386s] DEBUG:colcon.colcon_core.event_handler.log_command:Invoking command in '/home/fusion/Downloads/FUSION_2024_Thormann_Landmarks/build/radar_interfaces': CMAKE_PREFIX_PATH=${CMAKE_PREFIX_PATH}:/home/fusion/turtlebot4_ws/install/radar:/home/fusion/turtlebot4_ws/install/df_example:/opt/ros/humble /usr/bin/cmake --install /home/fusion/Downloads/FUSION_2024_Thormann_Landmarks/build/radar_interfaces
[1.445s] Level 1:colcon.colcon_core.environment:create_environment_scripts_only(radar_interfaces)
[1.446s] DEBUG:colcon.colcon_core.event_handler.log_command:Invoked command in '/home/fusion/Downloads/FUSION_2024_Thormann_Landmarks/build/radar_interfaces' returned '0': CMAKE_PREFIX_PATH=${CMAKE_PREFIX_PATH}:/home/fusion/turtlebot4_ws/install/radar:/home/fusion/turtlebot4_ws/install/df_example:/opt/ros/humble /usr/bin/cmake --install /home/fusion/Downloads/FUSION_2024_Thormann_Landmarks/build/radar_interfaces
[1.449s] Level 1:colcon.colcon_core.environment:checking '/home/fusion/Downloads/FUSION_2024_Thormann_Landmarks/install/radar_interfaces' for CMake module files
[1.450s] Level 1:colcon.colcon_core.environment:checking '/home/fusion/Downloads/FUSION_2024_Thormann_Landmarks/install/radar_interfaces' for CMake config files
[1.450s] Level 1:colcon.colcon_core.shell:create_environment_hook('radar_interfaces', 'cmake_prefix_path')
[1.450s] INFO:colcon.colcon_core.shell:Creating environment hook '/home/fusion/Downloads/FUSION_2024_Thormann_Landmarks/install/radar_interfaces/share/radar_interfaces/hook/cmake_prefix_path.ps1'
[1.451s] INFO:colcon.colcon_core.shell:Creating environment descriptor '/home/fusion/Downloads/FUSION_2024_Thormann_Landmarks/install/radar_interfaces/share/radar_interfaces/hook/cmake_prefix_path.dsv'
[1.451s] INFO:colcon.colcon_core.shell:Creating environment hook '/home/fusion/Downloads/FUSION_2024_Thormann_Landmarks/install/radar_interfaces/share/radar_interfaces/hook/cmake_prefix_path.sh'
[1.452s] Level 1:colcon.colcon_core.environment:checking '/home/fusion/Downloads/FUSION_2024_Thormann_Landmarks/install/radar_interfaces/lib'
[1.452s] Level 1:colcon.colcon_core.shell:create_environment_hook('radar_interfaces', 'ld_library_path_lib')
[1.452s] INFO:colcon.colcon_core.shell:Creating environment hook '/home/fusion/Downloads/FUSION_2024_Thormann_Landmarks/install/radar_interfaces/share/radar_interfaces/hook/ld_library_path_lib.ps1'
[1.452s] INFO:colcon.colcon_core.shell:Creating environment descriptor '/home/fusion/Downloads/FUSION_2024_Thormann_Landmarks/install/radar_interfaces/share/radar_interfaces/hook/ld_library_path_lib.dsv'
[1.453s] INFO:colcon.colcon_core.shell:Creating environment hook '/home/fusion/Downloads/FUSION_2024_Thormann_Landmarks/install/radar_interfaces/share/radar_interfaces/hook/ld_library_path_lib.sh'
[1.453s] Level 1:colcon.colcon_core.environment:checking '/home/fusion/Downloads/FUSION_2024_Thormann_Landmarks/install/radar_interfaces/bin'
[1.453s] Level 1:colcon.colcon_core.environment:checking '/home/fusion/Downloads/FUSION_2024_Thormann_Landmarks/install/radar_interfaces/lib/pkgconfig/radar_interfaces.pc'
[1.453s] Level 1:colcon.colcon_core.environment:checking '/home/fusion/Downloads/FUSION_2024_Thormann_Landmarks/install/radar_interfaces/lib/python3.10/site-packages'
[1.454s] Level 1:colcon.colcon_core.environment:checking '/home/fusion/Downloads/FUSION_2024_Thormann_Landmarks/install/radar_interfaces/bin'
[1.454s] INFO:colcon.colcon_core.shell:Creating package script '/home/fusion/Downloads/FUSION_2024_Thormann_Landmarks/install/radar_interfaces/share/radar_interfaces/package.ps1'
[1.455s] INFO:colcon.colcon_core.shell:Creating package descriptor '/home/fusion/Downloads/FUSION_2024_Thormann_Landmarks/install/radar_interfaces/share/radar_interfaces/package.dsv'
[1.455s] INFO:colcon.colcon_core.shell:Creating package script '/home/fusion/Downloads/FUSION_2024_Thormann_Landmarks/install/radar_interfaces/share/radar_interfaces/package.sh'
[1.456s] INFO:colcon.colcon_core.shell:Creating package script '/home/fusion/Downloads/FUSION_2024_Thormann_Landmarks/install/radar_interfaces/share/radar_interfaces/package.bash'
[1.456s] INFO:colcon.colcon_core.shell:Creating package script '/home/fusion/Downloads/FUSION_2024_Thormann_Landmarks/install/radar_interfaces/share/radar_interfaces/package.zsh'
[1.457s] Level 1:colcon.colcon_core.environment:create_file_with_runtime_dependencies(/home/fusion/Downloads/FUSION_2024_Thormann_Landmarks/install/radar_interfaces/share/colcon-core/packages/radar_interfaces)
[1.565s] Level 1:colcon.colcon_core.environment:checking '/home/fusion/Downloads/FUSION_2024_Thormann_Landmarks/install/radar' for CMake module files
[1.565s] DEBUG:colcon.colcon_core.event_handler.log_command:Invoked command in '/home/fusion/Downloads/FUSION_2024_Thormann_Landmarks/radar' returned '0': PYTHONPATH=/home/fusion/Downloads/FUSION_2024_Thormann_Landmarks/build/radar/prefix_override:/home/fusion/Downloads/FUSION_2024_Thormann_Landmarks/install/radar/lib/python3.10/site-packages:${PYTHONPATH} /usr/bin/python3 -W ignore:setup.py install is deprecated setup.py egg_info --egg-base ../build/radar build --build-base /home/fusion/Downloads/FUSION_2024_Thormann_Landmarks/build/radar/build install --record /home/fusion/Downloads/FUSION_2024_Thormann_Landmarks/build/radar/install.log --single-version-externally-managed install_data
[1.566s] Level 1:colcon.colcon_core.environment:checking '/home/fusion/Downloads/FUSION_2024_Thormann_Landmarks/install/radar' for CMake config files
[1.567s] Level 1:colcon.colcon_core.environment:checking '/home/fusion/Downloads/FUSION_2024_Thormann_Landmarks/install/radar/lib'
[1.567s] Level 1:colcon.colcon_core.environment:checking '/home/fusion/Downloads/FUSION_2024_Thormann_Landmarks/install/radar/bin'
[1.567s] Level 1:colcon.colcon_core.environment:checking '/home/fusion/Downloads/FUSION_2024_Thormann_Landmarks/install/radar/lib/pkgconfig/radar.pc'
[1.567s] Level 1:colcon.colcon_core.environment:checking '/home/fusion/Downloads/FUSION_2024_Thormann_Landmarks/install/radar/lib/python3.10/site-packages'
[1.567s] Level 1:colcon.colcon_core.shell:create_environment_hook('radar', 'pythonpath')
[1.568s] INFO:colcon.colcon_core.shell:Creating environment hook '/home/fusion/Downloads/FUSION_2024_Thormann_Landmarks/install/radar/share/radar/hook/pythonpath.ps1'
[1.568s] INFO:colcon.colcon_core.shell:Creating environment descriptor '/home/fusion/Downloads/FUSION_2024_Thormann_Landmarks/install/radar/share/radar/hook/pythonpath.dsv'
[1.569s] INFO:colcon.colcon_core.shell:Creating environment hook '/home/fusion/Downloads/FUSION_2024_Thormann_Landmarks/install/radar/share/radar/hook/pythonpath.sh'
[1.569s] Level 1:colcon.colcon_core.environment:checking '/home/fusion/Downloads/FUSION_2024_Thormann_Landmarks/install/radar/bin'
[1.569s] Level 1:colcon.colcon_core.environment:create_environment_scripts_only(radar)
[1.570s] INFO:colcon.colcon_core.shell:Creating package script '/home/fusion/Downloads/FUSION_2024_Thormann_Landmarks/install/radar/share/radar/package.ps1'
[1.570s] INFO:colcon.colcon_core.shell:Creating package descriptor '/home/fusion/Downloads/FUSION_2024_Thormann_Landmarks/install/radar/share/radar/package.dsv'
[1.571s] INFO:colcon.colcon_core.shell:Creating package script '/home/fusion/Downloads/FUSION_2024_Thormann_Landmarks/install/radar/share/radar/package.sh'
[1.571s] INFO:colcon.colcon_core.shell:Creating package script '/home/fusion/Downloads/FUSION_2024_Thormann_Landmarks/install/radar/share/radar/package.bash'
[1.571s] INFO:colcon.colcon_core.shell:Creating package script '/home/fusion/Downloads/FUSION_2024_Thormann_Landmarks/install/radar/share/radar/package.zsh'
[1.572s] Level 1:colcon.colcon_core.environment:create_file_with_runtime_dependencies(/home/fusion/Downloads/FUSION_2024_Thormann_Landmarks/install/radar/share/colcon-core/packages/radar)
[1.590s] Level 1:colcon.colcon_core.environment:create_environment_scripts_only(radar_interfaces)
[1.590s] Level 1:colcon.colcon_core.environment:checking '/home/fusion/Downloads/FUSION_2024_Thormann_Landmarks/install/radar_interfaces' for CMake module files
[1.591s] Level 1:colcon.colcon_core.environment:checking '/home/fusion/Downloads/FUSION_2024_Thormann_Landmarks/install/radar_interfaces' for CMake config files
[1.591s] Level 1:colcon.colcon_core.shell:create_environment_hook('radar_interfaces', 'cmake_prefix_path')
[1.592s] INFO:colcon.colcon_core.shell:Creating environment hook '/home/fusion/Downloads/FUSION_2024_Thormann_Landmarks/install/radar_interfaces/share/radar_interfaces/hook/cmake_prefix_path.ps1'
[1.592s] INFO:colcon.colcon_core.shell:Creating environment descriptor '/home/fusion/Downloads/FUSION_2024_Thormann_Landmarks/install/radar_interfaces/share/radar_interfaces/hook/cmake_prefix_path.dsv'
[1.592s] INFO:colcon.colcon_core.shell:Creating environment hook '/home/fusion/Downloads/FUSION_2024_Thormann_Landmarks/install/radar_interfaces/share/radar_interfaces/hook/cmake_prefix_path.sh'
[1.593s] Level 1:colcon.colcon_core.environment:checking '/home/fusion/Downloads/FUSION_2024_Thormann_Landmarks/install/radar_interfaces/lib'
[1.593s] Level 1:colcon.colcon_core.shell:create_environment_hook('radar_interfaces', 'ld_library_path_lib')
[1.593s] INFO:colcon.colcon_core.shell:Creating environment hook '/home/fusion/Downloads/FUSION_2024_Thormann_Landmarks/install/radar_interfaces/share/radar_interfaces/hook/ld_library_path_lib.ps1'
[1.593s] INFO:colcon.colcon_core.shell:Creating environment descriptor '/home/fusion/Downloads/FUSION_2024_Thormann_Landmarks/install/radar_interfaces/share/radar_interfaces/hook/ld_library_path_lib.dsv'
[1.594s] INFO:colcon.colcon_core.shell:Creating environment hook '/home/fusion/Downloads/FUSION_2024_Thormann_Landmarks/install/radar_interfaces/share/radar_interfaces/hook/ld_library_path_lib.sh'
[1.594s] Level 1:colcon.colcon_core.environment:checking '/home/fusion/Downloads/FUSION_2024_Thormann_Landmarks/install/radar_interfaces/bin'
[1.594s] Level 1:colcon.colcon_core.environment:checking '/home/fusion/Downloads/FUSION_2024_Thormann_Landmarks/install/radar_interfaces/lib/pkgconfig/radar_interfaces.pc'
[1.594s] Level 1:colcon.colcon_core.environment:checking '/home/fusion/Downloads/FUSION_2024_Thormann_Landmarks/install/radar_interfaces/lib/python3.10/site-packages'
[1.595s] Level 1:colcon.colcon_core.environment:checking '/home/fusion/Downloads/FUSION_2024_Thormann_Landmarks/install/radar_interfaces/bin'
[1.595s] INFO:colcon.colcon_core.shell:Creating package script '/home/fusion/Downloads/FUSION_2024_Thormann_Landmarks/install/radar_interfaces/share/radar_interfaces/package.ps1'
[1.595s] INFO:colcon.colcon_core.shell:Creating package descriptor '/home/fusion/Downloads/FUSION_2024_Thormann_Landmarks/install/radar_interfaces/share/radar_interfaces/package.dsv'
[1.596s] INFO:colcon.colcon_core.shell:Creating package script '/home/fusion/Downloads/FUSION_2024_Thormann_Landmarks/install/radar_interfaces/share/radar_interfaces/package.sh'
[1.596s] INFO:colcon.colcon_core.shell:Creating package script '/home/fusion/Downloads/FUSION_2024_Thormann_Landmarks/install/radar_interfaces/share/radar_interfaces/package.bash'
[1.597s] INFO:colcon.colcon_core.shell:Creating package script '/home/fusion/Downloads/FUSION_2024_Thormann_Landmarks/install/radar_interfaces/share/radar_interfaces/package.zsh'
[1.597s] Level 1:colcon.colcon_core.environment:create_file_with_runtime_dependencies(/home/fusion/Downloads/FUSION_2024_Thormann_Landmarks/install/radar_interfaces/share/colcon-core/packages/radar_interfaces)
[1.597s] DEBUG:colcon.colcon_parallel_executor.executor.parallel:closing loop
[1.598s] DEBUG:colcon.colcon_parallel_executor.executor.parallel:loop closed
[1.599s] DEBUG:colcon.colcon_parallel_executor.executor.parallel:run_until_complete finished with '0'
[1.599s] DEBUG:colcon.colcon_core.event_reactor:joining thread
[1.606s] INFO:colcon.colcon_core.plugin_system:Skipping extension 'colcon_notification.desktop_notification.terminal_notifier': Not used on non-Darwin systems
[1.606s] INFO:colcon.colcon_core.plugin_system:Skipping extension 'colcon_notification.desktop_notification.win32': Not used on non-Windows systems
[1.606s] INFO:colcon.colcon_notification.desktop_notification:Sending desktop notification using 'notify2'
[1.618s] DEBUG:colcon.colcon_core.event_reactor:joined thread
[1.618s] INFO:colcon.colcon_core.shell:Creating prefix script '/home/fusion/Downloads/FUSION_2024_Thormann_Landmarks/install/local_setup.ps1'
[1.619s] INFO:colcon.colcon_core.shell:Creating prefix util module '/home/fusion/Downloads/FUSION_2024_Thormann_Landmarks/install/_local_setup_util_ps1.py'
[1.621s] INFO:colcon.colcon_core.shell:Creating prefix chain script '/home/fusion/Downloads/FUSION_2024_Thormann_Landmarks/install/setup.ps1'
[1.623s] INFO:colcon.colcon_core.shell:Creating prefix script '/home/fusion/Downloads/FUSION_2024_Thormann_Landmarks/install/local_setup.sh'
[1.624s] INFO:colcon.colcon_core.shell:Creating prefix util module '/home/fusion/Downloads/FUSION_2024_Thormann_Landmarks/install/_local_setup_util_sh.py'
[1.624s] INFO:colcon.colcon_core.shell:Creating prefix chain script '/home/fusion/Downloads/FUSION_2024_Thormann_Landmarks/install/setup.sh'
[1.625s] INFO:colcon.colcon_core.shell:Creating prefix script '/home/fusion/Downloads/FUSION_2024_Thormann_Landmarks/install/local_setup.bash'
[1.626s] INFO:colcon.colcon_core.shell:Creating prefix chain script '/home/fusion/Downloads/FUSION_2024_Thormann_Landmarks/install/setup.bash'
[1.627s] INFO:colcon.colcon_core.shell:Creating prefix script '/home/fusion/Downloads/FUSION_2024_Thormann_Landmarks/install/local_setup.zsh'
[1.627s] INFO:colcon.colcon_core.shell:Creating prefix chain script '/home/fusion/Downloads/FUSION_2024_Thormann_Landmarks/install/setup.zsh'
