[0.719s] Invoking command in '/home/fusion/Downloads/FUSION_2024_Thormann_Landmarks/radar': PYTHONPATH=/home/fusion/Downloads/FUSION_2024_Thormann_Landmarks/build/radar/prefix_override:/home/fusion/Downloads/FUSION_2024_Thormann_Landmarks/install/radar/lib/python3.10/site-packages:${PYTHONPATH} /usr/bin/python3 -W ignore:setup.py install is deprecated setup.py egg_info --egg-base ../build/radar build --build-base /home/fusion/Downloads/FUSION_2024_Thormann_Landmarks/build/radar/build install --record /home/fusion/Downloads/FUSION_2024_Thormann_Landmarks/build/radar/install.log --single-version-externally-managed install_data
[1.018s] running egg_info
[1.019s] writing ../build/radar/radar.egg-info/PKG-INFO
[1.019s] writing dependency_links to ../build/radar/radar.egg-info/dependency_links.txt
[1.019s] writing entry points to ../build/radar/radar.egg-info/entry_points.txt
[1.020s] writing requirements to ../build/radar/radar.egg-info/requires.txt
[1.020s] writing top-level names to ../build/radar/radar.egg-info/top_level.txt
[1.022s] reading manifest file '../build/radar/radar.egg-info/SOURCES.txt'
[1.024s] writing manifest file '../build/radar/radar.egg-info/SOURCES.txt'
[1.024s] running build
[1.024s] running build_py
[1.027s] running install
[1.027s] running install_lib
[1.030s] running install_data
[1.030s] copying package.xml -> /home/fusion/Downloads/FUSION_2024_Thormann_Landmarks/install/radar/share/radar
[1.031s] creating /home/fusion/Downloads/FUSION_2024_Thormann_Landmarks/install/radar/share/radar/launch
[1.031s] copying launch/launch_radar_visuals.xml -> /home/fusion/Downloads/FUSION_2024_Thormann_Landmarks/install/radar/share/radar/launch
[1.031s] copying launch/launch_localization_pipeline.xml -> /home/fusion/Downloads/FUSION_2024_Thormann_Landmarks/install/radar/share/radar/launch
[1.031s] copying launch/launch_sequence_estimator.xml -> /home/fusion/Downloads/FUSION_2024_Thormann_Landmarks/install/radar/share/radar/launch
[1.031s] creating /home/fusion/Downloads/FUSION_2024_Thormann_Landmarks/install/radar/share/radar/resources
[1.031s] copying resource/HeatmapLandmarkDetector/last.ckpt -> /home/fusion/Downloads/FUSION_2024_Thormann_Landmarks/install/radar/share/radar/resources
[1.109s] running install_egg_info
[1.111s] Copying ../build/radar/radar.egg-info to /home/fusion/Downloads/FUSION_2024_Thormann_Landmarks/install/radar/lib/python3.10/site-packages/radar-0.0.0-py3.10.egg-info
[1.113s] running install_scripts
[1.131s] Installing ground_truth_publisher script to /home/fusion/Downloads/FUSION_2024_Thormann_Landmarks/install/radar/lib/radar
[1.132s] Installing landmark_estimator script to /home/fusion/Downloads/FUSION_2024_Thormann_Landmarks/install/radar/lib/radar
[1.132s] Installing localizer script to /home/fusion/Downloads/FUSION_2024_Thormann_Landmarks/install/radar/lib/radar
[1.132s] Installing odometry_visualizer script to /home/fusion/Downloads/FUSION_2024_Thormann_Landmarks/install/radar/lib/radar
[1.132s] Installing radar_image_visualizer script to /home/fusion/Downloads/FUSION_2024_Thormann_Landmarks/install/radar/lib/radar
[1.133s] writing list of installed files to '/home/fusion/Downloads/FUSION_2024_Thormann_Landmarks/build/radar/install.log'
[1.162s] Invoked command in '/home/fusion/Downloads/FUSION_2024_Thormann_Landmarks/radar' returned '0': PYTHONPATH=/home/fusion/Downloads/FUSION_2024_Thormann_Landmarks/build/radar/prefix_override:/home/fusion/Downloads/FUSION_2024_Thormann_Landmarks/install/radar/lib/python3.10/site-packages:${PYTHONPATH} /usr/bin/python3 -W ignore:setup.py install is deprecated setup.py egg_info --egg-base ../build/radar build --build-base /home/fusion/Downloads/FUSION_2024_Thormann_Landmarks/build/radar/build install --record /home/fusion/Downloads/FUSION_2024_Thormann_Landmarks/build/radar/install.log --single-version-externally-managed install_data
