/home/fusion/Downloads/FUSION_2024_Thormann_Landmarks/install/radar/lib/python3.10/site-packages/radar/__init__.py
/home/fusion/Downloads/FUSION_2024_Thormann_Landmarks/install/radar/lib/python3.10/site-packages/radar/config/topics.py
/home/fusion/Downloads/FUSION_2024_Thormann_Landmarks/install/radar/lib/python3.10/site-packages/radar/config/constants.py
/home/fusion/Downloads/FUSION_2024_Thormann_Landmarks/install/radar/lib/python3.10/site-packages/radar/config/file_locations.py
/home/fusion/Downloads/FUSION_2024_Thormann_Landmarks/install/radar/lib/python3.10/site-packages/radar/config/__init__.py
/home/fusion/Downloads/FUSION_2024_Thormann_Landmarks/install/radar/lib/python3.10/site-packages/radar/config/radar_config.py
/home/fusion/Downloads/FUSION_2024_Thormann_Landmarks/install/radar/lib/python3.10/site-packages/radar/nodes/radar_image_visualizer_node.py
/home/fusion/Downloads/FUSION_2024_Thormann_Landmarks/install/radar/lib/python3.10/site-packages/radar/nodes/landmark_estimator_node.py
/home/fusion/Downloads/FUSION_2024_Thormann_Landmarks/install/radar/lib/python3.10/site-packages/radar/nodes/localizer_node.py
/home/fusion/Downloads/FUSION_2024_Thormann_Landmarks/install/radar/lib/python3.10/site-packages/radar/nodes/__init__.py
/home/fusion/Downloads/FUSION_2024_Thormann_Landmarks/install/radar/lib/python3.10/site-packages/radar/nodes/odometry_visualizer_node.py
/home/fusion/Downloads/FUSION_2024_Thormann_Landmarks/install/radar/lib/python3.10/site-packages/radar/algorithms/cnn_regression.py
/home/fusion/Downloads/FUSION_2024_Thormann_Landmarks/install/radar/lib/python3.10/site-packages/radar/algorithms/__init__.py
/home/fusion/Downloads/FUSION_2024_Thormann_Landmarks/install/radar/lib/python3.10/site-packages/radar/utilities/time_keeper.py
/home/fusion/Downloads/FUSION_2024_Thormann_Landmarks/install/radar/lib/python3.10/site-packages/radar/utilities/data_preprocessor.py
/home/fusion/Downloads/FUSION_2024_Thormann_Landmarks/install/radar/lib/python3.10/site-packages/radar/utilities/DBF.py
/home/fusion/Downloads/FUSION_2024_Thormann_Landmarks/install/radar/lib/python3.10/site-packages/radar/utilities/detection_utils.py
/home/fusion/Downloads/FUSION_2024_Thormann_Landmarks/install/radar/lib/python3.10/site-packages/radar/utilities/__init__.py
/home/fusion/Downloads/FUSION_2024_Thormann_Landmarks/install/radar/lib/python3.10/site-packages/radar/utilities/utils.py
/home/fusion/Downloads/FUSION_2024_Thormann_Landmarks/install/radar/lib/python3.10/site-packages/radar/scripts/create_odom_visuals_from_json.py
/home/fusion/Downloads/FUSION_2024_Thormann_Landmarks/install/radar/lib/python3.10/site-packages/radar/scripts/create_joint_odom_vis_from_json.py
/home/fusion/Downloads/FUSION_2024_Thormann_Landmarks/install/radar/lib/python3.10/site-packages/radar/scripts/functions.py
/home/fusion/Downloads/FUSION_2024_Thormann_Landmarks/install/radar/lib/python3.10/site-packages/radar/scripts/__init__.py
/home/fusion/Downloads/FUSION_2024_Thormann_Landmarks/install/radar/lib/python3.10/site-packages/radar/implementation/radar_image_visualizer.py
/home/fusion/Downloads/FUSION_2024_Thormann_Landmarks/install/radar/lib/python3.10/site-packages/radar/implementation/odometry_visualizer.py
/home/fusion/Downloads/FUSION_2024_Thormann_Landmarks/install/radar/lib/python3.10/site-packages/radar/implementation/pf_localizer.py
/home/fusion/Downloads/FUSION_2024_Thormann_Landmarks/install/radar/lib/python3.10/site-packages/radar/implementation/__init__.py
/home/fusion/Downloads/FUSION_2024_Thormann_Landmarks/install/radar/lib/python3.10/site-packages/radar/implementation/landmark_estimator.py
/home/fusion/Downloads/FUSION_2024_Thormann_Landmarks/install/radar/lib/python3.10/site-packages/radar/__pycache__/__init__.cpython-310.pyc
/home/fusion/Downloads/FUSION_2024_Thormann_Landmarks/install/radar/lib/python3.10/site-packages/radar/config/__pycache__/topics.cpython-310.pyc
/home/fusion/Downloads/FUSION_2024_Thormann_Landmarks/install/radar/lib/python3.10/site-packages/radar/config/__pycache__/constants.cpython-310.pyc
/home/fusion/Downloads/FUSION_2024_Thormann_Landmarks/install/radar/lib/python3.10/site-packages/radar/config/__pycache__/file_locations.cpython-310.pyc
/home/fusion/Downloads/FUSION_2024_Thormann_Landmarks/install/radar/lib/python3.10/site-packages/radar/config/__pycache__/__init__.cpython-310.pyc
/home/fusion/Downloads/FUSION_2024_Thormann_Landmarks/install/radar/lib/python3.10/site-packages/radar/config/__pycache__/radar_config.cpython-310.pyc
/home/fusion/Downloads/FUSION_2024_Thormann_Landmarks/install/radar/lib/python3.10/site-packages/radar/nodes/__pycache__/radar_image_visualizer_node.cpython-310.pyc
/home/fusion/Downloads/FUSION_2024_Thormann_Landmarks/install/radar/lib/python3.10/site-packages/radar/nodes/__pycache__/landmark_estimator_node.cpython-310.pyc
/home/fusion/Downloads/FUSION_2024_Thormann_Landmarks/install/radar/lib/python3.10/site-packages/radar/nodes/__pycache__/localizer_node.cpython-310.pyc
/home/fusion/Downloads/FUSION_2024_Thormann_Landmarks/install/radar/lib/python3.10/site-packages/radar/nodes/__pycache__/__init__.cpython-310.pyc
/home/fusion/Downloads/FUSION_2024_Thormann_Landmarks/install/radar/lib/python3.10/site-packages/radar/nodes/__pycache__/odometry_visualizer_node.cpython-310.pyc
/home/fusion/Downloads/FUSION_2024_Thormann_Landmarks/install/radar/lib/python3.10/site-packages/radar/algorithms/__pycache__/cnn_regression.cpython-310.pyc
/home/fusion/Downloads/FUSION_2024_Thormann_Landmarks/install/radar/lib/python3.10/site-packages/radar/algorithms/__pycache__/__init__.cpython-310.pyc
/home/fusion/Downloads/FUSION_2024_Thormann_Landmarks/install/radar/lib/python3.10/site-packages/radar/utilities/__pycache__/time_keeper.cpython-310.pyc
/home/fusion/Downloads/FUSION_2024_Thormann_Landmarks/install/radar/lib/python3.10/site-packages/radar/utilities/__pycache__/data_preprocessor.cpython-310.pyc
/home/fusion/Downloads/FUSION_2024_Thormann_Landmarks/install/radar/lib/python3.10/site-packages/radar/utilities/__pycache__/DBF.cpython-310.pyc
/home/fusion/Downloads/FUSION_2024_Thormann_Landmarks/install/radar/lib/python3.10/site-packages/radar/utilities/__pycache__/detection_utils.cpython-310.pyc
/home/fusion/Downloads/FUSION_2024_Thormann_Landmarks/install/radar/lib/python3.10/site-packages/radar/utilities/__pycache__/__init__.cpython-310.pyc
/home/fusion/Downloads/FUSION_2024_Thormann_Landmarks/install/radar/lib/python3.10/site-packages/radar/utilities/__pycache__/utils.cpython-310.pyc
/home/fusion/Downloads/FUSION_2024_Thormann_Landmarks/install/radar/lib/python3.10/site-packages/radar/scripts/__pycache__/create_odom_visuals_from_json.cpython-310.pyc
/home/fusion/Downloads/FUSION_2024_Thormann_Landmarks/install/radar/lib/python3.10/site-packages/radar/scripts/__pycache__/create_joint_odom_vis_from_json.cpython-310.pyc
/home/fusion/Downloads/FUSION_2024_Thormann_Landmarks/install/radar/lib/python3.10/site-packages/radar/scripts/__pycache__/functions.cpython-310.pyc
/home/fusion/Downloads/FUSION_2024_Thormann_Landmarks/install/radar/lib/python3.10/site-packages/radar/scripts/__pycache__/__init__.cpython-310.pyc
/home/fusion/Downloads/FUSION_2024_Thormann_Landmarks/install/radar/lib/python3.10/site-packages/radar/implementation/__pycache__/radar_image_visualizer.cpython-310.pyc
/home/fusion/Downloads/FUSION_2024_Thormann_Landmarks/install/radar/lib/python3.10/site-packages/radar/implementation/__pycache__/odometry_visualizer.cpython-310.pyc
/home/fusion/Downloads/FUSION_2024_Thormann_Landmarks/install/radar/lib/python3.10/site-packages/radar/implementation/__pycache__/pf_localizer.cpython-310.pyc
/home/fusion/Downloads/FUSION_2024_Thormann_Landmarks/install/radar/lib/python3.10/site-packages/radar/implementation/__pycache__/__init__.cpython-310.pyc
/home/fusion/Downloads/FUSION_2024_Thormann_Landmarks/install/radar/lib/python3.10/site-packages/radar/implementation/__pycache__/landmark_estimator.cpython-310.pyc
/home/fusion/Downloads/FUSION_2024_Thormann_Landmarks/install/radar/share/ament_index/resource_index/packages/radar
/home/fusion/Downloads/FUSION_2024_Thormann_Landmarks/install/radar/share/radar/package.xml
/home/fusion/Downloads/FUSION_2024_Thormann_Landmarks/install/radar/share/radar/launch/launch_radar_visuals.xml
/home/fusion/Downloads/FUSION_2024_Thormann_Landmarks/install/radar/share/radar/launch/launch_localization_pipeline.xml
/home/fusion/Downloads/FUSION_2024_Thormann_Landmarks/install/radar/share/radar/resources/last.ckpt
/home/fusion/Downloads/FUSION_2024_Thormann_Landmarks/install/radar/lib/python3.10/site-packages/radar-0.0.0-py3.10.egg-info/dependency_links.txt
/home/fusion/Downloads/FUSION_2024_Thormann_Landmarks/install/radar/lib/python3.10/site-packages/radar-0.0.0-py3.10.egg-info/entry_points.txt
/home/fusion/Downloads/FUSION_2024_Thormann_Landmarks/install/radar/lib/python3.10/site-packages/radar-0.0.0-py3.10.egg-info/top_level.txt
/home/fusion/Downloads/FUSION_2024_Thormann_Landmarks/install/radar/lib/python3.10/site-packages/radar-0.0.0-py3.10.egg-info/PKG-INFO
/home/fusion/Downloads/FUSION_2024_Thormann_Landmarks/install/radar/lib/python3.10/site-packages/radar-0.0.0-py3.10.egg-info/zip-safe
/home/fusion/Downloads/FUSION_2024_Thormann_Landmarks/install/radar/lib/python3.10/site-packages/radar-0.0.0-py3.10.egg-info/SOURCES.txt
/home/fusion/Downloads/FUSION_2024_Thormann_Landmarks/install/radar/lib/python3.10/site-packages/radar-0.0.0-py3.10.egg-info/requires.txt
/home/fusion/Downloads/FUSION_2024_Thormann_Landmarks/install/radar/lib/radar/landmark_estimator
/home/fusion/Downloads/FUSION_2024_Thormann_Landmarks/install/radar/lib/radar/localizer
/home/fusion/Downloads/FUSION_2024_Thormann_Landmarks/install/radar/lib/radar/odometry_visualizer
/home/fusion/Downloads/FUSION_2024_Thormann_Landmarks/install/radar/lib/radar/radar_image_visualizer
