[0.117s] DEBUG:colcon:Command line arguments: ['/usr/bin/colcon', 'build']
[0.117s] DEBUG:colcon:Parsed command line arguments: Namespace(log_base=None, log_level=None, verb_name='build', build_base='build', install_base='install', merge_install=False, symlink_install=False, test_result_base=None, continue_on_error=False, executor='parallel', parallel_workers=4, event_handlers=None, ignore_user_meta=False, metas=['./colcon.meta'], base_paths=['.'], packages_ignore=None, packages_ignore_regex=None, paths=None, packages_up_to=None, packages_up_to_regex=None, packages_above=None, packages_above_and_dependencies=None, packages_above_depth=None, packages_select_by_dep=None, packages_skip_by_dep=None, packages_skip_up_to=None, packages_select_build_failed=False, packages_skip_build_finished=False, packages_select_test_failures=False, packages_skip_test_passed=False, packages_select=None, packages_skip=None, packages_select_regex=None, packages_skip_regex=None, packages_start=None, packages_end=None, allow_overriding=[], cmake_args=None, cmake_target=None, cmake_target_skip_unavailable=False, cmake_clean_cache=False, cmake_clean_first=False, cmake_force_configure=False, ament_cmake_args=None, catkin_cmake_args=None, catkin_skip_building_tests=False, mixin_files=None, mixin=None, verb_parser=<colcon_mixin.mixin.mixin_argument.MixinArgumentDecorator object at 0x79d0b663ead0>, verb_extension=<colcon_core.verb.build.BuildVerb object at 0x79d0b663ffa0>, main=<bound method BuildVerb.main of <colcon_core.verb.build.BuildVerb object at 0x79d0b663ffa0>>, mixin_verb=('build',))
[0.306s] Level 1:colcon.colcon_core.package_discovery:discover_packages(colcon_meta) check parameters
[0.307s] Level 1:colcon.colcon_core.package_discovery:discover_packages(recursive) check parameters
[0.307s] Level 1:colcon.colcon_core.package_discovery:discover_packages(ignore) check parameters
[0.307s] Level 1:colcon.colcon_core.package_discovery:discover_packages(path) check parameters
[0.307s] Level 1:colcon.colcon_core.package_discovery:discover_packages(colcon_meta) discover
[0.307s] Level 1:colcon.colcon_core.package_discovery:discover_packages(recursive) discover
[0.307s] INFO:colcon.colcon_core.package_discovery:Crawling recursively for packages in '/home/fusion/Downloads/FUSION_2024_Thormann_Landmarks'
[0.307s] Level 1:colcon.colcon_core.package_identification:_identify(.) by extensions ['ignore', 'ignore_ament_install']
[0.307s] Level 1:colcon.colcon_core.package_identification:_identify(.) by extension 'ignore'
[0.307s] Level 1:colcon.colcon_core.package_identification:_identify(.) by extension 'ignore_ament_install'
[0.307s] Level 1:colcon.colcon_core.package_identification:_identify(.) by extensions ['colcon_pkg']
[0.307s] Level 1:colcon.colcon_core.package_identification:_identify(.) by extension 'colcon_pkg'
[0.307s] Level 1:colcon.colcon_core.package_identification:_identify(.) by extensions ['colcon_meta']
[0.307s] Level 1:colcon.colcon_core.package_identification:_identify(.) by extension 'colcon_meta'
[0.307s] Level 1:colcon.colcon_core.package_identification:_identify(.) by extensions ['ros']
[0.307s] Level 1:colcon.colcon_core.package_identification:_identify(.) by extension 'ros'
[0.326s] Level 1:colcon.colcon_core.package_identification:_identify(.) by extensions ['cmake', 'python']
[0.326s] Level 1:colcon.colcon_core.package_identification:_identify(.) by extension 'cmake'
[0.327s] Level 1:colcon.colcon_core.package_identification:_identify(.) by extension 'python'
[0.327s] Level 1:colcon.colcon_core.package_identification:_identify(.) by extensions ['python_setup_py']
[0.327s] Level 1:colcon.colcon_core.package_identification:_identify(.) by extension 'python_setup_py'
[0.327s] Level 1:colcon.colcon_core.package_identification:_identify(build) by extensions ['ignore', 'ignore_ament_install']
[0.327s] Level 1:colcon.colcon_core.package_identification:_identify(build) by extension 'ignore'
[0.327s] Level 1:colcon.colcon_core.package_identification:_identify(build) ignored
[0.327s] Level 1:colcon.colcon_core.package_identification:_identify(data) by extensions ['ignore', 'ignore_ament_install']
[0.327s] Level 1:colcon.colcon_core.package_identification:_identify(data) by extension 'ignore'
[0.327s] Level 1:colcon.colcon_core.package_identification:_identify(data) by extension 'ignore_ament_install'
[0.327s] Level 1:colcon.colcon_core.package_identification:_identify(data) by extensions ['colcon_pkg']
[0.327s] Level 1:colcon.colcon_core.package_identification:_identify(data) by extension 'colcon_pkg'
[0.327s] Level 1:colcon.colcon_core.package_identification:_identify(data) by extensions ['colcon_meta']
[0.327s] Level 1:colcon.colcon_core.package_identification:_identify(data) by extension 'colcon_meta'
[0.328s] Level 1:colcon.colcon_core.package_identification:_identify(data) by extensions ['ros']
[0.328s] Level 1:colcon.colcon_core.package_identification:_identify(data) by extension 'ros'
[0.328s] Level 1:colcon.colcon_core.package_identification:_identify(data) by extensions ['cmake', 'python']
[0.328s] Level 1:colcon.colcon_core.package_identification:_identify(data) by extension 'cmake'
[0.328s] Level 1:colcon.colcon_core.package_identification:_identify(data) by extension 'python'
[0.328s] Level 1:colcon.colcon_core.package_identification:_identify(data) by extensions ['python_setup_py']
[0.328s] Level 1:colcon.colcon_core.package_identification:_identify(data) by extension 'python_setup_py'
[0.328s] Level 1:colcon.colcon_core.package_identification:_identify(data/fusion_sequences) by extensions ['ignore', 'ignore_ament_install']
[0.328s] Level 1:colcon.colcon_core.package_identification:_identify(data/fusion_sequences) by extension 'ignore'
[0.328s] Level 1:colcon.colcon_core.package_identification:_identify(data/fusion_sequences) by extension 'ignore_ament_install'
[0.328s] Level 1:colcon.colcon_core.package_identification:_identify(data/fusion_sequences) by extensions ['colcon_pkg']
[0.328s] Level 1:colcon.colcon_core.package_identification:_identify(data/fusion_sequences) by extension 'colcon_pkg'
[0.328s] Level 1:colcon.colcon_core.package_identification:_identify(data/fusion_sequences) by extensions ['colcon_meta']
[0.328s] Level 1:colcon.colcon_core.package_identification:_identify(data/fusion_sequences) by extension 'colcon_meta'
[0.328s] Level 1:colcon.colcon_core.package_identification:_identify(data/fusion_sequences) by extensions ['ros']
[0.328s] Level 1:colcon.colcon_core.package_identification:_identify(data/fusion_sequences) by extension 'ros'
[0.329s] Level 1:colcon.colcon_core.package_identification:_identify(data/fusion_sequences) by extensions ['cmake', 'python']
[0.329s] Level 1:colcon.colcon_core.package_identification:_identify(data/fusion_sequences) by extension 'cmake'
[0.329s] Level 1:colcon.colcon_core.package_identification:_identify(data/fusion_sequences) by extension 'python'
[0.329s] Level 1:colcon.colcon_core.package_identification:_identify(data/fusion_sequences) by extensions ['python_setup_py']
[0.329s] Level 1:colcon.colcon_core.package_identification:_identify(data/fusion_sequences) by extension 'python_setup_py'
[0.329s] Level 1:colcon.colcon_core.package_identification:_identify(data/fusion_sequences/seq1_linear) by extensions ['ignore', 'ignore_ament_install']
[0.329s] Level 1:colcon.colcon_core.package_identification:_identify(data/fusion_sequences/seq1_linear) by extension 'ignore'
[0.329s] Level 1:colcon.colcon_core.package_identification:_identify(data/fusion_sequences/seq1_linear) by extension 'ignore_ament_install'
[0.329s] Level 1:colcon.colcon_core.package_identification:_identify(data/fusion_sequences/seq1_linear) by extensions ['colcon_pkg']
[0.329s] Level 1:colcon.colcon_core.package_identification:_identify(data/fusion_sequences/seq1_linear) by extension 'colcon_pkg'
[0.329s] Level 1:colcon.colcon_core.package_identification:_identify(data/fusion_sequences/seq1_linear) by extensions ['colcon_meta']
[0.329s] Level 1:colcon.colcon_core.package_identification:_identify(data/fusion_sequences/seq1_linear) by extension 'colcon_meta'
[0.329s] Level 1:colcon.colcon_core.package_identification:_identify(data/fusion_sequences/seq1_linear) by extensions ['ros']
[0.329s] Level 1:colcon.colcon_core.package_identification:_identify(data/fusion_sequences/seq1_linear) by extension 'ros'
[0.329s] Level 1:colcon.colcon_core.package_identification:_identify(data/fusion_sequences/seq1_linear) by extensions ['cmake', 'python']
[0.330s] Level 1:colcon.colcon_core.package_identification:_identify(data/fusion_sequences/seq1_linear) by extension 'cmake'
[0.330s] Level 1:colcon.colcon_core.package_identification:_identify(data/fusion_sequences/seq1_linear) by extension 'python'
[0.330s] Level 1:colcon.colcon_core.package_identification:_identify(data/fusion_sequences/seq1_linear) by extensions ['python_setup_py']
[0.330s] Level 1:colcon.colcon_core.package_identification:_identify(data/fusion_sequences/seq1_linear) by extension 'python_setup_py'
[0.330s] Level 1:colcon.colcon_core.package_identification:_identify(data/fusion_sequences/seq1_linear/rosbag2_2024_02_07-15_47_40) by extensions ['ignore', 'ignore_ament_install']
[0.330s] Level 1:colcon.colcon_core.package_identification:_identify(data/fusion_sequences/seq1_linear/rosbag2_2024_02_07-15_47_40) by extension 'ignore'
[0.330s] Level 1:colcon.colcon_core.package_identification:_identify(data/fusion_sequences/seq1_linear/rosbag2_2024_02_07-15_47_40) by extension 'ignore_ament_install'
[0.330s] Level 1:colcon.colcon_core.package_identification:_identify(data/fusion_sequences/seq1_linear/rosbag2_2024_02_07-15_47_40) by extensions ['colcon_pkg']
[0.330s] Level 1:colcon.colcon_core.package_identification:_identify(data/fusion_sequences/seq1_linear/rosbag2_2024_02_07-15_47_40) by extension 'colcon_pkg'
[0.330s] Level 1:colcon.colcon_core.package_identification:_identify(data/fusion_sequences/seq1_linear/rosbag2_2024_02_07-15_47_40) by extensions ['colcon_meta']
[0.330s] Level 1:colcon.colcon_core.package_identification:_identify(data/fusion_sequences/seq1_linear/rosbag2_2024_02_07-15_47_40) by extension 'colcon_meta'
[0.330s] Level 1:colcon.colcon_core.package_identification:_identify(data/fusion_sequences/seq1_linear/rosbag2_2024_02_07-15_47_40) by extensions ['ros']
[0.330s] Level 1:colcon.colcon_core.package_identification:_identify(data/fusion_sequences/seq1_linear/rosbag2_2024_02_07-15_47_40) by extension 'ros'
[0.330s] Level 1:colcon.colcon_core.package_identification:_identify(data/fusion_sequences/seq1_linear/rosbag2_2024_02_07-15_47_40) by extensions ['cmake', 'python']
[0.330s] Level 1:colcon.colcon_core.package_identification:_identify(data/fusion_sequences/seq1_linear/rosbag2_2024_02_07-15_47_40) by extension 'cmake'
[0.331s] Level 1:colcon.colcon_core.package_identification:_identify(data/fusion_sequences/seq1_linear/rosbag2_2024_02_07-15_47_40) by extension 'python'
[0.331s] Level 1:colcon.colcon_core.package_identification:_identify(data/fusion_sequences/seq1_linear/rosbag2_2024_02_07-15_47_40) by extensions ['python_setup_py']
[0.331s] Level 1:colcon.colcon_core.package_identification:_identify(data/fusion_sequences/seq1_linear/rosbag2_2024_02_07-15_47_40) by extension 'python_setup_py'
[0.331s] Level 1:colcon.colcon_core.package_identification:_identify(data/fusion_sequences/seq2_curves) by extensions ['ignore', 'ignore_ament_install']
[0.331s] Level 1:colcon.colcon_core.package_identification:_identify(data/fusion_sequences/seq2_curves) by extension 'ignore'
[0.331s] Level 1:colcon.colcon_core.package_identification:_identify(data/fusion_sequences/seq2_curves) by extension 'ignore_ament_install'
[0.331s] Level 1:colcon.colcon_core.package_identification:_identify(data/fusion_sequences/seq2_curves) by extensions ['colcon_pkg']
[0.331s] Level 1:colcon.colcon_core.package_identification:_identify(data/fusion_sequences/seq2_curves) by extension 'colcon_pkg'
[0.331s] Level 1:colcon.colcon_core.package_identification:_identify(data/fusion_sequences/seq2_curves) by extensions ['colcon_meta']
[0.331s] Level 1:colcon.colcon_core.package_identification:_identify(data/fusion_sequences/seq2_curves) by extension 'colcon_meta'
[0.331s] Level 1:colcon.colcon_core.package_identification:_identify(data/fusion_sequences/seq2_curves) by extensions ['ros']
[0.331s] Level 1:colcon.colcon_core.package_identification:_identify(data/fusion_sequences/seq2_curves) by extension 'ros'
[0.331s] Level 1:colcon.colcon_core.package_identification:_identify(data/fusion_sequences/seq2_curves) by extensions ['cmake', 'python']
[0.331s] Level 1:colcon.colcon_core.package_identification:_identify(data/fusion_sequences/seq2_curves) by extension 'cmake'
[0.331s] Level 1:colcon.colcon_core.package_identification:_identify(data/fusion_sequences/seq2_curves) by extension 'python'
[0.331s] Level 1:colcon.colcon_core.package_identification:_identify(data/fusion_sequences/seq2_curves) by extensions ['python_setup_py']
[0.332s] Level 1:colcon.colcon_core.package_identification:_identify(data/fusion_sequences/seq2_curves) by extension 'python_setup_py'
[0.332s] Level 1:colcon.colcon_core.package_identification:_identify(data/fusion_sequences/seq2_curves/rosbag2_2024_02_07-15_53_25) by extensions ['ignore', 'ignore_ament_install']
[0.332s] Level 1:colcon.colcon_core.package_identification:_identify(data/fusion_sequences/seq2_curves/rosbag2_2024_02_07-15_53_25) by extension 'ignore'
[0.332s] Level 1:colcon.colcon_core.package_identification:_identify(data/fusion_sequences/seq2_curves/rosbag2_2024_02_07-15_53_25) by extension 'ignore_ament_install'
[0.332s] Level 1:colcon.colcon_core.package_identification:_identify(data/fusion_sequences/seq2_curves/rosbag2_2024_02_07-15_53_25) by extensions ['colcon_pkg']
[0.332s] Level 1:colcon.colcon_core.package_identification:_identify(data/fusion_sequences/seq2_curves/rosbag2_2024_02_07-15_53_25) by extension 'colcon_pkg'
[0.332s] Level 1:colcon.colcon_core.package_identification:_identify(data/fusion_sequences/seq2_curves/rosbag2_2024_02_07-15_53_25) by extensions ['colcon_meta']
[0.332s] Level 1:colcon.colcon_core.package_identification:_identify(data/fusion_sequences/seq2_curves/rosbag2_2024_02_07-15_53_25) by extension 'colcon_meta'
[0.332s] Level 1:colcon.colcon_core.package_identification:_identify(data/fusion_sequences/seq2_curves/rosbag2_2024_02_07-15_53_25) by extensions ['ros']
[0.332s] Level 1:colcon.colcon_core.package_identification:_identify(data/fusion_sequences/seq2_curves/rosbag2_2024_02_07-15_53_25) by extension 'ros'
[0.332s] Level 1:colcon.colcon_core.package_identification:_identify(data/fusion_sequences/seq2_curves/rosbag2_2024_02_07-15_53_25) by extensions ['cmake', 'python']
[0.332s] Level 1:colcon.colcon_core.package_identification:_identify(data/fusion_sequences/seq2_curves/rosbag2_2024_02_07-15_53_25) by extension 'cmake'
[0.332s] Level 1:colcon.colcon_core.package_identification:_identify(data/fusion_sequences/seq2_curves/rosbag2_2024_02_07-15_53_25) by extension 'python'
[0.332s] Level 1:colcon.colcon_core.package_identification:_identify(data/fusion_sequences/seq2_curves/rosbag2_2024_02_07-15_53_25) by extensions ['python_setup_py']
[0.332s] Level 1:colcon.colcon_core.package_identification:_identify(data/fusion_sequences/seq2_curves/rosbag2_2024_02_07-15_53_25) by extension 'python_setup_py'
[0.333s] Level 1:colcon.colcon_core.package_identification:_identify(data/fusion_sequences/seq3_slalom) by extensions ['ignore', 'ignore_ament_install']
[0.333s] Level 1:colcon.colcon_core.package_identification:_identify(data/fusion_sequences/seq3_slalom) by extension 'ignore'
[0.333s] Level 1:colcon.colcon_core.package_identification:_identify(data/fusion_sequences/seq3_slalom) by extension 'ignore_ament_install'
[0.333s] Level 1:colcon.colcon_core.package_identification:_identify(data/fusion_sequences/seq3_slalom) by extensions ['colcon_pkg']
[0.333s] Level 1:colcon.colcon_core.package_identification:_identify(data/fusion_sequences/seq3_slalom) by extension 'colcon_pkg'
[0.333s] Level 1:colcon.colcon_core.package_identification:_identify(data/fusion_sequences/seq3_slalom) by extensions ['colcon_meta']
[0.333s] Level 1:colcon.colcon_core.package_identification:_identify(data/fusion_sequences/seq3_slalom) by extension 'colcon_meta'
[0.333s] Level 1:colcon.colcon_core.package_identification:_identify(data/fusion_sequences/seq3_slalom) by extensions ['ros']
[0.333s] Level 1:colcon.colcon_core.package_identification:_identify(data/fusion_sequences/seq3_slalom) by extension 'ros'
[0.333s] Level 1:colcon.colcon_core.package_identification:_identify(data/fusion_sequences/seq3_slalom) by extensions ['cmake', 'python']
[0.333s] Level 1:colcon.colcon_core.package_identification:_identify(data/fusion_sequences/seq3_slalom) by extension 'cmake'
[0.333s] Level 1:colcon.colcon_core.package_identification:_identify(data/fusion_sequences/seq3_slalom) by extension 'python'
[0.333s] Level 1:colcon.colcon_core.package_identification:_identify(data/fusion_sequences/seq3_slalom) by extensions ['python_setup_py']
[0.333s] Level 1:colcon.colcon_core.package_identification:_identify(data/fusion_sequences/seq3_slalom) by extension 'python_setup_py'
[0.333s] Level 1:colcon.colcon_core.package_identification:_identify(data/fusion_sequences/seq3_slalom/rosbag2_2024_02_07-15_58_22) by extensions ['ignore', 'ignore_ament_install']
[0.334s] Level 1:colcon.colcon_core.package_identification:_identify(data/fusion_sequences/seq3_slalom/rosbag2_2024_02_07-15_58_22) by extension 'ignore'
[0.334s] Level 1:colcon.colcon_core.package_identification:_identify(data/fusion_sequences/seq3_slalom/rosbag2_2024_02_07-15_58_22) by extension 'ignore_ament_install'
[0.334s] Level 1:colcon.colcon_core.package_identification:_identify(data/fusion_sequences/seq3_slalom/rosbag2_2024_02_07-15_58_22) by extensions ['colcon_pkg']
[0.334s] Level 1:colcon.colcon_core.package_identification:_identify(data/fusion_sequences/seq3_slalom/rosbag2_2024_02_07-15_58_22) by extension 'colcon_pkg'
[0.334s] Level 1:colcon.colcon_core.package_identification:_identify(data/fusion_sequences/seq3_slalom/rosbag2_2024_02_07-15_58_22) by extensions ['colcon_meta']
[0.334s] Level 1:colcon.colcon_core.package_identification:_identify(data/fusion_sequences/seq3_slalom/rosbag2_2024_02_07-15_58_22) by extension 'colcon_meta'
[0.334s] Level 1:colcon.colcon_core.package_identification:_identify(data/fusion_sequences/seq3_slalom/rosbag2_2024_02_07-15_58_22) by extensions ['ros']
[0.334s] Level 1:colcon.colcon_core.package_identification:_identify(data/fusion_sequences/seq3_slalom/rosbag2_2024_02_07-15_58_22) by extension 'ros'
[0.334s] Level 1:colcon.colcon_core.package_identification:_identify(data/fusion_sequences/seq3_slalom/rosbag2_2024_02_07-15_58_22) by extensions ['cmake', 'python']
[0.334s] Level 1:colcon.colcon_core.package_identification:_identify(data/fusion_sequences/seq3_slalom/rosbag2_2024_02_07-15_58_22) by extension 'cmake'
[0.334s] Level 1:colcon.colcon_core.package_identification:_identify(data/fusion_sequences/seq3_slalom/rosbag2_2024_02_07-15_58_22) by extension 'python'
[0.334s] Level 1:colcon.colcon_core.package_identification:_identify(data/fusion_sequences/seq3_slalom/rosbag2_2024_02_07-15_58_22) by extensions ['python_setup_py']
[0.334s] Level 1:colcon.colcon_core.package_identification:_identify(data/fusion_sequences/seq3_slalom/rosbag2_2024_02_07-15_58_22) by extension 'python_setup_py'
[0.335s] Level 1:colcon.colcon_core.package_identification:_identify(data/fusion_training) by extensions ['ignore', 'ignore_ament_install']
[0.335s] Level 1:colcon.colcon_core.package_identification:_identify(data/fusion_training) by extension 'ignore'
[0.335s] Level 1:colcon.colcon_core.package_identification:_identify(data/fusion_training) by extension 'ignore_ament_install'
[0.335s] Level 1:colcon.colcon_core.package_identification:_identify(data/fusion_training) by extensions ['colcon_pkg']
[0.335s] Level 1:colcon.colcon_core.package_identification:_identify(data/fusion_training) by extension 'colcon_pkg'
[0.335s] Level 1:colcon.colcon_core.package_identification:_identify(data/fusion_training) by extensions ['colcon_meta']
[0.335s] Level 1:colcon.colcon_core.package_identification:_identify(data/fusion_training) by extension 'colcon_meta'
[0.335s] Level 1:colcon.colcon_core.package_identification:_identify(data/fusion_training) by extensions ['ros']
[0.335s] Level 1:colcon.colcon_core.package_identification:_identify(data/fusion_training) by extension 'ros'
[0.335s] Level 1:colcon.colcon_core.package_identification:_identify(data/fusion_training) by extensions ['cmake', 'python']
[0.336s] Level 1:colcon.colcon_core.package_identification:_identify(data/fusion_training) by extension 'cmake'
[0.336s] Level 1:colcon.colcon_core.package_identification:_identify(data/fusion_training) by extension 'python'
[0.336s] Level 1:colcon.colcon_core.package_identification:_identify(data/fusion_training) by extensions ['python_setup_py']
[0.336s] Level 1:colcon.colcon_core.package_identification:_identify(data/fusion_training) by extension 'python_setup_py'
[0.336s] Level 1:colcon.colcon_core.package_identification:_identify(data/fusion_validation) by extensions ['ignore', 'ignore_ament_install']
[0.336s] Level 1:colcon.colcon_core.package_identification:_identify(data/fusion_validation) by extension 'ignore'
[0.336s] Level 1:colcon.colcon_core.package_identification:_identify(data/fusion_validation) by extension 'ignore_ament_install'
[0.336s] Level 1:colcon.colcon_core.package_identification:_identify(data/fusion_validation) by extensions ['colcon_pkg']
[0.336s] Level 1:colcon.colcon_core.package_identification:_identify(data/fusion_validation) by extension 'colcon_pkg'
[0.337s] Level 1:colcon.colcon_core.package_identification:_identify(data/fusion_validation) by extensions ['colcon_meta']
[0.337s] Level 1:colcon.colcon_core.package_identification:_identify(data/fusion_validation) by extension 'colcon_meta'
[0.337s] Level 1:colcon.colcon_core.package_identification:_identify(data/fusion_validation) by extensions ['ros']
[0.337s] Level 1:colcon.colcon_core.package_identification:_identify(data/fusion_validation) by extension 'ros'
[0.337s] Level 1:colcon.colcon_core.package_identification:_identify(data/fusion_validation) by extensions ['cmake', 'python']
[0.337s] Level 1:colcon.colcon_core.package_identification:_identify(data/fusion_validation) by extension 'cmake'
[0.337s] Level 1:colcon.colcon_core.package_identification:_identify(data/fusion_validation) by extension 'python'
[0.337s] Level 1:colcon.colcon_core.package_identification:_identify(data/fusion_validation) by extensions ['python_setup_py']
[0.337s] Level 1:colcon.colcon_core.package_identification:_identify(data/fusion_validation) by extension 'python_setup_py'
[0.337s] Level 1:colcon.colcon_core.package_identification:_identify(install) by extensions ['ignore', 'ignore_ament_install']
[0.337s] Level 1:colcon.colcon_core.package_identification:_identify(install) by extension 'ignore'
[0.337s] Level 1:colcon.colcon_core.package_identification:_identify(install) ignored
[0.337s] Level 1:colcon.colcon_core.package_identification:_identify(log) by extensions ['ignore', 'ignore_ament_install']
[0.337s] Level 1:colcon.colcon_core.package_identification:_identify(log) by extension 'ignore'
[0.338s] Level 1:colcon.colcon_core.package_identification:_identify(log) ignored
[0.338s] Level 1:colcon.colcon_core.package_identification:_identify(radar) by extensions ['ignore', 'ignore_ament_install']
[0.338s] Level 1:colcon.colcon_core.package_identification:_identify(radar) by extension 'ignore'
[0.338s] Level 1:colcon.colcon_core.package_identification:_identify(radar) by extension 'ignore_ament_install'
[0.338s] Level 1:colcon.colcon_core.package_identification:_identify(radar) by extensions ['colcon_pkg']
[0.338s] Level 1:colcon.colcon_core.package_identification:_identify(radar) by extension 'colcon_pkg'
[0.338s] Level 1:colcon.colcon_core.package_identification:_identify(radar) by extensions ['colcon_meta']
[0.338s] Level 1:colcon.colcon_core.package_identification:_identify(radar) by extension 'colcon_meta'
[0.338s] Level 1:colcon.colcon_core.package_identification:_identify(radar) by extensions ['ros']
[0.338s] Level 1:colcon.colcon_core.package_identification:_identify(radar) by extension 'ros'
[0.341s] DEBUG:colcon.colcon_core.package_identification:Package 'radar' with type 'ros.ament_python' and name 'radar'
[0.341s] Level 1:colcon.colcon_core.package_identification:_identify(radar_interfaces) by extensions ['ignore', 'ignore_ament_install']
[0.341s] Level 1:colcon.colcon_core.package_identification:_identify(radar_interfaces) by extension 'ignore'
[0.341s] Level 1:colcon.colcon_core.package_identification:_identify(radar_interfaces) by extension 'ignore_ament_install'
[0.341s] Level 1:colcon.colcon_core.package_identification:_identify(radar_interfaces) by extensions ['colcon_pkg']
[0.341s] Level 1:colcon.colcon_core.package_identification:_identify(radar_interfaces) by extension 'colcon_pkg'
[0.341s] Level 1:colcon.colcon_core.package_identification:_identify(radar_interfaces) by extensions ['colcon_meta']
[0.341s] Level 1:colcon.colcon_core.package_identification:_identify(radar_interfaces) by extension 'colcon_meta'
[0.341s] Level 1:colcon.colcon_core.package_identification:_identify(radar_interfaces) by extensions ['ros']
[0.341s] Level 1:colcon.colcon_core.package_identification:_identify(radar_interfaces) by extension 'ros'
[0.342s] DEBUG:colcon.colcon_core.package_identification:Package 'radar_interfaces' with type 'ros.ament_cmake' and name 'radar_interfaces'
[0.342s] Level 1:colcon.colcon_core.package_discovery:discover_packages(recursive) using defaults
[0.342s] Level 1:colcon.colcon_core.package_discovery:discover_packages(ignore) discover
[0.342s] Level 1:colcon.colcon_core.package_discovery:discover_packages(ignore) using defaults
[0.342s] Level 1:colcon.colcon_core.package_discovery:discover_packages(path) discover
[0.342s] Level 1:colcon.colcon_core.package_discovery:discover_packages(path) using defaults
[0.362s] Level 1:colcon.colcon_core.package_discovery:discover_packages(prefix_path) check parameters
[0.362s] Level 1:colcon.colcon_core.package_discovery:discover_packages(prefix_path) discover
[0.364s] DEBUG:colcon.colcon_installed_package_information.package_discovery:Found 3 installed packages in /home/fusion/turtlebot4_ws/install
[0.366s] DEBUG:colcon.colcon_installed_package_information.package_discovery:Found 389 installed packages in /opt/ros/humble
[0.368s] Level 1:colcon.colcon_core.package_discovery:discover_packages(prefix_path) using defaults
[0.414s] Level 5:colcon.colcon_core.verb:set package 'radar' build argument 'cmake_args' from command line to 'None'
[0.414s] Level 5:colcon.colcon_core.verb:set package 'radar' build argument 'cmake_target' from command line to 'None'
[0.414s] Level 5:colcon.colcon_core.verb:set package 'radar' build argument 'cmake_target_skip_unavailable' from command line to 'False'
[0.414s] Level 5:colcon.colcon_core.verb:set package 'radar' build argument 'cmake_clean_cache' from command line to 'False'
[0.414s] Level 5:colcon.colcon_core.verb:set package 'radar' build argument 'cmake_clean_first' from command line to 'False'
[0.414s] Level 5:colcon.colcon_core.verb:set package 'radar' build argument 'cmake_force_configure' from command line to 'False'
[0.414s] Level 5:colcon.colcon_core.verb:set package 'radar' build argument 'ament_cmake_args' from command line to 'None'
[0.414s] Level 5:colcon.colcon_core.verb:set package 'radar' build argument 'catkin_cmake_args' from command line to 'None'
[0.414s] Level 5:colcon.colcon_core.verb:set package 'radar' build argument 'catkin_skip_building_tests' from command line to 'False'
[0.414s] DEBUG:colcon.colcon_core.verb:Building package 'radar' with the following arguments: {'ament_cmake_args': None, 'build_base': '/home/fusion/Downloads/FUSION_2024_Thormann_Landmarks/build/radar', 'catkin_cmake_args': None, 'catkin_skip_building_tests': False, 'cmake_args': None, 'cmake_clean_cache': False, 'cmake_clean_first': False, 'cmake_force_configure': False, 'cmake_target': None, 'cmake_target_skip_unavailable': False, 'install_base': '/home/fusion/Downloads/FUSION_2024_Thormann_Landmarks/install/radar', 'merge_install': False, 'path': '/home/fusion/Downloads/FUSION_2024_Thormann_Landmarks/radar', 'symlink_install': False, 'test_result_base': None}
[0.414s] Level 5:colcon.colcon_core.verb:set package 'radar_interfaces' build argument 'cmake_args' from command line to 'None'
[0.414s] Level 5:colcon.colcon_core.verb:set package 'radar_interfaces' build argument 'cmake_target' from command line to 'None'
[0.414s] Level 5:colcon.colcon_core.verb:set package 'radar_interfaces' build argument 'cmake_target_skip_unavailable' from command line to 'False'
[0.414s] Level 5:colcon.colcon_core.verb:set package 'radar_interfaces' build argument 'cmake_clean_cache' from command line to 'False'
[0.414s] Level 5:colcon.colcon_core.verb:set package 'radar_interfaces' build argument 'cmake_clean_first' from command line to 'False'
[0.414s] Level 5:colcon.colcon_core.verb:set package 'radar_interfaces' build argument 'cmake_force_configure' from command line to 'False'
[0.414s] Level 5:colcon.colcon_core.verb:set package 'radar_interfaces' build argument 'ament_cmake_args' from command line to 'None'
[0.414s] Level 5:colcon.colcon_core.verb:set package 'radar_interfaces' build argument 'catkin_cmake_args' from command line to 'None'
[0.414s] Level 5:colcon.colcon_core.verb:set package 'radar_interfaces' build argument 'catkin_skip_building_tests' from command line to 'False'
[0.414s] DEBUG:colcon.colcon_core.verb:Building package 'radar_interfaces' with the following arguments: {'ament_cmake_args': None, 'build_base': '/home/fusion/Downloads/FUSION_2024_Thormann_Landmarks/build/radar_interfaces', 'catkin_cmake_args': None, 'catkin_skip_building_tests': False, 'cmake_args': None, 'cmake_clean_cache': False, 'cmake_clean_first': False, 'cmake_force_configure': False, 'cmake_target': None, 'cmake_target_skip_unavailable': False, 'install_base': '/home/fusion/Downloads/FUSION_2024_Thormann_Landmarks/install/radar_interfaces', 'merge_install': False, 'path': '/home/fusion/Downloads/FUSION_2024_Thormann_Landmarks/radar_interfaces', 'symlink_install': False, 'test_result_base': None}
[0.414s] INFO:colcon.colcon_core.executor:Executing jobs using 'parallel' executor
[0.415s] DEBUG:colcon.colcon_parallel_executor.executor.parallel:run_until_complete
[0.416s] INFO:colcon.colcon_ros.task.ament_python.build:Building ROS package in '/home/fusion/Downloads/FUSION_2024_Thormann_Landmarks/radar' with build type 'ament_python'
[0.416s] Level 1:colcon.colcon_core.shell:create_environment_hook('radar', 'ament_prefix_path')
[0.418s] INFO:colcon.colcon_core.plugin_system:Skipping extension 'colcon_core.shell.bat': Not used on non-Windows systems
[0.418s] INFO:colcon.colcon_core.shell:Creating environment hook '/home/fusion/Downloads/FUSION_2024_Thormann_Landmarks/install/radar/share/radar/hook/ament_prefix_path.ps1'
[0.418s] INFO:colcon.colcon_core.shell:Creating environment descriptor '/home/fusion/Downloads/FUSION_2024_Thormann_Landmarks/install/radar/share/radar/hook/ament_prefix_path.dsv'
[0.419s] INFO:colcon.colcon_core.shell:Creating environment hook '/home/fusion/Downloads/FUSION_2024_Thormann_Landmarks/install/radar/share/radar/hook/ament_prefix_path.sh'
[0.420s] INFO:colcon.colcon_core.shell:Skip shell extension 'powershell' for command environment: Not usable outside of PowerShell
[0.420s] DEBUG:colcon.colcon_core.shell:Skip shell extension 'dsv' for command environment
[0.423s] INFO:colcon.colcon_ros.task.ament_cmake.build:Building ROS package in '/home/fusion/Downloads/FUSION_2024_Thormann_Landmarks/radar_interfaces' with build type 'ament_cmake'
[0.423s] INFO:colcon.colcon_cmake.task.cmake.build:Building CMake package in '/home/fusion/Downloads/FUSION_2024_Thormann_Landmarks/radar_interfaces'
[0.423s] INFO:colcon.colcon_core.shell:Skip shell extension 'powershell' for command environment: Not usable outside of PowerShell
[0.423s] DEBUG:colcon.colcon_core.shell:Skip shell extension 'dsv' for command environment
[0.702s] WARNING:colcon.colcon_ros.task.ament_python.build:Package 'radar' doesn't explicitly install a marker in the package index (colcon-ros currently does it implicitly but that fallback will be removed in the future)
[0.703s] INFO:colcon.colcon_core.task.python.build:Building Python package in '/home/fusion/Downloads/FUSION_2024_Thormann_Landmarks/radar'
[0.703s] INFO:colcon.colcon_core.shell:Skip shell extension 'powershell' for command environment: Not usable outside of PowerShell
[0.703s] DEBUG:colcon.colcon_core.shell:Skip shell extension 'dsv' for command environment
[0.711s] DEBUG:colcon.colcon_core.event_handler.log_command:Invoking command in '/home/fusion/Downloads/FUSION_2024_Thormann_Landmarks/build/radar_interfaces': CMAKE_PREFIX_PATH=${CMAKE_PREFIX_PATH}:/home/fusion/turtlebot4_ws/install/radar:/home/fusion/turtlebot4_ws/install/df_example:/opt/ros/humble /usr/bin/cmake --build /home/fusion/Downloads/FUSION_2024_Thormann_Landmarks/build/radar_interfaces -- -j4 -l4
[1.131s] DEBUG:colcon.colcon_core.event_handler.log_command:Invoking command in '/home/fusion/Downloads/FUSION_2024_Thormann_Landmarks/radar': PYTHONPATH=/home/fusion/Downloads/FUSION_2024_Thormann_Landmarks/build/radar/prefix_override:/home/fusion/Downloads/FUSION_2024_Thormann_Landmarks/install/radar/lib/python3.10/site-packages:${PYTHONPATH} /usr/bin/python3 -W ignore:setup.py install is deprecated setup.py egg_info --egg-base ../build/radar build --build-base /home/fusion/Downloads/FUSION_2024_Thormann_Landmarks/build/radar/build install --record /home/fusion/Downloads/FUSION_2024_Thormann_Landmarks/build/radar/install.log --single-version-externally-managed install_data
[1.167s] DEBUG:colcon.colcon_core.event_handler.log_command:Invoked command in '/home/fusion/Downloads/FUSION_2024_Thormann_Landmarks/build/radar_interfaces' returned '0': CMAKE_PREFIX_PATH=${CMAKE_PREFIX_PATH}:/home/fusion/turtlebot4_ws/install/radar:/home/fusion/turtlebot4_ws/install/df_example:/opt/ros/humble /usr/bin/cmake --build /home/fusion/Downloads/FUSION_2024_Thormann_Landmarks/build/radar_interfaces -- -j4 -l4
[1.305s] DEBUG:colcon.colcon_core.event_handler.log_command:Invoking command in '/home/fusion/Downloads/FUSION_2024_Thormann_Landmarks/build/radar_interfaces': CMAKE_PREFIX_PATH=${CMAKE_PREFIX_PATH}:/home/fusion/turtlebot4_ws/install/radar:/home/fusion/turtlebot4_ws/install/df_example:/opt/ros/humble /usr/bin/cmake --install /home/fusion/Downloads/FUSION_2024_Thormann_Landmarks/build/radar_interfaces
[1.365s] Level 1:colcon.colcon_core.environment:create_environment_scripts_only(radar_interfaces)
[1.366s] DEBUG:colcon.colcon_core.event_handler.log_command:Invoked command in '/home/fusion/Downloads/FUSION_2024_Thormann_Landmarks/build/radar_interfaces' returned '0': CMAKE_PREFIX_PATH=${CMAKE_PREFIX_PATH}:/home/fusion/turtlebot4_ws/install/radar:/home/fusion/turtlebot4_ws/install/df_example:/opt/ros/humble /usr/bin/cmake --install /home/fusion/Downloads/FUSION_2024_Thormann_Landmarks/build/radar_interfaces
[1.369s] Level 1:colcon.colcon_core.environment:checking '/home/fusion/Downloads/FUSION_2024_Thormann_Landmarks/install/radar_interfaces' for CMake module files
[1.369s] Level 1:colcon.colcon_core.environment:checking '/home/fusion/Downloads/FUSION_2024_Thormann_Landmarks/install/radar_interfaces' for CMake config files
[1.370s] Level 1:colcon.colcon_core.shell:create_environment_hook('radar_interfaces', 'cmake_prefix_path')
[1.370s] INFO:colcon.colcon_core.shell:Creating environment hook '/home/fusion/Downloads/FUSION_2024_Thormann_Landmarks/install/radar_interfaces/share/radar_interfaces/hook/cmake_prefix_path.ps1'
[1.370s] INFO:colcon.colcon_core.shell:Creating environment descriptor '/home/fusion/Downloads/FUSION_2024_Thormann_Landmarks/install/radar_interfaces/share/radar_interfaces/hook/cmake_prefix_path.dsv'
[1.371s] INFO:colcon.colcon_core.shell:Creating environment hook '/home/fusion/Downloads/FUSION_2024_Thormann_Landmarks/install/radar_interfaces/share/radar_interfaces/hook/cmake_prefix_path.sh'
[1.371s] Level 1:colcon.colcon_core.environment:checking '/home/fusion/Downloads/FUSION_2024_Thormann_Landmarks/install/radar_interfaces/lib'
[1.371s] Level 1:colcon.colcon_core.shell:create_environment_hook('radar_interfaces', 'ld_library_path_lib')
[1.372s] INFO:colcon.colcon_core.shell:Creating environment hook '/home/fusion/Downloads/FUSION_2024_Thormann_Landmarks/install/radar_interfaces/share/radar_interfaces/hook/ld_library_path_lib.ps1'
[1.372s] INFO:colcon.colcon_core.shell:Creating environment descriptor '/home/fusion/Downloads/FUSION_2024_Thormann_Landmarks/install/radar_interfaces/share/radar_interfaces/hook/ld_library_path_lib.dsv'
[1.372s] INFO:colcon.colcon_core.shell:Creating environment hook '/home/fusion/Downloads/FUSION_2024_Thormann_Landmarks/install/radar_interfaces/share/radar_interfaces/hook/ld_library_path_lib.sh'
[1.372s] Level 1:colcon.colcon_core.environment:checking '/home/fusion/Downloads/FUSION_2024_Thormann_Landmarks/install/radar_interfaces/bin'
[1.372s] Level 1:colcon.colcon_core.environment:checking '/home/fusion/Downloads/FUSION_2024_Thormann_Landmarks/install/radar_interfaces/lib/pkgconfig/radar_interfaces.pc'
[1.373s] Level 1:colcon.colcon_core.environment:checking '/home/fusion/Downloads/FUSION_2024_Thormann_Landmarks/install/radar_interfaces/lib/python3.10/site-packages'
[1.373s] Level 1:colcon.colcon_core.environment:checking '/home/fusion/Downloads/FUSION_2024_Thormann_Landmarks/install/radar_interfaces/bin'
[1.373s] INFO:colcon.colcon_core.shell:Creating package script '/home/fusion/Downloads/FUSION_2024_Thormann_Landmarks/install/radar_interfaces/share/radar_interfaces/package.ps1'
[1.374s] INFO:colcon.colcon_core.shell:Creating package descriptor '/home/fusion/Downloads/FUSION_2024_Thormann_Landmarks/install/radar_interfaces/share/radar_interfaces/package.dsv'
[1.375s] INFO:colcon.colcon_core.shell:Creating package script '/home/fusion/Downloads/FUSION_2024_Thormann_Landmarks/install/radar_interfaces/share/radar_interfaces/package.sh'
[1.375s] INFO:colcon.colcon_core.shell:Creating package script '/home/fusion/Downloads/FUSION_2024_Thormann_Landmarks/install/radar_interfaces/share/radar_interfaces/package.bash'
[1.376s] INFO:colcon.colcon_core.shell:Creating package script '/home/fusion/Downloads/FUSION_2024_Thormann_Landmarks/install/radar_interfaces/share/radar_interfaces/package.zsh'
[1.376s] Level 1:colcon.colcon_core.environment:create_file_with_runtime_dependencies(/home/fusion/Downloads/FUSION_2024_Thormann_Landmarks/install/radar_interfaces/share/colcon-core/packages/radar_interfaces)
[1.499s] Level 1:colcon.colcon_core.environment:checking '/home/fusion/Downloads/FUSION_2024_Thormann_Landmarks/install/radar' for CMake module files
[1.499s] DEBUG:colcon.colcon_core.event_handler.log_command:Invoked command in '/home/fusion/Downloads/FUSION_2024_Thormann_Landmarks/radar' returned '0': PYTHONPATH=/home/fusion/Downloads/FUSION_2024_Thormann_Landmarks/build/radar/prefix_override:/home/fusion/Downloads/FUSION_2024_Thormann_Landmarks/install/radar/lib/python3.10/site-packages:${PYTHONPATH} /usr/bin/python3 -W ignore:setup.py install is deprecated setup.py egg_info --egg-base ../build/radar build --build-base /home/fusion/Downloads/FUSION_2024_Thormann_Landmarks/build/radar/build install --record /home/fusion/Downloads/FUSION_2024_Thormann_Landmarks/build/radar/install.log --single-version-externally-managed install_data
[1.500s] Level 1:colcon.colcon_core.environment:checking '/home/fusion/Downloads/FUSION_2024_Thormann_Landmarks/install/radar' for CMake config files
[1.501s] Level 1:colcon.colcon_core.environment:checking '/home/fusion/Downloads/FUSION_2024_Thormann_Landmarks/install/radar/lib'
[1.501s] Level 1:colcon.colcon_core.environment:checking '/home/fusion/Downloads/FUSION_2024_Thormann_Landmarks/install/radar/bin'
[1.501s] Level 1:colcon.colcon_core.environment:checking '/home/fusion/Downloads/FUSION_2024_Thormann_Landmarks/install/radar/lib/pkgconfig/radar.pc'
[1.501s] Level 1:colcon.colcon_core.environment:checking '/home/fusion/Downloads/FUSION_2024_Thormann_Landmarks/install/radar/lib/python3.10/site-packages'
[1.501s] Level 1:colcon.colcon_core.shell:create_environment_hook('radar', 'pythonpath')
[1.502s] INFO:colcon.colcon_core.shell:Creating environment hook '/home/fusion/Downloads/FUSION_2024_Thormann_Landmarks/install/radar/share/radar/hook/pythonpath.ps1'
[1.502s] INFO:colcon.colcon_core.shell:Creating environment descriptor '/home/fusion/Downloads/FUSION_2024_Thormann_Landmarks/install/radar/share/radar/hook/pythonpath.dsv'
[1.503s] INFO:colcon.colcon_core.shell:Creating environment hook '/home/fusion/Downloads/FUSION_2024_Thormann_Landmarks/install/radar/share/radar/hook/pythonpath.sh'
[1.503s] Level 1:colcon.colcon_core.environment:checking '/home/fusion/Downloads/FUSION_2024_Thormann_Landmarks/install/radar/bin'
[1.503s] Level 1:colcon.colcon_core.environment:create_environment_scripts_only(radar)
[1.504s] INFO:colcon.colcon_core.shell:Creating package script '/home/fusion/Downloads/FUSION_2024_Thormann_Landmarks/install/radar/share/radar/package.ps1'
[1.504s] INFO:colcon.colcon_core.shell:Creating package descriptor '/home/fusion/Downloads/FUSION_2024_Thormann_Landmarks/install/radar/share/radar/package.dsv'
[1.505s] INFO:colcon.colcon_core.shell:Creating package script '/home/fusion/Downloads/FUSION_2024_Thormann_Landmarks/install/radar/share/radar/package.sh'
[1.505s] INFO:colcon.colcon_core.shell:Creating package script '/home/fusion/Downloads/FUSION_2024_Thormann_Landmarks/install/radar/share/radar/package.bash'
[1.506s] INFO:colcon.colcon_core.shell:Creating package script '/home/fusion/Downloads/FUSION_2024_Thormann_Landmarks/install/radar/share/radar/package.zsh'
[1.506s] Level 1:colcon.colcon_core.environment:create_file_with_runtime_dependencies(/home/fusion/Downloads/FUSION_2024_Thormann_Landmarks/install/radar/share/colcon-core/packages/radar)
[1.511s] Level 1:colcon.colcon_core.environment:create_environment_scripts_only(radar_interfaces)
[1.511s] Level 1:colcon.colcon_core.environment:checking '/home/fusion/Downloads/FUSION_2024_Thormann_Landmarks/install/radar_interfaces' for CMake module files
[1.512s] Level 1:colcon.colcon_core.environment:checking '/home/fusion/Downloads/FUSION_2024_Thormann_Landmarks/install/radar_interfaces' for CMake config files
[1.513s] Level 1:colcon.colcon_core.shell:create_environment_hook('radar_interfaces', 'cmake_prefix_path')
[1.513s] INFO:colcon.colcon_core.shell:Creating environment hook '/home/fusion/Downloads/FUSION_2024_Thormann_Landmarks/install/radar_interfaces/share/radar_interfaces/hook/cmake_prefix_path.ps1'
[1.513s] INFO:colcon.colcon_core.shell:Creating environment descriptor '/home/fusion/Downloads/FUSION_2024_Thormann_Landmarks/install/radar_interfaces/share/radar_interfaces/hook/cmake_prefix_path.dsv'
[1.514s] INFO:colcon.colcon_core.shell:Creating environment hook '/home/fusion/Downloads/FUSION_2024_Thormann_Landmarks/install/radar_interfaces/share/radar_interfaces/hook/cmake_prefix_path.sh'
[1.514s] Level 1:colcon.colcon_core.environment:checking '/home/fusion/Downloads/FUSION_2024_Thormann_Landmarks/install/radar_interfaces/lib'
[1.514s] Level 1:colcon.colcon_core.shell:create_environment_hook('radar_interfaces', 'ld_library_path_lib')
[1.515s] INFO:colcon.colcon_core.shell:Creating environment hook '/home/fusion/Downloads/FUSION_2024_Thormann_Landmarks/install/radar_interfaces/share/radar_interfaces/hook/ld_library_path_lib.ps1'
[1.515s] INFO:colcon.colcon_core.shell:Creating environment descriptor '/home/fusion/Downloads/FUSION_2024_Thormann_Landmarks/install/radar_interfaces/share/radar_interfaces/hook/ld_library_path_lib.dsv'
[1.515s] INFO:colcon.colcon_core.shell:Creating environment hook '/home/fusion/Downloads/FUSION_2024_Thormann_Landmarks/install/radar_interfaces/share/radar_interfaces/hook/ld_library_path_lib.sh'
[1.516s] Level 1:colcon.colcon_core.environment:checking '/home/fusion/Downloads/FUSION_2024_Thormann_Landmarks/install/radar_interfaces/bin'
[1.516s] Level 1:colcon.colcon_core.environment:checking '/home/fusion/Downloads/FUSION_2024_Thormann_Landmarks/install/radar_interfaces/lib/pkgconfig/radar_interfaces.pc'
[1.516s] Level 1:colcon.colcon_core.environment:checking '/home/fusion/Downloads/FUSION_2024_Thormann_Landmarks/install/radar_interfaces/lib/python3.10/site-packages'
[1.516s] Level 1:colcon.colcon_core.environment:checking '/home/fusion/Downloads/FUSION_2024_Thormann_Landmarks/install/radar_interfaces/bin'
[1.517s] INFO:colcon.colcon_core.shell:Creating package script '/home/fusion/Downloads/FUSION_2024_Thormann_Landmarks/install/radar_interfaces/share/radar_interfaces/package.ps1'
[1.517s] INFO:colcon.colcon_core.shell:Creating package descriptor '/home/fusion/Downloads/FUSION_2024_Thormann_Landmarks/install/radar_interfaces/share/radar_interfaces/package.dsv'
[1.518s] INFO:colcon.colcon_core.shell:Creating package script '/home/fusion/Downloads/FUSION_2024_Thormann_Landmarks/install/radar_interfaces/share/radar_interfaces/package.sh'
[1.518s] INFO:colcon.colcon_core.shell:Creating package script '/home/fusion/Downloads/FUSION_2024_Thormann_Landmarks/install/radar_interfaces/share/radar_interfaces/package.bash'
[1.519s] INFO:colcon.colcon_core.shell:Creating package script '/home/fusion/Downloads/FUSION_2024_Thormann_Landmarks/install/radar_interfaces/share/radar_interfaces/package.zsh'
[1.519s] Level 1:colcon.colcon_core.environment:create_file_with_runtime_dependencies(/home/fusion/Downloads/FUSION_2024_Thormann_Landmarks/install/radar_interfaces/share/colcon-core/packages/radar_interfaces)
[1.519s] DEBUG:colcon.colcon_parallel_executor.executor.parallel:closing loop
[1.520s] DEBUG:colcon.colcon_parallel_executor.executor.parallel:loop closed
[1.520s] DEBUG:colcon.colcon_parallel_executor.executor.parallel:run_until_complete finished with '0'
[1.520s] DEBUG:colcon.colcon_core.event_reactor:joining thread
[1.527s] INFO:colcon.colcon_core.plugin_system:Skipping extension 'colcon_notification.desktop_notification.terminal_notifier': Not used on non-Darwin systems
[1.527s] INFO:colcon.colcon_core.plugin_system:Skipping extension 'colcon_notification.desktop_notification.win32': Not used on non-Windows systems
[1.527s] INFO:colcon.colcon_notification.desktop_notification:Sending desktop notification using 'notify2'
[1.540s] DEBUG:colcon.colcon_core.event_reactor:joined thread
[1.540s] INFO:colcon.colcon_core.shell:Creating prefix script '/home/fusion/Downloads/FUSION_2024_Thormann_Landmarks/install/local_setup.ps1'
[1.541s] INFO:colcon.colcon_core.shell:Creating prefix util module '/home/fusion/Downloads/FUSION_2024_Thormann_Landmarks/install/_local_setup_util_ps1.py'
[1.542s] INFO:colcon.colcon_core.shell:Creating prefix chain script '/home/fusion/Downloads/FUSION_2024_Thormann_Landmarks/install/setup.ps1'
[1.543s] INFO:colcon.colcon_core.shell:Creating prefix script '/home/fusion/Downloads/FUSION_2024_Thormann_Landmarks/install/local_setup.sh'
[1.544s] INFO:colcon.colcon_core.shell:Creating prefix util module '/home/fusion/Downloads/FUSION_2024_Thormann_Landmarks/install/_local_setup_util_sh.py'
[1.545s] INFO:colcon.colcon_core.shell:Creating prefix chain script '/home/fusion/Downloads/FUSION_2024_Thormann_Landmarks/install/setup.sh'
[1.546s] INFO:colcon.colcon_core.shell:Creating prefix script '/home/fusion/Downloads/FUSION_2024_Thormann_Landmarks/install/local_setup.bash'
[1.546s] INFO:colcon.colcon_core.shell:Creating prefix chain script '/home/fusion/Downloads/FUSION_2024_Thormann_Landmarks/install/setup.bash'
[1.547s] INFO:colcon.colcon_core.shell:Creating prefix script '/home/fusion/Downloads/FUSION_2024_Thormann_Landmarks/install/local_setup.zsh'
[1.548s] INFO:colcon.colcon_core.shell:Creating prefix chain script '/home/fusion/Downloads/FUSION_2024_Thormann_Landmarks/install/setup.zsh'
