[0.363s] Invoking command in '/home/fusion/Downloads/FUSION_2024_Thormann_Landmarks/build/radar_interfaces': CMAKE_PREFIX_PATH=${CMAKE_PREFIX_PATH}:/home/fusion/turtlebot4_ws/install/radar:/home/fusion/turtlebot4_ws/install/df_example:/opt/ros/humble /usr/bin/cmake --build /home/fusion/Downloads/FUSION_2024_Thormann_Landmarks/build/radar_interfaces -- -j4 -l4
[1.077s] [  2%] Built target radar_interfaces__cpp
[1.305s] [ 12%] Built target radar_interfaces__rosidl_generator_c
[1.338s] [ 12%] Built target ament_cmake_python_copy_radar_interfaces
[1.534s] [ 29%] Built target radar_interfaces__rosidl_typesupport_cpp
[1.534s] [ 34%] Built target radar_interfaces__rosidl_typesupport_introspection_cpp
[1.538s] [ 44%] Built target radar_interfaces__rosidl_typesupport_fastrtps_c
[1.540s] [ 55%] Built target radar_interfaces__rosidl_typesupport_fastrtps_cpp
[1.607s] [ 76%] Built target radar_interfaces__rosidl_typesupport_c
[1.607s] [ 76%] Built target radar_interfaces__rosidl_typesupport_introspection_c
[1.636s] [ 76%] Built target radar_interfaces
[1.660s] [ 78%] Built target radar_interfaces__py
[1.833s] [ 87%] Built target radar_interfaces__rosidl_generator_py
[1.863s] [ 91%] Built target radar_interfaces__rosidl_typesupport_c__pyext
[1.879s] [ 95%] Built target radar_interfaces__rosidl_typesupport_introspection_c__pyext
[1.906s] running egg_info
[1.906s] writing radar_interfaces.egg-info/PKG-INFO
[1.907s] writing dependency_links to radar_interfaces.egg-info/dependency_links.txt
[1.907s] writing top-level names to radar_interfaces.egg-info/top_level.txt
[1.909s] reading manifest file 'radar_interfaces.egg-info/SOURCES.txt'
[1.918s] writing manifest file 'radar_interfaces.egg-info/SOURCES.txt'
[1.920s] [100%] Built target radar_interfaces__rosidl_typesupport_fastrtps_c__pyext
[1.949s] [100%] Built target ament_cmake_python_build_radar_interfaces_egg
[1.964s] Invoked command in '/home/fusion/Downloads/FUSION_2024_Thormann_Landmarks/build/radar_interfaces' returned '0': CMAKE_PREFIX_PATH=${CMAKE_PREFIX_PATH}:/home/fusion/turtlebot4_ws/install/radar:/home/fusion/turtlebot4_ws/install/df_example:/opt/ros/humble /usr/bin/cmake --build /home/fusion/Downloads/FUSION_2024_Thormann_Landmarks/build/radar_interfaces -- -j4 -l4
[2.109s] Invoking command in '/home/fusion/Downloads/FUSION_2024_Thormann_Landmarks/build/radar_interfaces': CMAKE_PREFIX_PATH=${CMAKE_PREFIX_PATH}:/home/fusion/turtlebot4_ws/install/radar:/home/fusion/turtlebot4_ws/install/df_example:/opt/ros/humble /usr/bin/cmake --install /home/fusion/Downloads/FUSION_2024_Thormann_Landmarks/build/radar_interfaces
[2.129s] -- Install configuration: ""
[2.174s] -- Up-to-date: /home/fusion/Downloads/FUSION_2024_Thormann_Landmarks/install/radar_interfaces/share/ament_index/resource_index/rosidl_interfaces/radar_interfaces
[2.174s] -- Up-to-date: /home/fusion/Downloads/FUSION_2024_Thormann_Landmarks/install/radar_interfaces/include/radar_interfaces/radar_interfaces
[2.175s] -- Up-to-date: /home/fusion/Downloads/FUSION_2024_Thormann_Landmarks/install/radar_interfaces/include/radar_interfaces/radar_interfaces/msg
[2.213s] -- Up-to-date: /home/fusion/Downloads/FUSION_2024_Thormann_Landmarks/install/radar_interfaces/include/radar_interfaces/radar_interfaces/msg/detail
[2.213s] -- Up-to-date: /home/fusion/Downloads/FUSION_2024_Thormann_Landmarks/install/radar_interfaces/include/radar_interfaces/radar_interfaces/msg/detail/landmark_estimate__functions.c
[2.214s] -- Up-to-date: /home/fusion/Downloads/FUSION_2024_Thormann_Landmarks/install/radar_interfaces/include/radar_interfaces/radar_interfaces/msg/detail/radar__functions.h
[2.215s] -- Up-to-date: /home/fusion/Downloads/FUSION_2024_Thormann_Landmarks/install/radar_interfaces/include/radar_interfaces/radar_interfaces/msg/detail/landmark_estimate__struct.h
[2.215s] -- Up-to-date: /home/fusion/Downloads/FUSION_2024_Thormann_Landmarks/install/radar_interfaces/include/radar_interfaces/radar_interfaces/msg/detail/landmark_estimate__type_support.h
[2.215s] -- Up-to-date: /home/fusion/Downloads/FUSION_2024_Thormann_Landmarks/install/radar_interfaces/include/radar_interfaces/radar_interfaces/msg/detail/radar__functions.c
[2.216s] -- Up-to-date: /home/fusion/Downloads/FUSION_2024_Thormann_Landmarks/install/radar_interfaces/include/radar_interfaces/radar_interfaces/msg/detail/ground_truth__functions.h
[2.216s] -- Up-to-date: /home/fusion/Downloads/FUSION_2024_Thormann_Landmarks/install/radar_interfaces/include/radar_interfaces/radar_interfaces/msg/detail/radar__type_support.h
[2.216s] -- Up-to-date: /home/fusion/Downloads/FUSION_2024_Thormann_Landmarks/install/radar_interfaces/include/radar_interfaces/radar_interfaces/msg/detail/ground_truth__struct.h
[2.217s] -- Up-to-date: /home/fusion/Downloads/FUSION_2024_Thormann_Landmarks/install/radar_interfaces/include/radar_interfaces/radar_interfaces/msg/detail/ground_truth__type_support.h
[2.217s] -- Up-to-date: /home/fusion/Downloads/FUSION_2024_Thormann_Landmarks/install/radar_interfaces/include/radar_interfaces/radar_interfaces/msg/detail/ground_truth__functions.c
[2.217s] -- Up-to-date: /home/fusion/Downloads/FUSION_2024_Thormann_Landmarks/install/radar_interfaces/include/radar_interfaces/radar_interfaces/msg/detail/radar__struct.h
[2.217s] -- Up-to-date: /home/fusion/Downloads/FUSION_2024_Thormann_Landmarks/install/radar_interfaces/include/radar_interfaces/radar_interfaces/msg/detail/landmark_estimate__functions.h
[2.218s] -- Up-to-date: /home/fusion/Downloads/FUSION_2024_Thormann_Landmarks/install/radar_interfaces/include/radar_interfaces/radar_interfaces/msg/rosidl_generator_c__visibility_control.h
[2.218s] -- Up-to-date: /home/fusion/Downloads/FUSION_2024_Thormann_Landmarks/install/radar_interfaces/include/radar_interfaces/radar_interfaces/msg/ground_truth.h
[2.218s] -- Up-to-date: /home/fusion/Downloads/FUSION_2024_Thormann_Landmarks/install/radar_interfaces/include/radar_interfaces/radar_interfaces/msg/radar.h
[2.218s] -- Up-to-date: /home/fusion/Downloads/FUSION_2024_Thormann_Landmarks/install/radar_interfaces/include/radar_interfaces/radar_interfaces/msg/landmark_estimate.h
[2.218s] -- Up-to-date: /home/fusion/Downloads/FUSION_2024_Thormann_Landmarks/install/radar_interfaces/share/radar_interfaces/environment/library_path.sh
[2.219s] -- Up-to-date: /home/fusion/Downloads/FUSION_2024_Thormann_Landmarks/install/radar_interfaces/share/radar_interfaces/environment/library_path.dsv
[2.241s] -- Up-to-date: /home/fusion/Downloads/FUSION_2024_Thormann_Landmarks/install/radar_interfaces/lib/libradar_interfaces__rosidl_generator_c.so
[2.242s] -- Up-to-date: /home/fusion/Downloads/FUSION_2024_Thormann_Landmarks/install/radar_interfaces/include/radar_interfaces/radar_interfaces
[2.242s] -- Up-to-date: /home/fusion/Downloads/FUSION_2024_Thormann_Landmarks/install/radar_interfaces/include/radar_interfaces/radar_interfaces/msg
[2.242s] -- Up-to-date: /home/fusion/Downloads/FUSION_2024_Thormann_Landmarks/install/radar_interfaces/include/radar_interfaces/radar_interfaces/msg/detail
[2.242s] -- Up-to-date: /home/fusion/Downloads/FUSION_2024_Thormann_Landmarks/install/radar_interfaces/include/radar_interfaces/radar_interfaces/msg/detail/ground_truth__rosidl_typesupport_fastrtps_c.h
[2.242s] -- Up-to-date: /home/fusion/Downloads/FUSION_2024_Thormann_Landmarks/install/radar_interfaces/include/radar_interfaces/radar_interfaces/msg/detail/landmark_estimate__rosidl_typesupport_fastrtps_c.h
[2.242s] -- Up-to-date: /home/fusion/Downloads/FUSION_2024_Thormann_Landmarks/install/radar_interfaces/include/radar_interfaces/radar_interfaces/msg/detail/radar__rosidl_typesupport_fastrtps_c.h
[2.243s] -- Up-to-date: /home/fusion/Downloads/FUSION_2024_Thormann_Landmarks/install/radar_interfaces/include/radar_interfaces/radar_interfaces/msg/rosidl_typesupport_fastrtps_c__visibility_control.h
[2.243s] -- Up-to-date: /home/fusion/Downloads/FUSION_2024_Thormann_Landmarks/install/radar_interfaces/lib/libradar_interfaces__rosidl_typesupport_fastrtps_c.so
[2.244s] -- Up-to-date: /home/fusion/Downloads/FUSION_2024_Thormann_Landmarks/install/radar_interfaces/include/radar_interfaces/radar_interfaces
[2.244s] -- Up-to-date: /home/fusion/Downloads/FUSION_2024_Thormann_Landmarks/install/radar_interfaces/include/radar_interfaces/radar_interfaces/msg
[2.244s] -- Up-to-date: /home/fusion/Downloads/FUSION_2024_Thormann_Landmarks/install/radar_interfaces/include/radar_interfaces/radar_interfaces/msg/detail
[2.244s] -- Up-to-date: /home/fusion/Downloads/FUSION_2024_Thormann_Landmarks/install/radar_interfaces/include/radar_interfaces/radar_interfaces/msg/detail/landmark_estimate__struct.hpp
[2.244s] -- Up-to-date: /home/fusion/Downloads/FUSION_2024_Thormann_Landmarks/install/radar_interfaces/include/radar_interfaces/radar_interfaces/msg/detail/landmark_estimate__traits.hpp
[2.244s] -- Up-to-date: /home/fusion/Downloads/FUSION_2024_Thormann_Landmarks/install/radar_interfaces/include/radar_interfaces/radar_interfaces/msg/detail/radar__builder.hpp
[2.245s] -- Up-to-date: /home/fusion/Downloads/FUSION_2024_Thormann_Landmarks/install/radar_interfaces/include/radar_interfaces/radar_interfaces/msg/detail/landmark_estimate__builder.hpp
[2.245s] -- Up-to-date: /home/fusion/Downloads/FUSION_2024_Thormann_Landmarks/install/radar_interfaces/include/radar_interfaces/radar_interfaces/msg/detail/radar__struct.hpp
[2.245s] -- Up-to-date: /home/fusion/Downloads/FUSION_2024_Thormann_Landmarks/install/radar_interfaces/include/radar_interfaces/radar_interfaces/msg/detail/ground_truth__traits.hpp
[2.245s] -- Up-to-date: /home/fusion/Downloads/FUSION_2024_Thormann_Landmarks/install/radar_interfaces/include/radar_interfaces/radar_interfaces/msg/detail/radar__traits.hpp
[2.245s] -- Up-to-date: /home/fusion/Downloads/FUSION_2024_Thormann_Landmarks/install/radar_interfaces/include/radar_interfaces/radar_interfaces/msg/detail/ground_truth__struct.hpp
[2.245s] -- Up-to-date: /home/fusion/Downloads/FUSION_2024_Thormann_Landmarks/install/radar_interfaces/include/radar_interfaces/radar_interfaces/msg/detail/ground_truth__builder.hpp
[2.245s] -- Up-to-date: /home/fusion/Downloads/FUSION_2024_Thormann_Landmarks/install/radar_interfaces/include/radar_interfaces/radar_interfaces/msg/landmark_estimate.hpp
[2.245s] -- Up-to-date: /home/fusion/Downloads/FUSION_2024_Thormann_Landmarks/install/radar_interfaces/include/radar_interfaces/radar_interfaces/msg/radar.hpp
[2.245s] -- Up-to-date: /home/fusion/Downloads/FUSION_2024_Thormann_Landmarks/install/radar_interfaces/include/radar_interfaces/radar_interfaces/msg/ground_truth.hpp
[2.245s] -- Up-to-date: /home/fusion/Downloads/FUSION_2024_Thormann_Landmarks/install/radar_interfaces/include/radar_interfaces/radar_interfaces
[2.245s] -- Up-to-date: /home/fusion/Downloads/FUSION_2024_Thormann_Landmarks/install/radar_interfaces/include/radar_interfaces/radar_interfaces/msg
[2.246s] -- Up-to-date: /home/fusion/Downloads/FUSION_2024_Thormann_Landmarks/install/radar_interfaces/include/radar_interfaces/radar_interfaces/msg/detail
[2.246s] -- Up-to-date: /home/fusion/Downloads/FUSION_2024_Thormann_Landmarks/install/radar_interfaces/include/radar_interfaces/radar_interfaces/msg/detail/radar__rosidl_typesupport_fastrtps_cpp.hpp
[2.246s] -- Up-to-date: /home/fusion/Downloads/FUSION_2024_Thormann_Landmarks/install/radar_interfaces/include/radar_interfaces/radar_interfaces/msg/detail/dds_fastrtps
[2.246s] -- Up-to-date: /home/fusion/Downloads/FUSION_2024_Thormann_Landmarks/install/radar_interfaces/include/radar_interfaces/radar_interfaces/msg/detail/landmark_estimate__rosidl_typesupport_fastrtps_cpp.hpp
[2.246s] -- Up-to-date: /home/fusion/Downloads/FUSION_2024_Thormann_Landmarks/install/radar_interfaces/include/radar_interfaces/radar_interfaces/msg/detail/ground_truth__rosidl_typesupport_fastrtps_cpp.hpp
[2.246s] -- Up-to-date: /home/fusion/Downloads/FUSION_2024_Thormann_Landmarks/install/radar_interfaces/include/radar_interfaces/radar_interfaces/msg/rosidl_typesupport_fastrtps_cpp__visibility_control.h
[2.246s] -- Up-to-date: /home/fusion/Downloads/FUSION_2024_Thormann_Landmarks/install/radar_interfaces/lib/libradar_interfaces__rosidl_typesupport_fastrtps_cpp.so
[2.246s] -- Up-to-date: /home/fusion/Downloads/FUSION_2024_Thormann_Landmarks/install/radar_interfaces/include/radar_interfaces/radar_interfaces
[2.246s] -- Up-to-date: /home/fusion/Downloads/FUSION_2024_Thormann_Landmarks/install/radar_interfaces/include/radar_interfaces/radar_interfaces/msg
[2.246s] -- Up-to-date: /home/fusion/Downloads/FUSION_2024_Thormann_Landmarks/install/radar_interfaces/include/radar_interfaces/radar_interfaces/msg/rosidl_typesupport_introspection_c__visibility_control.h
[2.247s] -- Up-to-date: /home/fusion/Downloads/FUSION_2024_Thormann_Landmarks/install/radar_interfaces/include/radar_interfaces/radar_interfaces/msg/detail
[2.247s] -- Up-to-date: /home/fusion/Downloads/FUSION_2024_Thormann_Landmarks/install/radar_interfaces/include/radar_interfaces/radar_interfaces/msg/detail/landmark_estimate__rosidl_typesupport_introspection_c.h
[2.247s] -- Up-to-date: /home/fusion/Downloads/FUSION_2024_Thormann_Landmarks/install/radar_interfaces/include/radar_interfaces/radar_interfaces/msg/detail/ground_truth__rosidl_typesupport_introspection_c.h
[2.247s] -- Up-to-date: /home/fusion/Downloads/FUSION_2024_Thormann_Landmarks/install/radar_interfaces/include/radar_interfaces/radar_interfaces/msg/detail/radar__rosidl_typesupport_introspection_c.h
[2.247s] -- Up-to-date: /home/fusion/Downloads/FUSION_2024_Thormann_Landmarks/install/radar_interfaces/include/radar_interfaces/radar_interfaces/msg/detail/radar__type_support.c
[2.247s] -- Up-to-date: /home/fusion/Downloads/FUSION_2024_Thormann_Landmarks/install/radar_interfaces/include/radar_interfaces/radar_interfaces/msg/detail/ground_truth__type_support.c
[2.247s] -- Up-to-date: /home/fusion/Downloads/FUSION_2024_Thormann_Landmarks/install/radar_interfaces/include/radar_interfaces/radar_interfaces/msg/detail/landmark_estimate__type_support.c
[2.255s] -- Up-to-date: /home/fusion/Downloads/FUSION_2024_Thormann_Landmarks/install/radar_interfaces/lib/libradar_interfaces__rosidl_typesupport_introspection_c.so
[2.255s] -- Up-to-date: /home/fusion/Downloads/FUSION_2024_Thormann_Landmarks/install/radar_interfaces/lib/libradar_interfaces__rosidl_typesupport_c.so
[2.255s] -- Up-to-date: /home/fusion/Downloads/FUSION_2024_Thormann_Landmarks/install/radar_interfaces/include/radar_interfaces/radar_interfaces
[2.255s] -- Up-to-date: /home/fusion/Downloads/FUSION_2024_Thormann_Landmarks/install/radar_interfaces/include/radar_interfaces/radar_interfaces/msg
[2.255s] -- Up-to-date: /home/fusion/Downloads/FUSION_2024_Thormann_Landmarks/install/radar_interfaces/include/radar_interfaces/radar_interfaces/msg/detail
[2.255s] -- Up-to-date: /home/fusion/Downloads/FUSION_2024_Thormann_Landmarks/install/radar_interfaces/include/radar_interfaces/radar_interfaces/msg/detail/landmark_estimate__rosidl_typesupport_introspection_cpp.hpp
[2.255s] -- Up-to-date: /home/fusion/Downloads/FUSION_2024_Thormann_Landmarks/install/radar_interfaces/include/radar_interfaces/radar_interfaces/msg/detail/ground_truth__rosidl_typesupport_introspection_cpp.hpp
[2.255s] -- Up-to-date: /home/fusion/Downloads/FUSION_2024_Thormann_Landmarks/install/radar_interfaces/include/radar_interfaces/radar_interfaces/msg/detail/radar__type_support.cpp
[2.256s] -- Up-to-date: /home/fusion/Downloads/FUSION_2024_Thormann_Landmarks/install/radar_interfaces/include/radar_interfaces/radar_interfaces/msg/detail/radar__rosidl_typesupport_introspection_cpp.hpp
[2.256s] -- Up-to-date: /home/fusion/Downloads/FUSION_2024_Thormann_Landmarks/install/radar_interfaces/include/radar_interfaces/radar_interfaces/msg/detail/ground_truth__type_support.cpp
[2.256s] -- Up-to-date: /home/fusion/Downloads/FUSION_2024_Thormann_Landmarks/install/radar_interfaces/include/radar_interfaces/radar_interfaces/msg/detail/landmark_estimate__type_support.cpp
[2.266s] -- Up-to-date: /home/fusion/Downloads/FUSION_2024_Thormann_Landmarks/install/radar_interfaces/lib/libradar_interfaces__rosidl_typesupport_introspection_cpp.so
[2.267s] -- Up-to-date: /home/fusion/Downloads/FUSION_2024_Thormann_Landmarks/install/radar_interfaces/lib/libradar_interfaces__rosidl_typesupport_cpp.so
[2.267s] -- Up-to-date: /home/fusion/Downloads/FUSION_2024_Thormann_Landmarks/install/radar_interfaces/share/radar_interfaces/environment/pythonpath.sh
[2.267s] -- Up-to-date: /home/fusion/Downloads/FUSION_2024_Thormann_Landmarks/install/radar_interfaces/share/radar_interfaces/environment/pythonpath.dsv
[2.268s] -- Up-to-date: /home/fusion/Downloads/FUSION_2024_Thormann_Landmarks/install/radar_interfaces/local/lib/python3.10/dist-packages/radar_interfaces-0.0.0-py3.10.egg-info
[2.268s] -- Installing: /home/fusion/Downloads/FUSION_2024_Thormann_Landmarks/install/radar_interfaces/local/lib/python3.10/dist-packages/radar_interfaces-0.0.0-py3.10.egg-info/dependency_links.txt
[2.268s] -- Installing: /home/fusion/Downloads/FUSION_2024_Thormann_Landmarks/install/radar_interfaces/local/lib/python3.10/dist-packages/radar_interfaces-0.0.0-py3.10.egg-info/top_level.txt
[2.269s] -- Installing: /home/fusion/Downloads/FUSION_2024_Thormann_Landmarks/install/radar_interfaces/local/lib/python3.10/dist-packages/radar_interfaces-0.0.0-py3.10.egg-info/PKG-INFO
[2.269s] -- Installing: /home/fusion/Downloads/FUSION_2024_Thormann_Landmarks/install/radar_interfaces/local/lib/python3.10/dist-packages/radar_interfaces-0.0.0-py3.10.egg-info/SOURCES.txt
[2.269s] -- Up-to-date: /home/fusion/Downloads/FUSION_2024_Thormann_Landmarks/install/radar_interfaces/local/lib/python3.10/dist-packages/radar_interfaces
[2.269s] -- Up-to-date: /home/fusion/Downloads/FUSION_2024_Thormann_Landmarks/install/radar_interfaces/local/lib/python3.10/dist-packages/radar_interfaces/libradar_interfaces__rosidl_generator_py.so
[2.270s] -- Up-to-date: /home/fusion/Downloads/FUSION_2024_Thormann_Landmarks/install/radar_interfaces/local/lib/python3.10/dist-packages/radar_interfaces/_radar_interfaces_s.ep.rosidl_typesupport_introspection_c.c
[2.270s] -- Up-to-date: /home/fusion/Downloads/FUSION_2024_Thormann_Landmarks/install/radar_interfaces/local/lib/python3.10/dist-packages/radar_interfaces/radar_interfaces_s__rosidl_typesupport_introspection_c.cpython-310-x86_64-linux-gnu.so
[2.270s] -- Up-to-date: /home/fusion/Downloads/FUSION_2024_Thormann_Landmarks/install/radar_interfaces/local/lib/python3.10/dist-packages/radar_interfaces/_radar_interfaces_s.ep.rosidl_typesupport_c.c
[2.270s] -- Up-to-date: /home/fusion/Downloads/FUSION_2024_Thormann_Landmarks/install/radar_interfaces/local/lib/python3.10/dist-packages/radar_interfaces/radar_interfaces_s__rosidl_typesupport_c.cpython-310-x86_64-linux-gnu.so
[2.270s] -- Up-to-date: /home/fusion/Downloads/FUSION_2024_Thormann_Landmarks/install/radar_interfaces/local/lib/python3.10/dist-packages/radar_interfaces/msg
[2.270s] -- Up-to-date: /home/fusion/Downloads/FUSION_2024_Thormann_Landmarks/install/radar_interfaces/local/lib/python3.10/dist-packages/radar_interfaces/msg/_landmark_estimate.py
[2.270s] -- Up-to-date: /home/fusion/Downloads/FUSION_2024_Thormann_Landmarks/install/radar_interfaces/local/lib/python3.10/dist-packages/radar_interfaces/msg/_ground_truth.py
[2.270s] -- Up-to-date: /home/fusion/Downloads/FUSION_2024_Thormann_Landmarks/install/radar_interfaces/local/lib/python3.10/dist-packages/radar_interfaces/msg/_ground_truth_s.c
[2.271s] -- Up-to-date: /home/fusion/Downloads/FUSION_2024_Thormann_Landmarks/install/radar_interfaces/local/lib/python3.10/dist-packages/radar_interfaces/msg/_radar_s.c
[2.271s] -- Up-to-date: /home/fusion/Downloads/FUSION_2024_Thormann_Landmarks/install/radar_interfaces/local/lib/python3.10/dist-packages/radar_interfaces/msg/_radar.py
[2.271s] -- Up-to-date: /home/fusion/Downloads/FUSION_2024_Thormann_Landmarks/install/radar_interfaces/local/lib/python3.10/dist-packages/radar_interfaces/msg/_landmark_estimate_s.c
[2.271s] -- Up-to-date: /home/fusion/Downloads/FUSION_2024_Thormann_Landmarks/install/radar_interfaces/local/lib/python3.10/dist-packages/radar_interfaces/msg/__init__.py
[2.271s] -- Up-to-date: /home/fusion/Downloads/FUSION_2024_Thormann_Landmarks/install/radar_interfaces/local/lib/python3.10/dist-packages/radar_interfaces/__init__.py
[2.271s] -- Up-to-date: /home/fusion/Downloads/FUSION_2024_Thormann_Landmarks/install/radar_interfaces/local/lib/python3.10/dist-packages/radar_interfaces/radar_interfaces_s__rosidl_typesupport_fastrtps_c.cpython-310-x86_64-linux-gnu.so
[2.271s] -- Up-to-date: /home/fusion/Downloads/FUSION_2024_Thormann_Landmarks/install/radar_interfaces/local/lib/python3.10/dist-packages/radar_interfaces/_radar_interfaces_s.ep.rosidl_typesupport_fastrtps_c.c
[2.355s] Listing '/home/fusion/Downloads/FUSION_2024_Thormann_Landmarks/install/radar_interfaces/local/lib/python3.10/dist-packages/radar_interfaces'...
[2.355s] Listing '/home/fusion/Downloads/FUSION_2024_Thormann_Landmarks/install/radar_interfaces/local/lib/python3.10/dist-packages/radar_interfaces/msg'...
[2.359s] -- Up-to-date: /home/fusion/Downloads/FUSION_2024_Thormann_Landmarks/install/radar_interfaces/local/lib/python3.10/dist-packages/radar_interfaces/radar_interfaces_s__rosidl_typesupport_fastrtps_c.cpython-310-x86_64-linux-gnu.so
[2.360s] -- Up-to-date: /home/fusion/Downloads/FUSION_2024_Thormann_Landmarks/install/radar_interfaces/local/lib/python3.10/dist-packages/radar_interfaces/radar_interfaces_s__rosidl_typesupport_introspection_c.cpython-310-x86_64-linux-gnu.so
[2.361s] -- Up-to-date: /home/fusion/Downloads/FUSION_2024_Thormann_Landmarks/install/radar_interfaces/local/lib/python3.10/dist-packages/radar_interfaces/radar_interfaces_s__rosidl_typesupport_c.cpython-310-x86_64-linux-gnu.so
[2.362s] -- Up-to-date: /home/fusion/Downloads/FUSION_2024_Thormann_Landmarks/install/radar_interfaces/lib/libradar_interfaces__rosidl_generator_py.so
[2.362s] -- Up-to-date: /home/fusion/Downloads/FUSION_2024_Thormann_Landmarks/install/radar_interfaces/share/radar_interfaces/msg/Radar.idl
[2.362s] -- Up-to-date: /home/fusion/Downloads/FUSION_2024_Thormann_Landmarks/install/radar_interfaces/share/radar_interfaces/msg/GroundTruth.idl
[2.363s] -- Up-to-date: /home/fusion/Downloads/FUSION_2024_Thormann_Landmarks/install/radar_interfaces/share/radar_interfaces/msg/LandmarkEstimate.idl
[2.363s] -- Up-to-date: /home/fusion/Downloads/FUSION_2024_Thormann_Landmarks/install/radar_interfaces/share/radar_interfaces/msg/Radar.msg
[2.363s] -- Up-to-date: /home/fusion/Downloads/FUSION_2024_Thormann_Landmarks/install/radar_interfaces/share/radar_interfaces/msg/GroundTruth.msg
[2.363s] -- Up-to-date: /home/fusion/Downloads/FUSION_2024_Thormann_Landmarks/install/radar_interfaces/share/radar_interfaces/msg/LandmarkEstimate.msg
[2.363s] -- Up-to-date: /home/fusion/Downloads/FUSION_2024_Thormann_Landmarks/install/radar_interfaces/share/ament_index/resource_index/package_run_dependencies/radar_interfaces
[2.363s] -- Up-to-date: /home/fusion/Downloads/FUSION_2024_Thormann_Landmarks/install/radar_interfaces/share/ament_index/resource_index/parent_prefix_path/radar_interfaces
[2.363s] -- Up-to-date: /home/fusion/Downloads/FUSION_2024_Thormann_Landmarks/install/radar_interfaces/share/radar_interfaces/environment/ament_prefix_path.sh
[2.363s] -- Up-to-date: /home/fusion/Downloads/FUSION_2024_Thormann_Landmarks/install/radar_interfaces/share/radar_interfaces/environment/ament_prefix_path.dsv
[2.363s] -- Up-to-date: /home/fusion/Downloads/FUSION_2024_Thormann_Landmarks/install/radar_interfaces/share/radar_interfaces/environment/path.sh
[2.363s] -- Up-to-date: /home/fusion/Downloads/FUSION_2024_Thormann_Landmarks/install/radar_interfaces/share/radar_interfaces/environment/path.dsv
[2.363s] -- Up-to-date: /home/fusion/Downloads/FUSION_2024_Thormann_Landmarks/install/radar_interfaces/share/radar_interfaces/local_setup.bash
[2.363s] -- Up-to-date: /home/fusion/Downloads/FUSION_2024_Thormann_Landmarks/install/radar_interfaces/share/radar_interfaces/local_setup.sh
[2.363s] -- Up-to-date: /home/fusion/Downloads/FUSION_2024_Thormann_Landmarks/install/radar_interfaces/share/radar_interfaces/local_setup.zsh
[2.364s] -- Up-to-date: /home/fusion/Downloads/FUSION_2024_Thormann_Landmarks/install/radar_interfaces/share/radar_interfaces/local_setup.dsv
[2.364s] -- Installing: /home/fusion/Downloads/FUSION_2024_Thormann_Landmarks/install/radar_interfaces/share/radar_interfaces/package.dsv
[2.365s] -- Up-to-date: /home/fusion/Downloads/FUSION_2024_Thormann_Landmarks/install/radar_interfaces/share/ament_index/resource_index/packages/radar_interfaces
[2.395s] -- Up-to-date: /home/fusion/Downloads/FUSION_2024_Thormann_Landmarks/install/radar_interfaces/share/radar_interfaces/cmake/export_radar_interfaces__rosidl_generator_cExport.cmake
[2.395s] -- Up-to-date: /home/fusion/Downloads/FUSION_2024_Thormann_Landmarks/install/radar_interfaces/share/radar_interfaces/cmake/export_radar_interfaces__rosidl_generator_cExport-noconfig.cmake
[2.395s] -- Up-to-date: /home/fusion/Downloads/FUSION_2024_Thormann_Landmarks/install/radar_interfaces/share/radar_interfaces/cmake/export_radar_interfaces__rosidl_typesupport_fastrtps_cExport.cmake
[2.396s] -- Up-to-date: /home/fusion/Downloads/FUSION_2024_Thormann_Landmarks/install/radar_interfaces/share/radar_interfaces/cmake/export_radar_interfaces__rosidl_typesupport_fastrtps_cExport-noconfig.cmake
[2.396s] -- Up-to-date: /home/fusion/Downloads/FUSION_2024_Thormann_Landmarks/install/radar_interfaces/share/radar_interfaces/cmake/export_radar_interfaces__rosidl_generator_cppExport.cmake
[2.396s] -- Up-to-date: /home/fusion/Downloads/FUSION_2024_Thormann_Landmarks/install/radar_interfaces/share/radar_interfaces/cmake/export_radar_interfaces__rosidl_typesupport_fastrtps_cppExport.cmake
[2.396s] -- Up-to-date: /home/fusion/Downloads/FUSION_2024_Thormann_Landmarks/install/radar_interfaces/share/radar_interfaces/cmake/export_radar_interfaces__rosidl_typesupport_fastrtps_cppExport-noconfig.cmake
[2.397s] -- Up-to-date: /home/fusion/Downloads/FUSION_2024_Thormann_Landmarks/install/radar_interfaces/share/radar_interfaces/cmake/radar_interfaces__rosidl_typesupport_introspection_cExport.cmake
[2.397s] -- Up-to-date: /home/fusion/Downloads/FUSION_2024_Thormann_Landmarks/install/radar_interfaces/share/radar_interfaces/cmake/radar_interfaces__rosidl_typesupport_introspection_cExport-noconfig.cmake
[2.398s] -- Up-to-date: /home/fusion/Downloads/FUSION_2024_Thormann_Landmarks/install/radar_interfaces/share/radar_interfaces/cmake/radar_interfaces__rosidl_typesupport_cExport.cmake
[2.398s] -- Up-to-date: /home/fusion/Downloads/FUSION_2024_Thormann_Landmarks/install/radar_interfaces/share/radar_interfaces/cmake/radar_interfaces__rosidl_typesupport_cExport-noconfig.cmake
[2.398s] -- Up-to-date: /home/fusion/Downloads/FUSION_2024_Thormann_Landmarks/install/radar_interfaces/share/radar_interfaces/cmake/radar_interfaces__rosidl_typesupport_introspection_cppExport.cmake
[2.398s] -- Up-to-date: /home/fusion/Downloads/FUSION_2024_Thormann_Landmarks/install/radar_interfaces/share/radar_interfaces/cmake/radar_interfaces__rosidl_typesupport_introspection_cppExport-noconfig.cmake
[2.399s] -- Up-to-date: /home/fusion/Downloads/FUSION_2024_Thormann_Landmarks/install/radar_interfaces/share/radar_interfaces/cmake/radar_interfaces__rosidl_typesupport_cppExport.cmake
[2.399s] -- Up-to-date: /home/fusion/Downloads/FUSION_2024_Thormann_Landmarks/install/radar_interfaces/share/radar_interfaces/cmake/radar_interfaces__rosidl_typesupport_cppExport-noconfig.cmake
[2.399s] -- Up-to-date: /home/fusion/Downloads/FUSION_2024_Thormann_Landmarks/install/radar_interfaces/share/radar_interfaces/cmake/export_radar_interfaces__rosidl_generator_pyExport.cmake
[2.399s] -- Up-to-date: /home/fusion/Downloads/FUSION_2024_Thormann_Landmarks/install/radar_interfaces/share/radar_interfaces/cmake/export_radar_interfaces__rosidl_generator_pyExport-noconfig.cmake
[2.399s] -- Up-to-date: /home/fusion/Downloads/FUSION_2024_Thormann_Landmarks/install/radar_interfaces/share/radar_interfaces/cmake/rosidl_cmake-extras.cmake
[2.400s] -- Up-to-date: /home/fusion/Downloads/FUSION_2024_Thormann_Landmarks/install/radar_interfaces/share/radar_interfaces/cmake/ament_cmake_export_dependencies-extras.cmake
[2.400s] -- Up-to-date: /home/fusion/Downloads/FUSION_2024_Thormann_Landmarks/install/radar_interfaces/share/radar_interfaces/cmake/ament_cmake_export_include_directories-extras.cmake
[2.400s] -- Up-to-date: /home/fusion/Downloads/FUSION_2024_Thormann_Landmarks/install/radar_interfaces/share/radar_interfaces/cmake/ament_cmake_export_libraries-extras.cmake
[2.400s] -- Up-to-date: /home/fusion/Downloads/FUSION_2024_Thormann_Landmarks/install/radar_interfaces/share/radar_interfaces/cmake/ament_cmake_export_targets-extras.cmake
[2.400s] -- Up-to-date: /home/fusion/Downloads/FUSION_2024_Thormann_Landmarks/install/radar_interfaces/share/radar_interfaces/cmake/rosidl_cmake_export_typesupport_targets-extras.cmake
[2.400s] -- Up-to-date: /home/fusion/Downloads/FUSION_2024_Thormann_Landmarks/install/radar_interfaces/share/radar_interfaces/cmake/rosidl_cmake_export_typesupport_libraries-extras.cmake
[2.400s] -- Up-to-date: /home/fusion/Downloads/FUSION_2024_Thormann_Landmarks/install/radar_interfaces/share/radar_interfaces/cmake/radar_interfacesConfig.cmake
[2.400s] -- Up-to-date: /home/fusion/Downloads/FUSION_2024_Thormann_Landmarks/install/radar_interfaces/share/radar_interfaces/cmake/radar_interfacesConfig-version.cmake
[2.400s] -- Up-to-date: /home/fusion/Downloads/FUSION_2024_Thormann_Landmarks/install/radar_interfaces/share/radar_interfaces/package.xml
[2.403s] Invoked command in '/home/fusion/Downloads/FUSION_2024_Thormann_Landmarks/build/radar_interfaces' returned '0': CMAKE_PREFIX_PATH=${CMAKE_PREFIX_PATH}:/home/fusion/turtlebot4_ws/install/radar:/home/fusion/turtlebot4_ws/install/df_example:/opt/ros/humble /usr/bin/cmake --install /home/fusion/Downloads/FUSION_2024_Thormann_Landmarks/build/radar_interfaces
