[0.560s] DEBUG:colcon:Command line arguments: ['/usr/bin/colcon', 'build']
[0.560s] DEBUG:colcon:Parsed command line arguments: Namespace(log_base=None, log_level=None, verb_name='build', build_base='build', install_base='install', merge_install=False, symlink_install=False, test_result_base=None, continue_on_error=False, executor='parallel', parallel_workers=4, event_handlers=None, ignore_user_meta=False, metas=['./colcon.meta'], base_paths=['.'], packages_ignore=None, packages_ignore_regex=None, paths=None, packages_up_to=None, packages_up_to_regex=None, packages_above=None, packages_above_and_dependencies=None, packages_above_depth=None, packages_select_by_dep=None, packages_skip_by_dep=None, packages_skip_up_to=None, packages_select_build_failed=False, packages_skip_build_finished=False, packages_select_test_failures=False, packages_skip_test_passed=False, packages_select=None, packages_skip=None, packages_select_regex=None, packages_skip_regex=None, packages_start=None, packages_end=None, allow_overriding=[], cmake_args=None, cmake_target=None, cmake_target_skip_unavailable=False, cmake_clean_cache=False, cmake_clean_first=False, cmake_force_configure=False, ament_cmake_args=None, catkin_cmake_args=None, catkin_skip_building_tests=False, mixin_files=None, mixin=None, verb_parser=<colcon_mixin.mixin.mixin_argument.MixinArgumentDecorator object at 0x77523bc3ead0>, verb_extension=<colcon_core.verb.build.BuildVerb object at 0x77523bc3ffa0>, main=<bound method BuildVerb.main of <colcon_core.verb.build.BuildVerb object at 0x77523bc3ffa0>>, mixin_verb=('build',))
[1.059s] Level 1:colcon.colcon_core.package_discovery:discover_packages(colcon_meta) check parameters
[1.059s] Level 1:colcon.colcon_core.package_discovery:discover_packages(recursive) check parameters
[1.059s] Level 1:colcon.colcon_core.package_discovery:discover_packages(ignore) check parameters
[1.059s] Level 1:colcon.colcon_core.package_discovery:discover_packages(path) check parameters
[1.059s] Level 1:colcon.colcon_core.package_discovery:discover_packages(colcon_meta) discover
[1.059s] Level 1:colcon.colcon_core.package_discovery:discover_packages(recursive) discover
[1.060s] INFO:colcon.colcon_core.package_discovery:Crawling recursively for packages in '/home/fusion/Downloads/FUSION_2024_Thormann_Landmarks'
[1.060s] Level 1:colcon.colcon_core.package_identification:_identify(.) by extensions ['ignore', 'ignore_ament_install']
[1.060s] Level 1:colcon.colcon_core.package_identification:_identify(.) by extension 'ignore'
[1.060s] Level 1:colcon.colcon_core.package_identification:_identify(.) by extension 'ignore_ament_install'
[1.060s] Level 1:colcon.colcon_core.package_identification:_identify(.) by extensions ['colcon_pkg']
[1.060s] Level 1:colcon.colcon_core.package_identification:_identify(.) by extension 'colcon_pkg'
[1.060s] Level 1:colcon.colcon_core.package_identification:_identify(.) by extensions ['colcon_meta']
[1.060s] Level 1:colcon.colcon_core.package_identification:_identify(.) by extension 'colcon_meta'
[1.061s] Level 1:colcon.colcon_core.package_identification:_identify(.) by extensions ['ros']
[1.061s] Level 1:colcon.colcon_core.package_identification:_identify(.) by extension 'ros'
[1.103s] Level 1:colcon.colcon_core.package_identification:_identify(.) by extensions ['cmake', 'python']
[1.103s] Level 1:colcon.colcon_core.package_identification:_identify(.) by extension 'cmake'
[1.103s] Level 1:colcon.colcon_core.package_identification:_identify(.) by extension 'python'
[1.104s] Level 1:colcon.colcon_core.package_identification:_identify(.) by extensions ['python_setup_py']
[1.104s] Level 1:colcon.colcon_core.package_identification:_identify(.) by extension 'python_setup_py'
[1.104s] Level 1:colcon.colcon_core.package_identification:_identify(build) by extensions ['ignore', 'ignore_ament_install']
[1.104s] Level 1:colcon.colcon_core.package_identification:_identify(build) by extension 'ignore'
[1.104s] Level 1:colcon.colcon_core.package_identification:_identify(build) ignored
[1.104s] Level 1:colcon.colcon_core.package_identification:_identify(data) by extensions ['ignore', 'ignore_ament_install']
[1.104s] Level 1:colcon.colcon_core.package_identification:_identify(data) by extension 'ignore'
[1.104s] Level 1:colcon.colcon_core.package_identification:_identify(data) by extension 'ignore_ament_install'
[1.104s] Level 1:colcon.colcon_core.package_identification:_identify(data) by extensions ['colcon_pkg']
[1.104s] Level 1:colcon.colcon_core.package_identification:_identify(data) by extension 'colcon_pkg'
[1.104s] Level 1:colcon.colcon_core.package_identification:_identify(data) by extensions ['colcon_meta']
[1.105s] Level 1:colcon.colcon_core.package_identification:_identify(data) by extension 'colcon_meta'
[1.105s] Level 1:colcon.colcon_core.package_identification:_identify(data) by extensions ['ros']
[1.105s] Level 1:colcon.colcon_core.package_identification:_identify(data) by extension 'ros'
[1.105s] Level 1:colcon.colcon_core.package_identification:_identify(data) by extensions ['cmake', 'python']
[1.105s] Level 1:colcon.colcon_core.package_identification:_identify(data) by extension 'cmake'
[1.105s] Level 1:colcon.colcon_core.package_identification:_identify(data) by extension 'python'
[1.105s] Level 1:colcon.colcon_core.package_identification:_identify(data) by extensions ['python_setup_py']
[1.105s] Level 1:colcon.colcon_core.package_identification:_identify(data) by extension 'python_setup_py'
[1.105s] Level 1:colcon.colcon_core.package_identification:_identify(data/fusion_sequences) by extensions ['ignore', 'ignore_ament_install']
[1.105s] Level 1:colcon.colcon_core.package_identification:_identify(data/fusion_sequences) by extension 'ignore'
[1.105s] Level 1:colcon.colcon_core.package_identification:_identify(data/fusion_sequences) by extension 'ignore_ament_install'
[1.105s] Level 1:colcon.colcon_core.package_identification:_identify(data/fusion_sequences) by extensions ['colcon_pkg']
[1.105s] Level 1:colcon.colcon_core.package_identification:_identify(data/fusion_sequences) by extension 'colcon_pkg'
[1.105s] Level 1:colcon.colcon_core.package_identification:_identify(data/fusion_sequences) by extensions ['colcon_meta']
[1.105s] Level 1:colcon.colcon_core.package_identification:_identify(data/fusion_sequences) by extension 'colcon_meta'
[1.106s] Level 1:colcon.colcon_core.package_identification:_identify(data/fusion_sequences) by extensions ['ros']
[1.106s] Level 1:colcon.colcon_core.package_identification:_identify(data/fusion_sequences) by extension 'ros'
[1.106s] Level 1:colcon.colcon_core.package_identification:_identify(data/fusion_sequences) by extensions ['cmake', 'python']
[1.106s] Level 1:colcon.colcon_core.package_identification:_identify(data/fusion_sequences) by extension 'cmake'
[1.106s] Level 1:colcon.colcon_core.package_identification:_identify(data/fusion_sequences) by extension 'python'
[1.106s] Level 1:colcon.colcon_core.package_identification:_identify(data/fusion_sequences) by extensions ['python_setup_py']
[1.106s] Level 1:colcon.colcon_core.package_identification:_identify(data/fusion_sequences) by extension 'python_setup_py'
[1.106s] Level 1:colcon.colcon_core.package_identification:_identify(data/fusion_sequences/seq1_linear) by extensions ['ignore', 'ignore_ament_install']
[1.106s] Level 1:colcon.colcon_core.package_identification:_identify(data/fusion_sequences/seq1_linear) by extension 'ignore'
[1.106s] Level 1:colcon.colcon_core.package_identification:_identify(data/fusion_sequences/seq1_linear) by extension 'ignore_ament_install'
[1.106s] Level 1:colcon.colcon_core.package_identification:_identify(data/fusion_sequences/seq1_linear) by extensions ['colcon_pkg']
[1.106s] Level 1:colcon.colcon_core.package_identification:_identify(data/fusion_sequences/seq1_linear) by extension 'colcon_pkg'
[1.106s] Level 1:colcon.colcon_core.package_identification:_identify(data/fusion_sequences/seq1_linear) by extensions ['colcon_meta']
[1.106s] Level 1:colcon.colcon_core.package_identification:_identify(data/fusion_sequences/seq1_linear) by extension 'colcon_meta'
[1.107s] Level 1:colcon.colcon_core.package_identification:_identify(data/fusion_sequences/seq1_linear) by extensions ['ros']
[1.107s] Level 1:colcon.colcon_core.package_identification:_identify(data/fusion_sequences/seq1_linear) by extension 'ros'
[1.107s] Level 1:colcon.colcon_core.package_identification:_identify(data/fusion_sequences/seq1_linear) by extensions ['cmake', 'python']
[1.107s] Level 1:colcon.colcon_core.package_identification:_identify(data/fusion_sequences/seq1_linear) by extension 'cmake'
[1.107s] Level 1:colcon.colcon_core.package_identification:_identify(data/fusion_sequences/seq1_linear) by extension 'python'
[1.107s] Level 1:colcon.colcon_core.package_identification:_identify(data/fusion_sequences/seq1_linear) by extensions ['python_setup_py']
[1.107s] Level 1:colcon.colcon_core.package_identification:_identify(data/fusion_sequences/seq1_linear) by extension 'python_setup_py'
[1.107s] Level 1:colcon.colcon_core.package_identification:_identify(data/fusion_sequences/seq1_linear/rosbag2_2024_02_07-15_47_40) by extensions ['ignore', 'ignore_ament_install']
[1.107s] Level 1:colcon.colcon_core.package_identification:_identify(data/fusion_sequences/seq1_linear/rosbag2_2024_02_07-15_47_40) by extension 'ignore'
[1.107s] Level 1:colcon.colcon_core.package_identification:_identify(data/fusion_sequences/seq1_linear/rosbag2_2024_02_07-15_47_40) by extension 'ignore_ament_install'
[1.107s] Level 1:colcon.colcon_core.package_identification:_identify(data/fusion_sequences/seq1_linear/rosbag2_2024_02_07-15_47_40) by extensions ['colcon_pkg']
[1.107s] Level 1:colcon.colcon_core.package_identification:_identify(data/fusion_sequences/seq1_linear/rosbag2_2024_02_07-15_47_40) by extension 'colcon_pkg'
[1.107s] Level 1:colcon.colcon_core.package_identification:_identify(data/fusion_sequences/seq1_linear/rosbag2_2024_02_07-15_47_40) by extensions ['colcon_meta']
[1.107s] Level 1:colcon.colcon_core.package_identification:_identify(data/fusion_sequences/seq1_linear/rosbag2_2024_02_07-15_47_40) by extension 'colcon_meta'
[1.107s] Level 1:colcon.colcon_core.package_identification:_identify(data/fusion_sequences/seq1_linear/rosbag2_2024_02_07-15_47_40) by extensions ['ros']
[1.108s] Level 1:colcon.colcon_core.package_identification:_identify(data/fusion_sequences/seq1_linear/rosbag2_2024_02_07-15_47_40) by extension 'ros'
[1.108s] Level 1:colcon.colcon_core.package_identification:_identify(data/fusion_sequences/seq1_linear/rosbag2_2024_02_07-15_47_40) by extensions ['cmake', 'python']
[1.108s] Level 1:colcon.colcon_core.package_identification:_identify(data/fusion_sequences/seq1_linear/rosbag2_2024_02_07-15_47_40) by extension 'cmake'
[1.108s] Level 1:colcon.colcon_core.package_identification:_identify(data/fusion_sequences/seq1_linear/rosbag2_2024_02_07-15_47_40) by extension 'python'
[1.108s] Level 1:colcon.colcon_core.package_identification:_identify(data/fusion_sequences/seq1_linear/rosbag2_2024_02_07-15_47_40) by extensions ['python_setup_py']
[1.108s] Level 1:colcon.colcon_core.package_identification:_identify(data/fusion_sequences/seq1_linear/rosbag2_2024_02_07-15_47_40) by extension 'python_setup_py'
[1.108s] Level 1:colcon.colcon_core.package_identification:_identify(data/fusion_sequences/seq2_curves) by extensions ['ignore', 'ignore_ament_install']
[1.108s] Level 1:colcon.colcon_core.package_identification:_identify(data/fusion_sequences/seq2_curves) by extension 'ignore'
[1.108s] Level 1:colcon.colcon_core.package_identification:_identify(data/fusion_sequences/seq2_curves) by extension 'ignore_ament_install'
[1.108s] Level 1:colcon.colcon_core.package_identification:_identify(data/fusion_sequences/seq2_curves) by extensions ['colcon_pkg']
[1.108s] Level 1:colcon.colcon_core.package_identification:_identify(data/fusion_sequences/seq2_curves) by extension 'colcon_pkg'
[1.108s] Level 1:colcon.colcon_core.package_identification:_identify(data/fusion_sequences/seq2_curves) by extensions ['colcon_meta']
[1.108s] Level 1:colcon.colcon_core.package_identification:_identify(data/fusion_sequences/seq2_curves) by extension 'colcon_meta'
[1.108s] Level 1:colcon.colcon_core.package_identification:_identify(data/fusion_sequences/seq2_curves) by extensions ['ros']
[1.108s] Level 1:colcon.colcon_core.package_identification:_identify(data/fusion_sequences/seq2_curves) by extension 'ros'
[1.109s] Level 1:colcon.colcon_core.package_identification:_identify(data/fusion_sequences/seq2_curves) by extensions ['cmake', 'python']
[1.109s] Level 1:colcon.colcon_core.package_identification:_identify(data/fusion_sequences/seq2_curves) by extension 'cmake'
[1.109s] Level 1:colcon.colcon_core.package_identification:_identify(data/fusion_sequences/seq2_curves) by extension 'python'
[1.109s] Level 1:colcon.colcon_core.package_identification:_identify(data/fusion_sequences/seq2_curves) by extensions ['python_setup_py']
[1.109s] Level 1:colcon.colcon_core.package_identification:_identify(data/fusion_sequences/seq2_curves) by extension 'python_setup_py'
[1.122s] Level 1:colcon.colcon_core.package_identification:_identify(data/fusion_sequences/seq2_curves/rosbag2_2024_02_07-15_53_25) by extensions ['ignore', 'ignore_ament_install']
[1.122s] Level 1:colcon.colcon_core.package_identification:_identify(data/fusion_sequences/seq2_curves/rosbag2_2024_02_07-15_53_25) by extension 'ignore'
[1.122s] Level 1:colcon.colcon_core.package_identification:_identify(data/fusion_sequences/seq2_curves/rosbag2_2024_02_07-15_53_25) by extension 'ignore_ament_install'
[1.122s] Level 1:colcon.colcon_core.package_identification:_identify(data/fusion_sequences/seq2_curves/rosbag2_2024_02_07-15_53_25) by extensions ['colcon_pkg']
[1.122s] Level 1:colcon.colcon_core.package_identification:_identify(data/fusion_sequences/seq2_curves/rosbag2_2024_02_07-15_53_25) by extension 'colcon_pkg'
[1.122s] Level 1:colcon.colcon_core.package_identification:_identify(data/fusion_sequences/seq2_curves/rosbag2_2024_02_07-15_53_25) by extensions ['colcon_meta']
[1.122s] Level 1:colcon.colcon_core.package_identification:_identify(data/fusion_sequences/seq2_curves/rosbag2_2024_02_07-15_53_25) by extension 'colcon_meta'
[1.122s] Level 1:colcon.colcon_core.package_identification:_identify(data/fusion_sequences/seq2_curves/rosbag2_2024_02_07-15_53_25) by extensions ['ros']
[1.122s] Level 1:colcon.colcon_core.package_identification:_identify(data/fusion_sequences/seq2_curves/rosbag2_2024_02_07-15_53_25) by extension 'ros'
[1.123s] Level 1:colcon.colcon_core.package_identification:_identify(data/fusion_sequences/seq2_curves/rosbag2_2024_02_07-15_53_25) by extensions ['cmake', 'python']
[1.123s] Level 1:colcon.colcon_core.package_identification:_identify(data/fusion_sequences/seq2_curves/rosbag2_2024_02_07-15_53_25) by extension 'cmake'
[1.123s] Level 1:colcon.colcon_core.package_identification:_identify(data/fusion_sequences/seq2_curves/rosbag2_2024_02_07-15_53_25) by extension 'python'
[1.123s] Level 1:colcon.colcon_core.package_identification:_identify(data/fusion_sequences/seq2_curves/rosbag2_2024_02_07-15_53_25) by extensions ['python_setup_py']
[1.123s] Level 1:colcon.colcon_core.package_identification:_identify(data/fusion_sequences/seq2_curves/rosbag2_2024_02_07-15_53_25) by extension 'python_setup_py'
[1.123s] Level 1:colcon.colcon_core.package_identification:_identify(data/fusion_sequences/seq3_slalom) by extensions ['ignore', 'ignore_ament_install']
[1.123s] Level 1:colcon.colcon_core.package_identification:_identify(data/fusion_sequences/seq3_slalom) by extension 'ignore'
[1.123s] Level 1:colcon.colcon_core.package_identification:_identify(data/fusion_sequences/seq3_slalom) by extension 'ignore_ament_install'
[1.123s] Level 1:colcon.colcon_core.package_identification:_identify(data/fusion_sequences/seq3_slalom) by extensions ['colcon_pkg']
[1.123s] Level 1:colcon.colcon_core.package_identification:_identify(data/fusion_sequences/seq3_slalom) by extension 'colcon_pkg'
[1.123s] Level 1:colcon.colcon_core.package_identification:_identify(data/fusion_sequences/seq3_slalom) by extensions ['colcon_meta']
[1.123s] Level 1:colcon.colcon_core.package_identification:_identify(data/fusion_sequences/seq3_slalom) by extension 'colcon_meta'
[1.123s] Level 1:colcon.colcon_core.package_identification:_identify(data/fusion_sequences/seq3_slalom) by extensions ['ros']
[1.123s] Level 1:colcon.colcon_core.package_identification:_identify(data/fusion_sequences/seq3_slalom) by extension 'ros'
[1.124s] Level 1:colcon.colcon_core.package_identification:_identify(data/fusion_sequences/seq3_slalom) by extensions ['cmake', 'python']
[1.124s] Level 1:colcon.colcon_core.package_identification:_identify(data/fusion_sequences/seq3_slalom) by extension 'cmake'
[1.124s] Level 1:colcon.colcon_core.package_identification:_identify(data/fusion_sequences/seq3_slalom) by extension 'python'
[1.124s] Level 1:colcon.colcon_core.package_identification:_identify(data/fusion_sequences/seq3_slalom) by extensions ['python_setup_py']
[1.124s] Level 1:colcon.colcon_core.package_identification:_identify(data/fusion_sequences/seq3_slalom) by extension 'python_setup_py'
[1.124s] Level 1:colcon.colcon_core.package_identification:_identify(data/fusion_sequences/seq3_slalom/rosbag2_2024_02_07-15_58_22) by extensions ['ignore', 'ignore_ament_install']
[1.124s] Level 1:colcon.colcon_core.package_identification:_identify(data/fusion_sequences/seq3_slalom/rosbag2_2024_02_07-15_58_22) by extension 'ignore'
[1.125s] Level 1:colcon.colcon_core.package_identification:_identify(data/fusion_sequences/seq3_slalom/rosbag2_2024_02_07-15_58_22) by extension 'ignore_ament_install'
[1.125s] Level 1:colcon.colcon_core.package_identification:_identify(data/fusion_sequences/seq3_slalom/rosbag2_2024_02_07-15_58_22) by extensions ['colcon_pkg']
[1.125s] Level 1:colcon.colcon_core.package_identification:_identify(data/fusion_sequences/seq3_slalom/rosbag2_2024_02_07-15_58_22) by extension 'colcon_pkg'
[1.125s] Level 1:colcon.colcon_core.package_identification:_identify(data/fusion_sequences/seq3_slalom/rosbag2_2024_02_07-15_58_22) by extensions ['colcon_meta']
[1.125s] Level 1:colcon.colcon_core.package_identification:_identify(data/fusion_sequences/seq3_slalom/rosbag2_2024_02_07-15_58_22) by extension 'colcon_meta'
[1.125s] Level 1:colcon.colcon_core.package_identification:_identify(data/fusion_sequences/seq3_slalom/rosbag2_2024_02_07-15_58_22) by extensions ['ros']
[1.125s] Level 1:colcon.colcon_core.package_identification:_identify(data/fusion_sequences/seq3_slalom/rosbag2_2024_02_07-15_58_22) by extension 'ros'
[1.125s] Level 1:colcon.colcon_core.package_identification:_identify(data/fusion_sequences/seq3_slalom/rosbag2_2024_02_07-15_58_22) by extensions ['cmake', 'python']
[1.125s] Level 1:colcon.colcon_core.package_identification:_identify(data/fusion_sequences/seq3_slalom/rosbag2_2024_02_07-15_58_22) by extension 'cmake'
[1.125s] Level 1:colcon.colcon_core.package_identification:_identify(data/fusion_sequences/seq3_slalom/rosbag2_2024_02_07-15_58_22) by extension 'python'
[1.125s] Level 1:colcon.colcon_core.package_identification:_identify(data/fusion_sequences/seq3_slalom/rosbag2_2024_02_07-15_58_22) by extensions ['python_setup_py']
[1.125s] Level 1:colcon.colcon_core.package_identification:_identify(data/fusion_sequences/seq3_slalom/rosbag2_2024_02_07-15_58_22) by extension 'python_setup_py'
[1.126s] Level 1:colcon.colcon_core.package_identification:_identify(data/fusion_training) by extensions ['ignore', 'ignore_ament_install']
[1.126s] Level 1:colcon.colcon_core.package_identification:_identify(data/fusion_training) by extension 'ignore'
[1.126s] Level 1:colcon.colcon_core.package_identification:_identify(data/fusion_training) by extension 'ignore_ament_install'
[1.126s] Level 1:colcon.colcon_core.package_identification:_identify(data/fusion_training) by extensions ['colcon_pkg']
[1.126s] Level 1:colcon.colcon_core.package_identification:_identify(data/fusion_training) by extension 'colcon_pkg'
[1.126s] Level 1:colcon.colcon_core.package_identification:_identify(data/fusion_training) by extensions ['colcon_meta']
[1.126s] Level 1:colcon.colcon_core.package_identification:_identify(data/fusion_training) by extension 'colcon_meta'
[1.126s] Level 1:colcon.colcon_core.package_identification:_identify(data/fusion_training) by extensions ['ros']
[1.126s] Level 1:colcon.colcon_core.package_identification:_identify(data/fusion_training) by extension 'ros'
[1.127s] Level 1:colcon.colcon_core.package_identification:_identify(data/fusion_training) by extensions ['cmake', 'python']
[1.127s] Level 1:colcon.colcon_core.package_identification:_identify(data/fusion_training) by extension 'cmake'
[1.127s] Level 1:colcon.colcon_core.package_identification:_identify(data/fusion_training) by extension 'python'
[1.127s] Level 1:colcon.colcon_core.package_identification:_identify(data/fusion_training) by extensions ['python_setup_py']
[1.127s] Level 1:colcon.colcon_core.package_identification:_identify(data/fusion_training) by extension 'python_setup_py'
[1.127s] Level 1:colcon.colcon_core.package_identification:_identify(data/fusion_validation) by extensions ['ignore', 'ignore_ament_install']
[1.128s] Level 1:colcon.colcon_core.package_identification:_identify(data/fusion_validation) by extension 'ignore'
[1.128s] Level 1:colcon.colcon_core.package_identification:_identify(data/fusion_validation) by extension 'ignore_ament_install'
[1.128s] Level 1:colcon.colcon_core.package_identification:_identify(data/fusion_validation) by extensions ['colcon_pkg']
[1.128s] Level 1:colcon.colcon_core.package_identification:_identify(data/fusion_validation) by extension 'colcon_pkg'
[1.128s] Level 1:colcon.colcon_core.package_identification:_identify(data/fusion_validation) by extensions ['colcon_meta']
[1.128s] Level 1:colcon.colcon_core.package_identification:_identify(data/fusion_validation) by extension 'colcon_meta'
[1.128s] Level 1:colcon.colcon_core.package_identification:_identify(data/fusion_validation) by extensions ['ros']
[1.128s] Level 1:colcon.colcon_core.package_identification:_identify(data/fusion_validation) by extension 'ros'
[1.128s] Level 1:colcon.colcon_core.package_identification:_identify(data/fusion_validation) by extensions ['cmake', 'python']
[1.128s] Level 1:colcon.colcon_core.package_identification:_identify(data/fusion_validation) by extension 'cmake'
[1.128s] Level 1:colcon.colcon_core.package_identification:_identify(data/fusion_validation) by extension 'python'
[1.128s] Level 1:colcon.colcon_core.package_identification:_identify(data/fusion_validation) by extensions ['python_setup_py']
[1.128s] Level 1:colcon.colcon_core.package_identification:_identify(data/fusion_validation) by extension 'python_setup_py'
[1.128s] Level 1:colcon.colcon_core.package_identification:_identify(install) by extensions ['ignore', 'ignore_ament_install']
[1.129s] Level 1:colcon.colcon_core.package_identification:_identify(install) by extension 'ignore'
[1.129s] Level 1:colcon.colcon_core.package_identification:_identify(install) ignored
[1.129s] Level 1:colcon.colcon_core.package_identification:_identify(log) by extensions ['ignore', 'ignore_ament_install']
[1.129s] Level 1:colcon.colcon_core.package_identification:_identify(log) by extension 'ignore'
[1.129s] Level 1:colcon.colcon_core.package_identification:_identify(log) ignored
[1.129s] Level 1:colcon.colcon_core.package_identification:_identify(radar) by extensions ['ignore', 'ignore_ament_install']
[1.129s] Level 1:colcon.colcon_core.package_identification:_identify(radar) by extension 'ignore'
[1.129s] Level 1:colcon.colcon_core.package_identification:_identify(radar) by extension 'ignore_ament_install'
[1.129s] Level 1:colcon.colcon_core.package_identification:_identify(radar) by extensions ['colcon_pkg']
[1.129s] Level 1:colcon.colcon_core.package_identification:_identify(radar) by extension 'colcon_pkg'
[1.129s] Level 1:colcon.colcon_core.package_identification:_identify(radar) by extensions ['colcon_meta']
[1.129s] Level 1:colcon.colcon_core.package_identification:_identify(radar) by extension 'colcon_meta'
[1.129s] Level 1:colcon.colcon_core.package_identification:_identify(radar) by extensions ['ros']
[1.130s] Level 1:colcon.colcon_core.package_identification:_identify(radar) by extension 'ros'
[1.157s] DEBUG:colcon.colcon_core.package_identification:Package 'radar' with type 'ros.ament_python' and name 'radar'
[1.157s] Level 1:colcon.colcon_core.package_identification:_identify(radar_interfaces) by extensions ['ignore', 'ignore_ament_install']
[1.157s] Level 1:colcon.colcon_core.package_identification:_identify(radar_interfaces) by extension 'ignore'
[1.158s] Level 1:colcon.colcon_core.package_identification:_identify(radar_interfaces) by extension 'ignore_ament_install'
[1.158s] Level 1:colcon.colcon_core.package_identification:_identify(radar_interfaces) by extensions ['colcon_pkg']
[1.158s] Level 1:colcon.colcon_core.package_identification:_identify(radar_interfaces) by extension 'colcon_pkg'
[1.158s] Level 1:colcon.colcon_core.package_identification:_identify(radar_interfaces) by extensions ['colcon_meta']
[1.158s] Level 1:colcon.colcon_core.package_identification:_identify(radar_interfaces) by extension 'colcon_meta'
[1.158s] Level 1:colcon.colcon_core.package_identification:_identify(radar_interfaces) by extensions ['ros']
[1.158s] Level 1:colcon.colcon_core.package_identification:_identify(radar_interfaces) by extension 'ros'
[1.176s] DEBUG:colcon.colcon_core.package_identification:Package 'radar_interfaces' with type 'ros.ament_cmake' and name 'radar_interfaces'
[1.177s] Level 1:colcon.colcon_core.package_discovery:discover_packages(recursive) using defaults
[1.177s] Level 1:colcon.colcon_core.package_discovery:discover_packages(ignore) discover
[1.177s] Level 1:colcon.colcon_core.package_discovery:discover_packages(ignore) using defaults
[1.177s] Level 1:colcon.colcon_core.package_discovery:discover_packages(path) discover
[1.177s] Level 1:colcon.colcon_core.package_discovery:discover_packages(path) using defaults
[1.350s] Level 1:colcon.colcon_core.package_discovery:discover_packages(prefix_path) check parameters
[1.350s] Level 1:colcon.colcon_core.package_discovery:discover_packages(prefix_path) discover
[1.373s] DEBUG:colcon.colcon_installed_package_information.package_discovery:Found 3 installed packages in /home/fusion/turtlebot4_ws/install
[1.378s] DEBUG:colcon.colcon_installed_package_information.package_discovery:Found 389 installed packages in /opt/ros/humble
[1.383s] Level 1:colcon.colcon_core.package_discovery:discover_packages(prefix_path) using defaults
[1.472s] Level 5:colcon.colcon_core.verb:set package 'radar' build argument 'cmake_args' from command line to 'None'
[1.472s] Level 5:colcon.colcon_core.verb:set package 'radar' build argument 'cmake_target' from command line to 'None'
[1.472s] Level 5:colcon.colcon_core.verb:set package 'radar' build argument 'cmake_target_skip_unavailable' from command line to 'False'
[1.472s] Level 5:colcon.colcon_core.verb:set package 'radar' build argument 'cmake_clean_cache' from command line to 'False'
[1.472s] Level 5:colcon.colcon_core.verb:set package 'radar' build argument 'cmake_clean_first' from command line to 'False'
[1.472s] Level 5:colcon.colcon_core.verb:set package 'radar' build argument 'cmake_force_configure' from command line to 'False'
[1.472s] Level 5:colcon.colcon_core.verb:set package 'radar' build argument 'ament_cmake_args' from command line to 'None'
[1.472s] Level 5:colcon.colcon_core.verb:set package 'radar' build argument 'catkin_cmake_args' from command line to 'None'
[1.472s] Level 5:colcon.colcon_core.verb:set package 'radar' build argument 'catkin_skip_building_tests' from command line to 'False'
[1.472s] DEBUG:colcon.colcon_core.verb:Building package 'radar' with the following arguments: {'ament_cmake_args': None, 'build_base': '/home/fusion/Downloads/FUSION_2024_Thormann_Landmarks/build/radar', 'catkin_cmake_args': None, 'catkin_skip_building_tests': False, 'cmake_args': None, 'cmake_clean_cache': False, 'cmake_clean_first': False, 'cmake_force_configure': False, 'cmake_target': None, 'cmake_target_skip_unavailable': False, 'install_base': '/home/fusion/Downloads/FUSION_2024_Thormann_Landmarks/install/radar', 'merge_install': False, 'path': '/home/fusion/Downloads/FUSION_2024_Thormann_Landmarks/radar', 'symlink_install': False, 'test_result_base': None}
[1.472s] Level 5:colcon.colcon_core.verb:set package 'radar_interfaces' build argument 'cmake_args' from command line to 'None'
[1.472s] Level 5:colcon.colcon_core.verb:set package 'radar_interfaces' build argument 'cmake_target' from command line to 'None'
[1.472s] Level 5:colcon.colcon_core.verb:set package 'radar_interfaces' build argument 'cmake_target_skip_unavailable' from command line to 'False'
[1.472s] Level 5:colcon.colcon_core.verb:set package 'radar_interfaces' build argument 'cmake_clean_cache' from command line to 'False'
[1.472s] Level 5:colcon.colcon_core.verb:set package 'radar_interfaces' build argument 'cmake_clean_first' from command line to 'False'
[1.472s] Level 5:colcon.colcon_core.verb:set package 'radar_interfaces' build argument 'cmake_force_configure' from command line to 'False'
[1.472s] Level 5:colcon.colcon_core.verb:set package 'radar_interfaces' build argument 'ament_cmake_args' from command line to 'None'
[1.472s] Level 5:colcon.colcon_core.verb:set package 'radar_interfaces' build argument 'catkin_cmake_args' from command line to 'None'
[1.472s] Level 5:colcon.colcon_core.verb:set package 'radar_interfaces' build argument 'catkin_skip_building_tests' from command line to 'False'
[1.472s] DEBUG:colcon.colcon_core.verb:Building package 'radar_interfaces' with the following arguments: {'ament_cmake_args': None, 'build_base': '/home/fusion/Downloads/FUSION_2024_Thormann_Landmarks/build/radar_interfaces', 'catkin_cmake_args': None, 'catkin_skip_building_tests': False, 'cmake_args': None, 'cmake_clean_cache': False, 'cmake_clean_first': False, 'cmake_force_configure': False, 'cmake_target': None, 'cmake_target_skip_unavailable': False, 'install_base': '/home/fusion/Downloads/FUSION_2024_Thormann_Landmarks/install/radar_interfaces', 'merge_install': False, 'path': '/home/fusion/Downloads/FUSION_2024_Thormann_Landmarks/radar_interfaces', 'symlink_install': False, 'test_result_base': None}
[1.473s] INFO:colcon.colcon_core.executor:Executing jobs using 'parallel' executor
[1.473s] DEBUG:colcon.colcon_parallel_executor.executor.parallel:run_until_complete
[1.474s] INFO:colcon.colcon_ros.task.ament_python.build:Building ROS package in '/home/fusion/Downloads/FUSION_2024_Thormann_Landmarks/radar' with build type 'ament_python'
[1.474s] Level 1:colcon.colcon_core.shell:create_environment_hook('radar', 'ament_prefix_path')
[1.501s] INFO:colcon.colcon_core.plugin_system:Skipping extension 'colcon_core.shell.bat': Not used on non-Windows systems
[1.501s] INFO:colcon.colcon_core.shell:Creating environment hook '/home/fusion/Downloads/FUSION_2024_Thormann_Landmarks/install/radar/share/radar/hook/ament_prefix_path.ps1'
[1.517s] INFO:colcon.colcon_core.shell:Creating environment descriptor '/home/fusion/Downloads/FUSION_2024_Thormann_Landmarks/install/radar/share/radar/hook/ament_prefix_path.dsv'
[1.520s] INFO:colcon.colcon_core.shell:Creating environment hook '/home/fusion/Downloads/FUSION_2024_Thormann_Landmarks/install/radar/share/radar/hook/ament_prefix_path.sh'
[1.523s] INFO:colcon.colcon_core.shell:Skip shell extension 'powershell' for command environment: Not usable outside of PowerShell
[1.524s] DEBUG:colcon.colcon_core.shell:Skip shell extension 'dsv' for command environment
[1.539s] INFO:colcon.colcon_ros.task.ament_cmake.build:Building ROS package in '/home/fusion/Downloads/FUSION_2024_Thormann_Landmarks/radar_interfaces' with build type 'ament_cmake'
[1.540s] INFO:colcon.colcon_cmake.task.cmake.build:Building CMake package in '/home/fusion/Downloads/FUSION_2024_Thormann_Landmarks/radar_interfaces'
[1.540s] INFO:colcon.colcon_core.shell:Skip shell extension 'powershell' for command environment: Not usable outside of PowerShell
[1.540s] DEBUG:colcon.colcon_core.shell:Skip shell extension 'dsv' for command environment
[1.868s] INFO:colcon.colcon_core.task.python.build:Building Python package in '/home/fusion/Downloads/FUSION_2024_Thormann_Landmarks/radar'
[1.868s] INFO:colcon.colcon_core.shell:Skip shell extension 'powershell' for command environment: Not usable outside of PowerShell
[1.868s] DEBUG:colcon.colcon_core.shell:Skip shell extension 'dsv' for command environment
[1.904s] DEBUG:colcon.colcon_core.event_handler.log_command:Invoking command in '/home/fusion/Downloads/FUSION_2024_Thormann_Landmarks/build/radar_interfaces': CMAKE_PREFIX_PATH=${CMAKE_PREFIX_PATH}:/home/fusion/turtlebot4_ws/install/radar:/home/fusion/turtlebot4_ws/install/df_example:/opt/ros/humble /usr/bin/cmake --build /home/fusion/Downloads/FUSION_2024_Thormann_Landmarks/build/radar_interfaces -- -j4 -l4
[3.505s] DEBUG:colcon.colcon_core.event_handler.log_command:Invoked command in '/home/fusion/Downloads/FUSION_2024_Thormann_Landmarks/build/radar_interfaces' returned '0': CMAKE_PREFIX_PATH=${CMAKE_PREFIX_PATH}:/home/fusion/turtlebot4_ws/install/radar:/home/fusion/turtlebot4_ws/install/df_example:/opt/ros/humble /usr/bin/cmake --build /home/fusion/Downloads/FUSION_2024_Thormann_Landmarks/build/radar_interfaces -- -j4 -l4
[3.650s] DEBUG:colcon.colcon_core.event_handler.log_command:Invoking command in '/home/fusion/Downloads/FUSION_2024_Thormann_Landmarks/build/radar_interfaces': CMAKE_PREFIX_PATH=${CMAKE_PREFIX_PATH}:/home/fusion/turtlebot4_ws/install/radar:/home/fusion/turtlebot4_ws/install/df_example:/opt/ros/humble /usr/bin/cmake --install /home/fusion/Downloads/FUSION_2024_Thormann_Landmarks/build/radar_interfaces
[3.795s] DEBUG:colcon.colcon_core.event_handler.log_command:Invoking command in '/home/fusion/Downloads/FUSION_2024_Thormann_Landmarks/radar': PYTHONPATH=/home/fusion/Downloads/FUSION_2024_Thormann_Landmarks/build/radar/prefix_override:/home/fusion/Downloads/FUSION_2024_Thormann_Landmarks/install/radar/lib/python3.10/site-packages:${PYTHONPATH} /usr/bin/python3 -W ignore:setup.py install is deprecated setup.py egg_info --egg-base ../build/radar build --build-base /home/fusion/Downloads/FUSION_2024_Thormann_Landmarks/build/radar/build install --record /home/fusion/Downloads/FUSION_2024_Thormann_Landmarks/build/radar/install.log --single-version-externally-managed install_data
[3.943s] Level 1:colcon.colcon_core.environment:create_environment_scripts_only(radar_interfaces)
[3.944s] DEBUG:colcon.colcon_core.event_handler.log_command:Invoked command in '/home/fusion/Downloads/FUSION_2024_Thormann_Landmarks/build/radar_interfaces' returned '0': CMAKE_PREFIX_PATH=${CMAKE_PREFIX_PATH}:/home/fusion/turtlebot4_ws/install/radar:/home/fusion/turtlebot4_ws/install/df_example:/opt/ros/humble /usr/bin/cmake --install /home/fusion/Downloads/FUSION_2024_Thormann_Landmarks/build/radar_interfaces
[4.015s] Level 1:colcon.colcon_core.environment:checking '/home/fusion/Downloads/FUSION_2024_Thormann_Landmarks/install/radar_interfaces' for CMake module files
[4.016s] Level 1:colcon.colcon_core.environment:checking '/home/fusion/Downloads/FUSION_2024_Thormann_Landmarks/install/radar_interfaces' for CMake config files
[4.017s] Level 1:colcon.colcon_core.shell:create_environment_hook('radar_interfaces', 'cmake_prefix_path')
[4.017s] INFO:colcon.colcon_core.shell:Creating environment hook '/home/fusion/Downloads/FUSION_2024_Thormann_Landmarks/install/radar_interfaces/share/radar_interfaces/hook/cmake_prefix_path.ps1'
[4.018s] INFO:colcon.colcon_core.shell:Creating environment descriptor '/home/fusion/Downloads/FUSION_2024_Thormann_Landmarks/install/radar_interfaces/share/radar_interfaces/hook/cmake_prefix_path.dsv'
[4.018s] INFO:colcon.colcon_core.shell:Creating environment hook '/home/fusion/Downloads/FUSION_2024_Thormann_Landmarks/install/radar_interfaces/share/radar_interfaces/hook/cmake_prefix_path.sh'
[4.019s] Level 1:colcon.colcon_core.environment:checking '/home/fusion/Downloads/FUSION_2024_Thormann_Landmarks/install/radar_interfaces/lib'
[4.019s] Level 1:colcon.colcon_core.shell:create_environment_hook('radar_interfaces', 'ld_library_path_lib')
[4.019s] INFO:colcon.colcon_core.shell:Creating environment hook '/home/fusion/Downloads/FUSION_2024_Thormann_Landmarks/install/radar_interfaces/share/radar_interfaces/hook/ld_library_path_lib.ps1'
[4.019s] INFO:colcon.colcon_core.shell:Creating environment descriptor '/home/fusion/Downloads/FUSION_2024_Thormann_Landmarks/install/radar_interfaces/share/radar_interfaces/hook/ld_library_path_lib.dsv'
[4.020s] INFO:colcon.colcon_core.shell:Creating environment hook '/home/fusion/Downloads/FUSION_2024_Thormann_Landmarks/install/radar_interfaces/share/radar_interfaces/hook/ld_library_path_lib.sh'
[4.020s] Level 1:colcon.colcon_core.environment:checking '/home/fusion/Downloads/FUSION_2024_Thormann_Landmarks/install/radar_interfaces/bin'
[4.020s] Level 1:colcon.colcon_core.environment:checking '/home/fusion/Downloads/FUSION_2024_Thormann_Landmarks/install/radar_interfaces/lib/pkgconfig/radar_interfaces.pc'
[4.020s] Level 1:colcon.colcon_core.environment:checking '/home/fusion/Downloads/FUSION_2024_Thormann_Landmarks/install/radar_interfaces/lib/python3.10/site-packages'
[4.020s] Level 1:colcon.colcon_core.environment:checking '/home/fusion/Downloads/FUSION_2024_Thormann_Landmarks/install/radar_interfaces/bin'
[4.021s] INFO:colcon.colcon_core.shell:Creating package script '/home/fusion/Downloads/FUSION_2024_Thormann_Landmarks/install/radar_interfaces/share/radar_interfaces/package.ps1'
[4.032s] INFO:colcon.colcon_core.shell:Creating package descriptor '/home/fusion/Downloads/FUSION_2024_Thormann_Landmarks/install/radar_interfaces/share/radar_interfaces/package.dsv'
[4.033s] INFO:colcon.colcon_core.shell:Creating package script '/home/fusion/Downloads/FUSION_2024_Thormann_Landmarks/install/radar_interfaces/share/radar_interfaces/package.sh'
[4.034s] INFO:colcon.colcon_core.shell:Creating package script '/home/fusion/Downloads/FUSION_2024_Thormann_Landmarks/install/radar_interfaces/share/radar_interfaces/package.bash'
[4.040s] INFO:colcon.colcon_core.shell:Creating package script '/home/fusion/Downloads/FUSION_2024_Thormann_Landmarks/install/radar_interfaces/share/radar_interfaces/package.zsh'
[4.047s] Level 1:colcon.colcon_core.environment:create_file_with_runtime_dependencies(/home/fusion/Downloads/FUSION_2024_Thormann_Landmarks/install/radar_interfaces/share/colcon-core/packages/radar_interfaces)
[4.168s] Level 1:colcon.colcon_core.environment:create_environment_scripts_only(radar_interfaces)
[4.168s] Level 1:colcon.colcon_core.environment:checking '/home/fusion/Downloads/FUSION_2024_Thormann_Landmarks/install/radar_interfaces' for CMake module files
[4.169s] Level 1:colcon.colcon_core.environment:checking '/home/fusion/Downloads/FUSION_2024_Thormann_Landmarks/install/radar_interfaces' for CMake config files
[4.170s] Level 1:colcon.colcon_core.shell:create_environment_hook('radar_interfaces', 'cmake_prefix_path')
[4.170s] INFO:colcon.colcon_core.shell:Creating environment hook '/home/fusion/Downloads/FUSION_2024_Thormann_Landmarks/install/radar_interfaces/share/radar_interfaces/hook/cmake_prefix_path.ps1'
[4.171s] INFO:colcon.colcon_core.shell:Creating environment descriptor '/home/fusion/Downloads/FUSION_2024_Thormann_Landmarks/install/radar_interfaces/share/radar_interfaces/hook/cmake_prefix_path.dsv'
[4.171s] INFO:colcon.colcon_core.shell:Creating environment hook '/home/fusion/Downloads/FUSION_2024_Thormann_Landmarks/install/radar_interfaces/share/radar_interfaces/hook/cmake_prefix_path.sh'
[4.172s] Level 1:colcon.colcon_core.environment:checking '/home/fusion/Downloads/FUSION_2024_Thormann_Landmarks/install/radar_interfaces/lib'
[4.172s] Level 1:colcon.colcon_core.shell:create_environment_hook('radar_interfaces', 'ld_library_path_lib')
[4.172s] INFO:colcon.colcon_core.shell:Creating environment hook '/home/fusion/Downloads/FUSION_2024_Thormann_Landmarks/install/radar_interfaces/share/radar_interfaces/hook/ld_library_path_lib.ps1'
[4.172s] INFO:colcon.colcon_core.shell:Creating environment descriptor '/home/fusion/Downloads/FUSION_2024_Thormann_Landmarks/install/radar_interfaces/share/radar_interfaces/hook/ld_library_path_lib.dsv'
[4.173s] INFO:colcon.colcon_core.shell:Creating environment hook '/home/fusion/Downloads/FUSION_2024_Thormann_Landmarks/install/radar_interfaces/share/radar_interfaces/hook/ld_library_path_lib.sh'
[4.173s] Level 1:colcon.colcon_core.environment:checking '/home/fusion/Downloads/FUSION_2024_Thormann_Landmarks/install/radar_interfaces/bin'
[4.173s] Level 1:colcon.colcon_core.environment:checking '/home/fusion/Downloads/FUSION_2024_Thormann_Landmarks/install/radar_interfaces/lib/pkgconfig/radar_interfaces.pc'
[4.174s] Level 1:colcon.colcon_core.environment:checking '/home/fusion/Downloads/FUSION_2024_Thormann_Landmarks/install/radar_interfaces/lib/python3.10/site-packages'
[4.174s] Level 1:colcon.colcon_core.environment:checking '/home/fusion/Downloads/FUSION_2024_Thormann_Landmarks/install/radar_interfaces/bin'
[4.174s] INFO:colcon.colcon_core.shell:Creating package script '/home/fusion/Downloads/FUSION_2024_Thormann_Landmarks/install/radar_interfaces/share/radar_interfaces/package.ps1'
[4.175s] INFO:colcon.colcon_core.shell:Creating package descriptor '/home/fusion/Downloads/FUSION_2024_Thormann_Landmarks/install/radar_interfaces/share/radar_interfaces/package.dsv'
[4.176s] INFO:colcon.colcon_core.shell:Creating package script '/home/fusion/Downloads/FUSION_2024_Thormann_Landmarks/install/radar_interfaces/share/radar_interfaces/package.sh'
[4.176s] INFO:colcon.colcon_core.shell:Creating package script '/home/fusion/Downloads/FUSION_2024_Thormann_Landmarks/install/radar_interfaces/share/radar_interfaces/package.bash'
[4.177s] INFO:colcon.colcon_core.shell:Creating package script '/home/fusion/Downloads/FUSION_2024_Thormann_Landmarks/install/radar_interfaces/share/radar_interfaces/package.zsh'
[4.177s] Level 1:colcon.colcon_core.environment:create_file_with_runtime_dependencies(/home/fusion/Downloads/FUSION_2024_Thormann_Landmarks/install/radar_interfaces/share/colcon-core/packages/radar_interfaces)
[4.186s] Level 1:colcon.colcon_core.environment:checking '/home/fusion/Downloads/FUSION_2024_Thormann_Landmarks/install/radar' for CMake module files
[4.187s] DEBUG:colcon.colcon_core.event_handler.log_command:Invoked command in '/home/fusion/Downloads/FUSION_2024_Thormann_Landmarks/radar' returned '0': PYTHONPATH=/home/fusion/Downloads/FUSION_2024_Thormann_Landmarks/build/radar/prefix_override:/home/fusion/Downloads/FUSION_2024_Thormann_Landmarks/install/radar/lib/python3.10/site-packages:${PYTHONPATH} /usr/bin/python3 -W ignore:setup.py install is deprecated setup.py egg_info --egg-base ../build/radar build --build-base /home/fusion/Downloads/FUSION_2024_Thormann_Landmarks/build/radar/build install --record /home/fusion/Downloads/FUSION_2024_Thormann_Landmarks/build/radar/install.log --single-version-externally-managed install_data
[4.187s] Level 1:colcon.colcon_core.environment:checking '/home/fusion/Downloads/FUSION_2024_Thormann_Landmarks/install/radar' for CMake config files
[4.189s] Level 1:colcon.colcon_core.environment:checking '/home/fusion/Downloads/FUSION_2024_Thormann_Landmarks/install/radar/lib'
[4.189s] Level 1:colcon.colcon_core.environment:checking '/home/fusion/Downloads/FUSION_2024_Thormann_Landmarks/install/radar/bin'
[4.189s] Level 1:colcon.colcon_core.environment:checking '/home/fusion/Downloads/FUSION_2024_Thormann_Landmarks/install/radar/lib/pkgconfig/radar.pc'
[4.189s] Level 1:colcon.colcon_core.environment:checking '/home/fusion/Downloads/FUSION_2024_Thormann_Landmarks/install/radar/lib/python3.10/site-packages'
[4.189s] Level 1:colcon.colcon_core.shell:create_environment_hook('radar', 'pythonpath')
[4.190s] INFO:colcon.colcon_core.shell:Creating environment hook '/home/fusion/Downloads/FUSION_2024_Thormann_Landmarks/install/radar/share/radar/hook/pythonpath.ps1'
[4.190s] INFO:colcon.colcon_core.shell:Creating environment descriptor '/home/fusion/Downloads/FUSION_2024_Thormann_Landmarks/install/radar/share/radar/hook/pythonpath.dsv'
[4.191s] INFO:colcon.colcon_core.shell:Creating environment hook '/home/fusion/Downloads/FUSION_2024_Thormann_Landmarks/install/radar/share/radar/hook/pythonpath.sh'
[4.191s] Level 1:colcon.colcon_core.environment:checking '/home/fusion/Downloads/FUSION_2024_Thormann_Landmarks/install/radar/bin'
[4.191s] Level 1:colcon.colcon_core.environment:create_environment_scripts_only(radar)
[4.192s] INFO:colcon.colcon_core.shell:Creating package script '/home/fusion/Downloads/FUSION_2024_Thormann_Landmarks/install/radar/share/radar/package.ps1'
[4.192s] INFO:colcon.colcon_core.shell:Creating package descriptor '/home/fusion/Downloads/FUSION_2024_Thormann_Landmarks/install/radar/share/radar/package.dsv'
[4.193s] INFO:colcon.colcon_core.shell:Creating package script '/home/fusion/Downloads/FUSION_2024_Thormann_Landmarks/install/radar/share/radar/package.sh'
[4.193s] INFO:colcon.colcon_core.shell:Creating package script '/home/fusion/Downloads/FUSION_2024_Thormann_Landmarks/install/radar/share/radar/package.bash'
[4.194s] INFO:colcon.colcon_core.shell:Creating package script '/home/fusion/Downloads/FUSION_2024_Thormann_Landmarks/install/radar/share/radar/package.zsh'
[4.194s] Level 1:colcon.colcon_core.environment:create_file_with_runtime_dependencies(/home/fusion/Downloads/FUSION_2024_Thormann_Landmarks/install/radar/share/colcon-core/packages/radar)
[4.194s] DEBUG:colcon.colcon_parallel_executor.executor.parallel:closing loop
[4.195s] DEBUG:colcon.colcon_parallel_executor.executor.parallel:loop closed
[4.195s] DEBUG:colcon.colcon_parallel_executor.executor.parallel:run_until_complete finished with '0'
[4.195s] DEBUG:colcon.colcon_core.event_reactor:joining thread
[4.218s] INFO:colcon.colcon_core.plugin_system:Skipping extension 'colcon_notification.desktop_notification.terminal_notifier': Not used on non-Darwin systems
[4.219s] INFO:colcon.colcon_core.plugin_system:Skipping extension 'colcon_notification.desktop_notification.win32': Not used on non-Windows systems
[4.219s] INFO:colcon.colcon_notification.desktop_notification:Sending desktop notification using 'notify2'
[4.240s] DEBUG:colcon.colcon_core.event_reactor:joined thread
[4.240s] INFO:colcon.colcon_core.shell:Creating prefix script '/home/fusion/Downloads/FUSION_2024_Thormann_Landmarks/install/local_setup.ps1'
[4.242s] INFO:colcon.colcon_core.shell:Creating prefix util module '/home/fusion/Downloads/FUSION_2024_Thormann_Landmarks/install/_local_setup_util_ps1.py'
[4.244s] INFO:colcon.colcon_core.shell:Creating prefix chain script '/home/fusion/Downloads/FUSION_2024_Thormann_Landmarks/install/setup.ps1'
[4.246s] INFO:colcon.colcon_core.shell:Creating prefix script '/home/fusion/Downloads/FUSION_2024_Thormann_Landmarks/install/local_setup.sh'
[4.248s] INFO:colcon.colcon_core.shell:Creating prefix util module '/home/fusion/Downloads/FUSION_2024_Thormann_Landmarks/install/_local_setup_util_sh.py'
[4.249s] INFO:colcon.colcon_core.shell:Creating prefix chain script '/home/fusion/Downloads/FUSION_2024_Thormann_Landmarks/install/setup.sh'
[4.250s] INFO:colcon.colcon_core.shell:Creating prefix script '/home/fusion/Downloads/FUSION_2024_Thormann_Landmarks/install/local_setup.bash'
[4.251s] INFO:colcon.colcon_core.shell:Creating prefix chain script '/home/fusion/Downloads/FUSION_2024_Thormann_Landmarks/install/setup.bash'
[4.253s] INFO:colcon.colcon_core.shell:Creating prefix script '/home/fusion/Downloads/FUSION_2024_Thormann_Landmarks/install/local_setup.zsh'
[4.254s] INFO:colcon.colcon_core.shell:Creating prefix chain script '/home/fusion/Downloads/FUSION_2024_Thormann_Landmarks/install/setup.zsh'
