[0.081s] Invoking command in '/home/fusion/Downloads/FUSION_2024_Thormann_Landmarks/build/radar_interfaces': CMAKE_PREFIX_PATH=${CMAKE_PREFIX_PATH}:/home/fusion/turtlebot4_ws/install/radar:/home/fusion/turtlebot4_ws/install/df_example:/opt/ros/humble /usr/bin/cmake /home/fusion/Downloads/FUSION_2024_Thormann_Landmarks/radar_interfaces -DCMAKE_INSTALL_PREFIX=/home/fusion/Downloads/FUSION_2024_Thormann_Landmarks/install/radar_interfaces
[1.363s] -- The C compiler identification is GNU 11.4.0
[1.933s] -- The CXX compiler identification is GNU 11.4.0
[1.976s] -- Detecting C compiler ABI info
[2.260s] -- Detecting C compiler ABI info - done
[2.268s] -- Check for working C compiler: /usr/bin/cc - skipped
[2.269s] -- Detecting C compile features
[2.289s] -- Detecting C compile features - done
[2.298s] -- Detecting CXX compiler ABI info
[2.466s] -- Detecting CXX compiler ABI info - done
[2.474s] -- Check for working CXX compiler: /usr/bin/c++ - skipped
[2.474s] -- Detecting CXX compile features
[2.474s] -- Detecting CXX compile features - done
[2.523s] -- Found ament_cmake: 1.3.8 (/opt/ros/humble/share/ament_cmake/cmake)
[2.863s] -- Found Python3: /usr/bin/python3 (found version "3.10.12") found components: Interpreter 
[3.227s] -- Found ament_lint_auto: 0.12.10 (/opt/ros/humble/share/ament_lint_auto/cmake)
[3.473s] -- Found std_msgs: 4.2.3 (/opt/ros/humble/share/std_msgs/cmake)
[3.756s] -- Found rosidl_generator_c: 3.1.5 (/opt/ros/humble/share/rosidl_generator_c/cmake)
[3.772s] -- Found rosidl_adapter: 3.1.5 (/opt/ros/humble/share/rosidl_adapter/cmake)
[3.796s] -- Found rosidl_generator_cpp: 3.1.5 (/opt/ros/humble/share/rosidl_generator_cpp/cmake)
[3.886s] -- Using all available rosidl_typesupport_c: rosidl_typesupport_fastrtps_c;rosidl_typesupport_introspection_c
[3.974s] -- Using all available rosidl_typesupport_cpp: rosidl_typesupport_fastrtps_cpp;rosidl_typesupport_introspection_cpp
[4.049s] -- Found rosidl_default_generators: 1.2.0 (/opt/ros/humble/share/rosidl_default_generators/cmake)
[4.431s] -- Found ament_cmake_ros: 0.10.0 (/opt/ros/humble/share/ament_cmake_ros/cmake)
[4.975s] -- Using all available rosidl_typesupport_c: rosidl_typesupport_fastrtps_c;rosidl_typesupport_introspection_c
[5.115s] -- Using all available rosidl_typesupport_cpp: rosidl_typesupport_fastrtps_cpp;rosidl_typesupport_introspection_cpp
[5.151s] -- Found PythonInterp: /usr/bin/python3 (found suitable version "3.10.12", minimum required is "3.6") 
[5.154s] -- Found python_cmake_module: 0.10.0 (/opt/ros/humble/share/python_cmake_module/cmake)
[5.271s] -- Found PythonLibs: /usr/lib/x86_64-linux-gnu/libpython3.10.so (found suitable version "3.10.12", minimum required is "3.5") 
[5.271s] -- Using PYTHON_EXECUTABLE: /usr/bin/python3
[5.271s] -- Using PYTHON_INCLUDE_DIRS: /usr/include/python3.10
[5.272s] -- Using PYTHON_LIBRARIES: /usr/lib/x86_64-linux-gnu/libpython3.10.so
[5.328s] -- Found PythonExtra: .so  
[5.484s] -- Added test 'lint_cmake' to check CMake code style
[5.501s] -- Added test 'xmllint' to check XML markup files
[5.557s] -- Configuring done
[5.612s] -- Generating done
[5.615s] -- Build files have been written to: /home/fusion/Downloads/FUSION_2024_Thormann_Landmarks/build/radar_interfaces
[5.621s] Invoked command in '/home/fusion/Downloads/FUSION_2024_Thormann_Landmarks/build/radar_interfaces' returned '0': CMAKE_PREFIX_PATH=${CMAKE_PREFIX_PATH}:/home/fusion/turtlebot4_ws/install/radar:/home/fusion/turtlebot4_ws/install/df_example:/opt/ros/humble /usr/bin/cmake /home/fusion/Downloads/FUSION_2024_Thormann_Landmarks/radar_interfaces -DCMAKE_INSTALL_PREFIX=/home/fusion/Downloads/FUSION_2024_Thormann_Landmarks/install/radar_interfaces
[5.623s] Invoking command in '/home/fusion/Downloads/FUSION_2024_Thormann_Landmarks/build/radar_interfaces': CMAKE_PREFIX_PATH=${CMAKE_PREFIX_PATH}:/home/fusion/turtlebot4_ws/install/radar:/home/fusion/turtlebot4_ws/install/df_example:/opt/ros/humble /usr/bin/cmake --build /home/fusion/Downloads/FUSION_2024_Thormann_Landmarks/build/radar_interfaces -- -j4 -l4
[5.669s] [  2%] [34m[1mGenerating C code for ROS interfaces[0m
[5.682s] [  4%] [34m[1mGenerating C++ code for ROS interfaces[0m
[5.692s] [  4%] Built target ament_cmake_python_copy_radar_interfaces
[5.973s] running egg_info
[5.973s] creating radar_interfaces.egg-info
[5.973s] writing radar_interfaces.egg-info/PKG-INFO
[5.973s] writing dependency_links to radar_interfaces.egg-info/dependency_links.txt
[5.973s] writing top-level names to radar_interfaces.egg-info/top_level.txt
[5.974s] writing manifest file 'radar_interfaces.egg-info/SOURCES.txt'
[5.992s] reading manifest file 'radar_interfaces.egg-info/SOURCES.txt'
[5.992s] writing manifest file 'radar_interfaces.egg-info/SOURCES.txt'
[6.021s] [  4%] Built target ament_cmake_python_build_radar_interfaces_egg
[6.102s] [  4%] Built target radar_interfaces__cpp
[6.115s] [  6%] [34m[1mGenerating C++ type support dispatch for ROS interfaces[0m
[6.121s] [ 10%] [34m[1mGenerating C++ introspection for ROS interfaces[0m
[6.121s] [ 10%] [34m[1mGenerating C++ type support for eProsima Fast-RTPS[0m
[6.140s] [ 12%] [32mBuilding C object CMakeFiles/radar_interfaces__rosidl_generator_c.dir/rosidl_generator_c/radar_interfaces/msg/detail/radar__functions.c.o[0m
[6.466s] [ 14%] [32mBuilding CXX object CMakeFiles/radar_interfaces__rosidl_typesupport_cpp.dir/rosidl_typesupport_cpp/radar_interfaces/msg/radar__type_support.cpp.o[0m
[6.470s] [ 17%] [32mBuilding C object CMakeFiles/radar_interfaces__rosidl_generator_c.dir/rosidl_generator_c/radar_interfaces/msg/detail/ground_truth__functions.c.o[0m
[6.527s] [ 19%] [32mBuilding CXX object CMakeFiles/radar_interfaces__rosidl_typesupport_introspection_cpp.dir/rosidl_typesupport_introspection_cpp/radar_interfaces/msg/detail/radar__type_support.cpp.o[0m
[6.529s] [ 21%] [32mBuilding CXX object CMakeFiles/radar_interfaces__rosidl_typesupport_fastrtps_cpp.dir/rosidl_typesupport_fastrtps_cpp/radar_interfaces/msg/detail/dds_fastrtps/radar__type_support.cpp.o[0m
[6.534s] [ 23%] [32mBuilding C object CMakeFiles/radar_interfaces__rosidl_generator_c.dir/rosidl_generator_c/radar_interfaces/msg/detail/landmark_estimate__functions.c.o[0m
[6.591s] [ 25%] [32m[1mLinking C shared library libradar_interfaces__rosidl_generator_c.so[0m
[6.741s] [ 25%] Built target radar_interfaces__rosidl_generator_c
[6.754s] [ 27%] [32mBuilding CXX object CMakeFiles/radar_interfaces__rosidl_typesupport_introspection_cpp.dir/rosidl_typesupport_introspection_cpp/radar_interfaces/msg/detail/ground_truth__type_support.cpp.o[0m
[7.612s] [ 29%] [32mBuilding CXX object CMakeFiles/radar_interfaces__rosidl_typesupport_cpp.dir/rosidl_typesupport_cpp/radar_interfaces/msg/ground_truth__type_support.cpp.o[0m
[7.773s] [ 31%] [32mBuilding CXX object CMakeFiles/radar_interfaces__rosidl_typesupport_introspection_cpp.dir/rosidl_typesupport_introspection_cpp/radar_interfaces/msg/detail/landmark_estimate__type_support.cpp.o[0m
[7.775s] [ 34%] [34m[1mGenerating C type support for eProsima Fast-RTPS[0m
[7.791s] [ 36%] [32mBuilding CXX object CMakeFiles/radar_interfaces__rosidl_typesupport_fastrtps_cpp.dir/rosidl_typesupport_fastrtps_cpp/radar_interfaces/msg/detail/dds_fastrtps/ground_truth__type_support.cpp.o[0m
[7.915s] [ 38%] [32mBuilding CXX object CMakeFiles/radar_interfaces__rosidl_typesupport_cpp.dir/rosidl_typesupport_cpp/radar_interfaces/msg/landmark_estimate__type_support.cpp.o[0m
[8.235s] [ 40%] [32mBuilding CXX object CMakeFiles/radar_interfaces__rosidl_typesupport_fastrtps_c.dir/rosidl_typesupport_fastrtps_c/radar_interfaces/msg/detail/radar__type_support_c.cpp.o[0m
[8.250s] [ 42%] [32m[1mLinking CXX shared library libradar_interfaces__rosidl_typesupport_cpp.so[0m
[8.279s] [ 44%] [32m[1mLinking CXX shared library libradar_interfaces__rosidl_typesupport_introspection_cpp.so[0m
[8.309s] [ 44%] Built target radar_interfaces__rosidl_typesupport_cpp
[8.315s] [ 46%] [32mBuilding CXX object CMakeFiles/radar_interfaces__rosidl_typesupport_fastrtps_cpp.dir/rosidl_typesupport_fastrtps_cpp/radar_interfaces/msg/detail/dds_fastrtps/landmark_estimate__type_support.cpp.o[0m
[8.324s] [ 48%] [34m[1mGenerating C introspection for ROS interfaces[0m
[8.395s] [ 48%] Built target radar_interfaces__rosidl_typesupport_introspection_cpp
[8.409s] [ 51%] [34m[1mGenerating C type support dispatch for ROS interfaces[0m
[8.644s] [ 53%] [32mBuilding CXX object CMakeFiles/radar_interfaces__rosidl_typesupport_fastrtps_c.dir/rosidl_typesupport_fastrtps_c/radar_interfaces/msg/detail/ground_truth__type_support_c.cpp.o[0m
[8.754s] [ 55%] [32mBuilding C object CMakeFiles/radar_interfaces__rosidl_typesupport_introspection_c.dir/rosidl_typesupport_introspection_c/radar_interfaces/msg/detail/radar__type_support.c.o[0m
[8.765s] [ 57%] [32mBuilding CXX object CMakeFiles/radar_interfaces__rosidl_typesupport_c.dir/rosidl_typesupport_c/radar_interfaces/msg/radar__type_support.cpp.o[0m
[8.812s] [ 59%] [32mBuilding CXX object CMakeFiles/radar_interfaces__rosidl_typesupport_c.dir/rosidl_typesupport_c/radar_interfaces/msg/ground_truth__type_support.cpp.o[0m
[8.819s] [ 61%] [32mBuilding C object CMakeFiles/radar_interfaces__rosidl_typesupport_introspection_c.dir/rosidl_typesupport_introspection_c/radar_interfaces/msg/detail/ground_truth__type_support.c.o[0m
[8.827s] [ 63%] [32m[1mLinking CXX shared library libradar_interfaces__rosidl_typesupport_fastrtps_cpp.so[0m
[8.872s] [ 65%] [32mBuilding CXX object CMakeFiles/radar_interfaces__rosidl_typesupport_c.dir/rosidl_typesupport_c/radar_interfaces/msg/landmark_estimate__type_support.cpp.o[0m
[8.875s] [ 68%] [32mBuilding C object CMakeFiles/radar_interfaces__rosidl_typesupport_introspection_c.dir/rosidl_typesupport_introspection_c/radar_interfaces/msg/detail/landmark_estimate__type_support.c.o[0m
[8.921s] [ 70%] [32m[1mLinking CXX shared library libradar_interfaces__rosidl_typesupport_c.so[0m
[8.947s] [ 70%] Built target radar_interfaces__rosidl_typesupport_fastrtps_cpp
[8.950s] [ 72%] [32m[1mLinking C shared library libradar_interfaces__rosidl_typesupport_introspection_c.so[0m
[8.962s] [ 74%] [32mBuilding CXX object CMakeFiles/radar_interfaces__rosidl_typesupport_fastrtps_c.dir/rosidl_typesupport_fastrtps_c/radar_interfaces/msg/detail/landmark_estimate__type_support_c.cpp.o[0m
[8.984s] [ 74%] Built target radar_interfaces__rosidl_typesupport_c
[9.011s] [ 74%] Built target radar_interfaces__rosidl_typesupport_introspection_c
[9.292s] [ 76%] [32m[1mLinking CXX shared library libradar_interfaces__rosidl_typesupport_fastrtps_c.so[0m
[9.440s] [ 76%] Built target radar_interfaces__rosidl_typesupport_fastrtps_c
[9.469s] [ 76%] Built target radar_interfaces
[9.496s] [ 78%] [34m[1mGenerating Python code for ROS interfaces[0m
[10.006s] [ 78%] Built target radar_interfaces__py
[10.031s] [ 85%] [32mBuilding C object CMakeFiles/radar_interfaces__rosidl_generator_py.dir/rosidl_generator_py/radar_interfaces/msg/_ground_truth_s.c.o[0m
[10.031s] [ 85%] [32mBuilding C object CMakeFiles/radar_interfaces__rosidl_generator_py.dir/rosidl_generator_py/radar_interfaces/msg/_radar_s.c.o[0m
[10.031s] [ 85%] [32mBuilding C object CMakeFiles/radar_interfaces__rosidl_generator_py.dir/rosidl_generator_py/radar_interfaces/msg/_landmark_estimate_s.c.o[0m
[10.646s] [ 87%] [32m[1mLinking C shared library rosidl_generator_py/radar_interfaces/libradar_interfaces__rosidl_generator_py.so[0m
[10.725s] [ 87%] Built target radar_interfaces__rosidl_generator_py
[10.748s] [ 91%] [32mBuilding C object CMakeFiles/radar_interfaces__rosidl_typesupport_fastrtps_c__pyext.dir/rosidl_generator_py/radar_interfaces/_radar_interfaces_s.ep.rosidl_typesupport_fastrtps_c.c.o[0m
[10.748s] [ 91%] [32mBuilding C object CMakeFiles/radar_interfaces__rosidl_typesupport_introspection_c__pyext.dir/rosidl_generator_py/radar_interfaces/_radar_interfaces_s.ep.rosidl_typesupport_introspection_c.c.o[0m
[10.748s] [ 93%] [32mBuilding C object CMakeFiles/radar_interfaces__rosidl_typesupport_c__pyext.dir/rosidl_generator_py/radar_interfaces/_radar_interfaces_s.ep.rosidl_typesupport_c.c.o[0m
[10.868s] [ 97%] [32m[1mLinking C shared library rosidl_generator_py/radar_interfaces/radar_interfaces_s__rosidl_typesupport_c.cpython-310-x86_64-linux-gnu.so[0m
[10.868s] [ 97%] [32m[1mLinking C shared library rosidl_generator_py/radar_interfaces/radar_interfaces_s__rosidl_typesupport_fastrtps_c.cpython-310-x86_64-linux-gnu.so[0m
[10.870s] [100%] [32m[1mLinking C shared library rosidl_generator_py/radar_interfaces/radar_interfaces_s__rosidl_typesupport_introspection_c.cpython-310-x86_64-linux-gnu.so[0m
[10.915s] [100%] Built target radar_interfaces__rosidl_typesupport_fastrtps_c__pyext
[10.915s] [100%] Built target radar_interfaces__rosidl_typesupport_c__pyext
[10.919s] [100%] Built target radar_interfaces__rosidl_typesupport_introspection_c__pyext
[10.933s] Invoked command in '/home/fusion/Downloads/FUSION_2024_Thormann_Landmarks/build/radar_interfaces' returned '0': CMAKE_PREFIX_PATH=${CMAKE_PREFIX_PATH}:/home/fusion/turtlebot4_ws/install/radar:/home/fusion/turtlebot4_ws/install/df_example:/opt/ros/humble /usr/bin/cmake --build /home/fusion/Downloads/FUSION_2024_Thormann_Landmarks/build/radar_interfaces -- -j4 -l4
[11.081s] Invoking command in '/home/fusion/Downloads/FUSION_2024_Thormann_Landmarks/build/radar_interfaces': CMAKE_PREFIX_PATH=${CMAKE_PREFIX_PATH}:/home/fusion/turtlebot4_ws/install/radar:/home/fusion/turtlebot4_ws/install/df_example:/opt/ros/humble /usr/bin/cmake --install /home/fusion/Downloads/FUSION_2024_Thormann_Landmarks/build/radar_interfaces
[11.091s] -- Install configuration: ""
[11.091s] -- Installing: /home/fusion/Downloads/FUSION_2024_Thormann_Landmarks/install/radar_interfaces/share/ament_index/resource_index/rosidl_interfaces/radar_interfaces
[11.091s] -- Installing: /home/fusion/Downloads/FUSION_2024_Thormann_Landmarks/install/radar_interfaces/include/radar_interfaces/radar_interfaces
[11.092s] -- Installing: /home/fusion/Downloads/FUSION_2024_Thormann_Landmarks/install/radar_interfaces/include/radar_interfaces/radar_interfaces/msg
[11.092s] -- Installing: /home/fusion/Downloads/FUSION_2024_Thormann_Landmarks/install/radar_interfaces/include/radar_interfaces/radar_interfaces/msg/detail
[11.092s] -- Installing: /home/fusion/Downloads/FUSION_2024_Thormann_Landmarks/install/radar_interfaces/include/radar_interfaces/radar_interfaces/msg/detail/landmark_estimate__functions.c
[11.092s] -- Installing: /home/fusion/Downloads/FUSION_2024_Thormann_Landmarks/install/radar_interfaces/include/radar_interfaces/radar_interfaces/msg/detail/radar__functions.h
[11.092s] -- Installing: /home/fusion/Downloads/FUSION_2024_Thormann_Landmarks/install/radar_interfaces/include/radar_interfaces/radar_interfaces/msg/detail/landmark_estimate__struct.h
[11.092s] -- Installing: /home/fusion/Downloads/FUSION_2024_Thormann_Landmarks/install/radar_interfaces/include/radar_interfaces/radar_interfaces/msg/detail/landmark_estimate__type_support.h
[11.092s] -- Installing: /home/fusion/Downloads/FUSION_2024_Thormann_Landmarks/install/radar_interfaces/include/radar_interfaces/radar_interfaces/msg/detail/radar__functions.c
[11.092s] -- Installing: /home/fusion/Downloads/FUSION_2024_Thormann_Landmarks/install/radar_interfaces/include/radar_interfaces/radar_interfaces/msg/detail/ground_truth__functions.h
[11.092s] -- Installing: /home/fusion/Downloads/FUSION_2024_Thormann_Landmarks/install/radar_interfaces/include/radar_interfaces/radar_interfaces/msg/detail/radar__type_support.h
[11.093s] -- Installing: /home/fusion/Downloads/FUSION_2024_Thormann_Landmarks/install/radar_interfaces/include/radar_interfaces/radar_interfaces/msg/detail/ground_truth__struct.h
[11.093s] -- Installing: /home/fusion/Downloads/FUSION_2024_Thormann_Landmarks/install/radar_interfaces/include/radar_interfaces/radar_interfaces/msg/detail/ground_truth__type_support.h
[11.093s] -- Installing: /home/fusion/Downloads/FUSION_2024_Thormann_Landmarks/install/radar_interfaces/include/radar_interfaces/radar_interfaces/msg/detail/ground_truth__functions.c
[11.093s] -- Installing: /home/fusion/Downloads/FUSION_2024_Thormann_Landmarks/install/radar_interfaces/include/radar_interfaces/radar_interfaces/msg/detail/radar__struct.h
[11.093s] -- Installing: /home/fusion/Downloads/FUSION_2024_Thormann_Landmarks/install/radar_interfaces/include/radar_interfaces/radar_interfaces/msg/detail/landmark_estimate__functions.h
[11.093s] -- Installing: /home/fusion/Downloads/FUSION_2024_Thormann_Landmarks/install/radar_interfaces/include/radar_interfaces/radar_interfaces/msg/rosidl_generator_c__visibility_control.h
[11.093s] -- Installing: /home/fusion/Downloads/FUSION_2024_Thormann_Landmarks/install/radar_interfaces/include/radar_interfaces/radar_interfaces/msg/ground_truth.h
[11.094s] -- Installing: /home/fusion/Downloads/FUSION_2024_Thormann_Landmarks/install/radar_interfaces/include/radar_interfaces/radar_interfaces/msg/radar.h
[11.094s] -- Installing: /home/fusion/Downloads/FUSION_2024_Thormann_Landmarks/install/radar_interfaces/include/radar_interfaces/radar_interfaces/msg/landmark_estimate.h
[11.094s] -- Installing: /home/fusion/Downloads/FUSION_2024_Thormann_Landmarks/install/radar_interfaces/share/radar_interfaces/environment/library_path.sh
[11.094s] -- Installing: /home/fusion/Downloads/FUSION_2024_Thormann_Landmarks/install/radar_interfaces/share/radar_interfaces/environment/library_path.dsv
[11.094s] -- Installing: /home/fusion/Downloads/FUSION_2024_Thormann_Landmarks/install/radar_interfaces/lib/libradar_interfaces__rosidl_generator_c.so
[11.095s] -- Set runtime path of "/home/fusion/Downloads/FUSION_2024_Thormann_Landmarks/install/radar_interfaces/lib/libradar_interfaces__rosidl_generator_c.so" to ""
[11.095s] -- Up-to-date: /home/fusion/Downloads/FUSION_2024_Thormann_Landmarks/install/radar_interfaces/include/radar_interfaces/radar_interfaces
[11.095s] -- Up-to-date: /home/fusion/Downloads/FUSION_2024_Thormann_Landmarks/install/radar_interfaces/include/radar_interfaces/radar_interfaces/msg
[11.095s] -- Up-to-date: /home/fusion/Downloads/FUSION_2024_Thormann_Landmarks/install/radar_interfaces/include/radar_interfaces/radar_interfaces/msg/detail
[11.095s] -- Installing: /home/fusion/Downloads/FUSION_2024_Thormann_Landmarks/install/radar_interfaces/include/radar_interfaces/radar_interfaces/msg/detail/ground_truth__rosidl_typesupport_fastrtps_c.h
[11.095s] -- Installing: /home/fusion/Downloads/FUSION_2024_Thormann_Landmarks/install/radar_interfaces/include/radar_interfaces/radar_interfaces/msg/detail/landmark_estimate__rosidl_typesupport_fastrtps_c.h
[11.095s] -- Installing: /home/fusion/Downloads/FUSION_2024_Thormann_Landmarks/install/radar_interfaces/include/radar_interfaces/radar_interfaces/msg/detail/radar__rosidl_typesupport_fastrtps_c.h
[11.095s] -- Installing: /home/fusion/Downloads/FUSION_2024_Thormann_Landmarks/install/radar_interfaces/include/radar_interfaces/radar_interfaces/msg/rosidl_typesupport_fastrtps_c__visibility_control.h
[11.095s] -- Installing: /home/fusion/Downloads/FUSION_2024_Thormann_Landmarks/install/radar_interfaces/lib/libradar_interfaces__rosidl_typesupport_fastrtps_c.so
[11.096s] -- Set runtime path of "/home/fusion/Downloads/FUSION_2024_Thormann_Landmarks/install/radar_interfaces/lib/libradar_interfaces__rosidl_typesupport_fastrtps_c.so" to ""
[11.096s] -- Up-to-date: /home/fusion/Downloads/FUSION_2024_Thormann_Landmarks/install/radar_interfaces/include/radar_interfaces/radar_interfaces
[11.096s] -- Up-to-date: /home/fusion/Downloads/FUSION_2024_Thormann_Landmarks/install/radar_interfaces/include/radar_interfaces/radar_interfaces/msg
[11.096s] -- Up-to-date: /home/fusion/Downloads/FUSION_2024_Thormann_Landmarks/install/radar_interfaces/include/radar_interfaces/radar_interfaces/msg/detail
[11.096s] -- Installing: /home/fusion/Downloads/FUSION_2024_Thormann_Landmarks/install/radar_interfaces/include/radar_interfaces/radar_interfaces/msg/detail/landmark_estimate__struct.hpp
[11.096s] -- Installing: /home/fusion/Downloads/FUSION_2024_Thormann_Landmarks/install/radar_interfaces/include/radar_interfaces/radar_interfaces/msg/detail/landmark_estimate__traits.hpp
[11.096s] -- Installing: /home/fusion/Downloads/FUSION_2024_Thormann_Landmarks/install/radar_interfaces/include/radar_interfaces/radar_interfaces/msg/detail/radar__builder.hpp
[11.097s] -- Installing: /home/fusion/Downloads/FUSION_2024_Thormann_Landmarks/install/radar_interfaces/include/radar_interfaces/radar_interfaces/msg/detail/landmark_estimate__builder.hpp
[11.097s] -- Installing: /home/fusion/Downloads/FUSION_2024_Thormann_Landmarks/install/radar_interfaces/include/radar_interfaces/radar_interfaces/msg/detail/radar__struct.hpp
[11.097s] -- Installing: /home/fusion/Downloads/FUSION_2024_Thormann_Landmarks/install/radar_interfaces/include/radar_interfaces/radar_interfaces/msg/detail/ground_truth__traits.hpp
[11.097s] -- Installing: /home/fusion/Downloads/FUSION_2024_Thormann_Landmarks/install/radar_interfaces/include/radar_interfaces/radar_interfaces/msg/detail/radar__traits.hpp
[11.097s] -- Installing: /home/fusion/Downloads/FUSION_2024_Thormann_Landmarks/install/radar_interfaces/include/radar_interfaces/radar_interfaces/msg/detail/ground_truth__struct.hpp
[11.097s] -- Installing: /home/fusion/Downloads/FUSION_2024_Thormann_Landmarks/install/radar_interfaces/include/radar_interfaces/radar_interfaces/msg/detail/ground_truth__builder.hpp
[11.097s] -- Installing: /home/fusion/Downloads/FUSION_2024_Thormann_Landmarks/install/radar_interfaces/include/radar_interfaces/radar_interfaces/msg/landmark_estimate.hpp
[11.097s] -- Installing: /home/fusion/Downloads/FUSION_2024_Thormann_Landmarks/install/radar_interfaces/include/radar_interfaces/radar_interfaces/msg/radar.hpp
[11.097s] -- Installing: /home/fusion/Downloads/FUSION_2024_Thormann_Landmarks/install/radar_interfaces/include/radar_interfaces/radar_interfaces/msg/ground_truth.hpp
[11.098s] -- Up-to-date: /home/fusion/Downloads/FUSION_2024_Thormann_Landmarks/install/radar_interfaces/include/radar_interfaces/radar_interfaces
[11.098s] -- Up-to-date: /home/fusion/Downloads/FUSION_2024_Thormann_Landmarks/install/radar_interfaces/include/radar_interfaces/radar_interfaces/msg
[11.098s] -- Up-to-date: /home/fusion/Downloads/FUSION_2024_Thormann_Landmarks/install/radar_interfaces/include/radar_interfaces/radar_interfaces/msg/detail
[11.098s] -- Installing: /home/fusion/Downloads/FUSION_2024_Thormann_Landmarks/install/radar_interfaces/include/radar_interfaces/radar_interfaces/msg/detail/radar__rosidl_typesupport_fastrtps_cpp.hpp
[11.098s] -- Installing: /home/fusion/Downloads/FUSION_2024_Thormann_Landmarks/install/radar_interfaces/include/radar_interfaces/radar_interfaces/msg/detail/dds_fastrtps
[11.098s] -- Installing: /home/fusion/Downloads/FUSION_2024_Thormann_Landmarks/install/radar_interfaces/include/radar_interfaces/radar_interfaces/msg/detail/landmark_estimate__rosidl_typesupport_fastrtps_cpp.hpp
[11.098s] -- Installing: /home/fusion/Downloads/FUSION_2024_Thormann_Landmarks/install/radar_interfaces/include/radar_interfaces/radar_interfaces/msg/detail/ground_truth__rosidl_typesupport_fastrtps_cpp.hpp
[11.098s] -- Installing: /home/fusion/Downloads/FUSION_2024_Thormann_Landmarks/install/radar_interfaces/include/radar_interfaces/radar_interfaces/msg/rosidl_typesupport_fastrtps_cpp__visibility_control.h
[11.098s] -- Installing: /home/fusion/Downloads/FUSION_2024_Thormann_Landmarks/install/radar_interfaces/lib/libradar_interfaces__rosidl_typesupport_fastrtps_cpp.so
[11.099s] -- Set runtime path of "/home/fusion/Downloads/FUSION_2024_Thormann_Landmarks/install/radar_interfaces/lib/libradar_interfaces__rosidl_typesupport_fastrtps_cpp.so" to ""
[11.099s] -- Up-to-date: /home/fusion/Downloads/FUSION_2024_Thormann_Landmarks/install/radar_interfaces/include/radar_interfaces/radar_interfaces
[11.099s] -- Up-to-date: /home/fusion/Downloads/FUSION_2024_Thormann_Landmarks/install/radar_interfaces/include/radar_interfaces/radar_interfaces/msg
[11.100s] -- Installing: /home/fusion/Downloads/FUSION_2024_Thormann_Landmarks/install/radar_interfaces/include/radar_interfaces/radar_interfaces/msg/rosidl_typesupport_introspection_c__visibility_control.h
[11.100s] -- Up-to-date: /home/fusion/Downloads/FUSION_2024_Thormann_Landmarks/install/radar_interfaces/include/radar_interfaces/radar_interfaces/msg/detail
[11.100s] -- Installing: /home/fusion/Downloads/FUSION_2024_Thormann_Landmarks/install/radar_interfaces/include/radar_interfaces/radar_interfaces/msg/detail/landmark_estimate__rosidl_typesupport_introspection_c.h
[11.100s] -- Installing: /home/fusion/Downloads/FUSION_2024_Thormann_Landmarks/install/radar_interfaces/include/radar_interfaces/radar_interfaces/msg/detail/ground_truth__rosidl_typesupport_introspection_c.h
[11.100s] -- Installing: /home/fusion/Downloads/FUSION_2024_Thormann_Landmarks/install/radar_interfaces/include/radar_interfaces/radar_interfaces/msg/detail/radar__rosidl_typesupport_introspection_c.h
[11.100s] -- Installing: /home/fusion/Downloads/FUSION_2024_Thormann_Landmarks/install/radar_interfaces/include/radar_interfaces/radar_interfaces/msg/detail/radar__type_support.c
[11.100s] -- Installing: /home/fusion/Downloads/FUSION_2024_Thormann_Landmarks/install/radar_interfaces/include/radar_interfaces/radar_interfaces/msg/detail/ground_truth__type_support.c
[11.100s] -- Installing: /home/fusion/Downloads/FUSION_2024_Thormann_Landmarks/install/radar_interfaces/include/radar_interfaces/radar_interfaces/msg/detail/landmark_estimate__type_support.c
[11.101s] -- Installing: /home/fusion/Downloads/FUSION_2024_Thormann_Landmarks/install/radar_interfaces/lib/libradar_interfaces__rosidl_typesupport_introspection_c.so
[11.101s] -- Set runtime path of "/home/fusion/Downloads/FUSION_2024_Thormann_Landmarks/install/radar_interfaces/lib/libradar_interfaces__rosidl_typesupport_introspection_c.so" to ""
[11.101s] -- Installing: /home/fusion/Downloads/FUSION_2024_Thormann_Landmarks/install/radar_interfaces/lib/libradar_interfaces__rosidl_typesupport_c.so
[11.102s] -- Set runtime path of "/home/fusion/Downloads/FUSION_2024_Thormann_Landmarks/install/radar_interfaces/lib/libradar_interfaces__rosidl_typesupport_c.so" to ""
[11.102s] -- Up-to-date: /home/fusion/Downloads/FUSION_2024_Thormann_Landmarks/install/radar_interfaces/include/radar_interfaces/radar_interfaces
[11.102s] -- Up-to-date: /home/fusion/Downloads/FUSION_2024_Thormann_Landmarks/install/radar_interfaces/include/radar_interfaces/radar_interfaces/msg
[11.102s] -- Up-to-date: /home/fusion/Downloads/FUSION_2024_Thormann_Landmarks/install/radar_interfaces/include/radar_interfaces/radar_interfaces/msg/detail
[11.102s] -- Installing: /home/fusion/Downloads/FUSION_2024_Thormann_Landmarks/install/radar_interfaces/include/radar_interfaces/radar_interfaces/msg/detail/landmark_estimate__rosidl_typesupport_introspection_cpp.hpp
[11.102s] -- Installing: /home/fusion/Downloads/FUSION_2024_Thormann_Landmarks/install/radar_interfaces/include/radar_interfaces/radar_interfaces/msg/detail/ground_truth__rosidl_typesupport_introspection_cpp.hpp
[11.102s] -- Installing: /home/fusion/Downloads/FUSION_2024_Thormann_Landmarks/install/radar_interfaces/include/radar_interfaces/radar_interfaces/msg/detail/radar__type_support.cpp
[11.102s] -- Installing: /home/fusion/Downloads/FUSION_2024_Thormann_Landmarks/install/radar_interfaces/include/radar_interfaces/radar_interfaces/msg/detail/radar__rosidl_typesupport_introspection_cpp.hpp
[11.102s] -- Installing: /home/fusion/Downloads/FUSION_2024_Thormann_Landmarks/install/radar_interfaces/include/radar_interfaces/radar_interfaces/msg/detail/ground_truth__type_support.cpp
[11.103s] -- Installing: /home/fusion/Downloads/FUSION_2024_Thormann_Landmarks/install/radar_interfaces/include/radar_interfaces/radar_interfaces/msg/detail/landmark_estimate__type_support.cpp
[11.103s] -- Installing: /home/fusion/Downloads/FUSION_2024_Thormann_Landmarks/install/radar_interfaces/lib/libradar_interfaces__rosidl_typesupport_introspection_cpp.so
[11.103s] -- Set runtime path of "/home/fusion/Downloads/FUSION_2024_Thormann_Landmarks/install/radar_interfaces/lib/libradar_interfaces__rosidl_typesupport_introspection_cpp.so" to ""
[11.103s] -- Installing: /home/fusion/Downloads/FUSION_2024_Thormann_Landmarks/install/radar_interfaces/lib/libradar_interfaces__rosidl_typesupport_cpp.so
[11.104s] -- Set runtime path of "/home/fusion/Downloads/FUSION_2024_Thormann_Landmarks/install/radar_interfaces/lib/libradar_interfaces__rosidl_typesupport_cpp.so" to ""
[11.104s] -- Installing: /home/fusion/Downloads/FUSION_2024_Thormann_Landmarks/install/radar_interfaces/share/radar_interfaces/environment/pythonpath.sh
[11.104s] -- Installing: /home/fusion/Downloads/FUSION_2024_Thormann_Landmarks/install/radar_interfaces/share/radar_interfaces/environment/pythonpath.dsv
[11.104s] -- Installing: /home/fusion/Downloads/FUSION_2024_Thormann_Landmarks/install/radar_interfaces/local/lib/python3.10/dist-packages/radar_interfaces-0.0.0-py3.10.egg-info
[11.104s] -- Installing: /home/fusion/Downloads/FUSION_2024_Thormann_Landmarks/install/radar_interfaces/local/lib/python3.10/dist-packages/radar_interfaces-0.0.0-py3.10.egg-info/dependency_links.txt
[11.104s] -- Installing: /home/fusion/Downloads/FUSION_2024_Thormann_Landmarks/install/radar_interfaces/local/lib/python3.10/dist-packages/radar_interfaces-0.0.0-py3.10.egg-info/top_level.txt
[11.105s] -- Installing: /home/fusion/Downloads/FUSION_2024_Thormann_Landmarks/install/radar_interfaces/local/lib/python3.10/dist-packages/radar_interfaces-0.0.0-py3.10.egg-info/PKG-INFO
[11.105s] -- Installing: /home/fusion/Downloads/FUSION_2024_Thormann_Landmarks/install/radar_interfaces/local/lib/python3.10/dist-packages/radar_interfaces-0.0.0-py3.10.egg-info/SOURCES.txt
[11.105s] -- Installing: /home/fusion/Downloads/FUSION_2024_Thormann_Landmarks/install/radar_interfaces/local/lib/python3.10/dist-packages/radar_interfaces
[11.105s] -- Installing: /home/fusion/Downloads/FUSION_2024_Thormann_Landmarks/install/radar_interfaces/local/lib/python3.10/dist-packages/radar_interfaces/libradar_interfaces__rosidl_generator_py.so
[11.105s] -- Installing: /home/fusion/Downloads/FUSION_2024_Thormann_Landmarks/install/radar_interfaces/local/lib/python3.10/dist-packages/radar_interfaces/_radar_interfaces_s.ep.rosidl_typesupport_introspection_c.c
[11.105s] -- Installing: /home/fusion/Downloads/FUSION_2024_Thormann_Landmarks/install/radar_interfaces/local/lib/python3.10/dist-packages/radar_interfaces/radar_interfaces_s__rosidl_typesupport_introspection_c.cpython-310-x86_64-linux-gnu.so
[11.105s] -- Installing: /home/fusion/Downloads/FUSION_2024_Thormann_Landmarks/install/radar_interfaces/local/lib/python3.10/dist-packages/radar_interfaces/_radar_interfaces_s.ep.rosidl_typesupport_c.c
[11.106s] -- Installing: /home/fusion/Downloads/FUSION_2024_Thormann_Landmarks/install/radar_interfaces/local/lib/python3.10/dist-packages/radar_interfaces/radar_interfaces_s__rosidl_typesupport_c.cpython-310-x86_64-linux-gnu.so
[11.106s] -- Installing: /home/fusion/Downloads/FUSION_2024_Thormann_Landmarks/install/radar_interfaces/local/lib/python3.10/dist-packages/radar_interfaces/msg
[11.106s] -- Installing: /home/fusion/Downloads/FUSION_2024_Thormann_Landmarks/install/radar_interfaces/local/lib/python3.10/dist-packages/radar_interfaces/msg/_landmark_estimate.py
[11.106s] -- Installing: /home/fusion/Downloads/FUSION_2024_Thormann_Landmarks/install/radar_interfaces/local/lib/python3.10/dist-packages/radar_interfaces/msg/_ground_truth.py
[11.106s] -- Installing: /home/fusion/Downloads/FUSION_2024_Thormann_Landmarks/install/radar_interfaces/local/lib/python3.10/dist-packages/radar_interfaces/msg/_ground_truth_s.c
[11.106s] -- Installing: /home/fusion/Downloads/FUSION_2024_Thormann_Landmarks/install/radar_interfaces/local/lib/python3.10/dist-packages/radar_interfaces/msg/_radar_s.c
[11.106s] -- Installing: /home/fusion/Downloads/FUSION_2024_Thormann_Landmarks/install/radar_interfaces/local/lib/python3.10/dist-packages/radar_interfaces/msg/_radar.py
[11.107s] -- Installing: /home/fusion/Downloads/FUSION_2024_Thormann_Landmarks/install/radar_interfaces/local/lib/python3.10/dist-packages/radar_interfaces/msg/_landmark_estimate_s.c
[11.107s] -- Installing: /home/fusion/Downloads/FUSION_2024_Thormann_Landmarks/install/radar_interfaces/local/lib/python3.10/dist-packages/radar_interfaces/msg/__init__.py
[11.107s] -- Installing: /home/fusion/Downloads/FUSION_2024_Thormann_Landmarks/install/radar_interfaces/local/lib/python3.10/dist-packages/radar_interfaces/__init__.py
[11.107s] -- Installing: /home/fusion/Downloads/FUSION_2024_Thormann_Landmarks/install/radar_interfaces/local/lib/python3.10/dist-packages/radar_interfaces/radar_interfaces_s__rosidl_typesupport_fastrtps_c.cpython-310-x86_64-linux-gnu.so
[11.107s] -- Installing: /home/fusion/Downloads/FUSION_2024_Thormann_Landmarks/install/radar_interfaces/local/lib/python3.10/dist-packages/radar_interfaces/_radar_interfaces_s.ep.rosidl_typesupport_fastrtps_c.c
[11.175s] Listing '/home/fusion/Downloads/FUSION_2024_Thormann_Landmarks/install/radar_interfaces/local/lib/python3.10/dist-packages/radar_interfaces'...
[11.176s] Compiling '/home/fusion/Downloads/FUSION_2024_Thormann_Landmarks/install/radar_interfaces/local/lib/python3.10/dist-packages/radar_interfaces/__init__.py'...
[11.176s] Listing '/home/fusion/Downloads/FUSION_2024_Thormann_Landmarks/install/radar_interfaces/local/lib/python3.10/dist-packages/radar_interfaces/msg'...
[11.176s] Compiling '/home/fusion/Downloads/FUSION_2024_Thormann_Landmarks/install/radar_interfaces/local/lib/python3.10/dist-packages/radar_interfaces/msg/__init__.py'...
[11.176s] Compiling '/home/fusion/Downloads/FUSION_2024_Thormann_Landmarks/install/radar_interfaces/local/lib/python3.10/dist-packages/radar_interfaces/msg/_ground_truth.py'...
[11.176s] Compiling '/home/fusion/Downloads/FUSION_2024_Thormann_Landmarks/install/radar_interfaces/local/lib/python3.10/dist-packages/radar_interfaces/msg/_landmark_estimate.py'...
[11.176s] Compiling '/home/fusion/Downloads/FUSION_2024_Thormann_Landmarks/install/radar_interfaces/local/lib/python3.10/dist-packages/radar_interfaces/msg/_radar.py'...
[11.181s] -- Installing: /home/fusion/Downloads/FUSION_2024_Thormann_Landmarks/install/radar_interfaces/local/lib/python3.10/dist-packages/radar_interfaces/radar_interfaces_s__rosidl_typesupport_fastrtps_c.cpython-310-x86_64-linux-gnu.so
[11.182s] -- Set runtime path of "/home/fusion/Downloads/FUSION_2024_Thormann_Landmarks/install/radar_interfaces/local/lib/python3.10/dist-packages/radar_interfaces/radar_interfaces_s__rosidl_typesupport_fastrtps_c.cpython-310-x86_64-linux-gnu.so" to ""
[11.182s] -- Installing: /home/fusion/Downloads/FUSION_2024_Thormann_Landmarks/install/radar_interfaces/local/lib/python3.10/dist-packages/radar_interfaces/radar_interfaces_s__rosidl_typesupport_introspection_c.cpython-310-x86_64-linux-gnu.so
[11.182s] -- Set runtime path of "/home/fusion/Downloads/FUSION_2024_Thormann_Landmarks/install/radar_interfaces/local/lib/python3.10/dist-packages/radar_interfaces/radar_interfaces_s__rosidl_typesupport_introspection_c.cpython-310-x86_64-linux-gnu.so" to ""
[11.183s] -- Installing: /home/fusion/Downloads/FUSION_2024_Thormann_Landmarks/install/radar_interfaces/local/lib/python3.10/dist-packages/radar_interfaces/radar_interfaces_s__rosidl_typesupport_c.cpython-310-x86_64-linux-gnu.so
[11.183s] -- Set runtime path of "/home/fusion/Downloads/FUSION_2024_Thormann_Landmarks/install/radar_interfaces/local/lib/python3.10/dist-packages/radar_interfaces/radar_interfaces_s__rosidl_typesupport_c.cpython-310-x86_64-linux-gnu.so" to ""
[11.183s] -- Installing: /home/fusion/Downloads/FUSION_2024_Thormann_Landmarks/install/radar_interfaces/lib/libradar_interfaces__rosidl_generator_py.so
[11.184s] -- Set runtime path of "/home/fusion/Downloads/FUSION_2024_Thormann_Landmarks/install/radar_interfaces/lib/libradar_interfaces__rosidl_generator_py.so" to ""
[11.184s] -- Installing: /home/fusion/Downloads/FUSION_2024_Thormann_Landmarks/install/radar_interfaces/share/radar_interfaces/msg/Radar.idl
[11.184s] -- Installing: /home/fusion/Downloads/FUSION_2024_Thormann_Landmarks/install/radar_interfaces/share/radar_interfaces/msg/GroundTruth.idl
[11.184s] -- Installing: /home/fusion/Downloads/FUSION_2024_Thormann_Landmarks/install/radar_interfaces/share/radar_interfaces/msg/LandmarkEstimate.idl
[11.185s] -- Installing: /home/fusion/Downloads/FUSION_2024_Thormann_Landmarks/install/radar_interfaces/share/radar_interfaces/msg/Radar.msg
[11.185s] -- Installing: /home/fusion/Downloads/FUSION_2024_Thormann_Landmarks/install/radar_interfaces/share/radar_interfaces/msg/GroundTruth.msg
[11.185s] -- Installing: /home/fusion/Downloads/FUSION_2024_Thormann_Landmarks/install/radar_interfaces/share/radar_interfaces/msg/LandmarkEstimate.msg
[11.185s] -- Installing: /home/fusion/Downloads/FUSION_2024_Thormann_Landmarks/install/radar_interfaces/share/ament_index/resource_index/package_run_dependencies/radar_interfaces
[11.185s] -- Installing: /home/fusion/Downloads/FUSION_2024_Thormann_Landmarks/install/radar_interfaces/share/ament_index/resource_index/parent_prefix_path/radar_interfaces
[11.185s] -- Installing: /home/fusion/Downloads/FUSION_2024_Thormann_Landmarks/install/radar_interfaces/share/radar_interfaces/environment/ament_prefix_path.sh
[11.186s] -- Installing: /home/fusion/Downloads/FUSION_2024_Thormann_Landmarks/install/radar_interfaces/share/radar_interfaces/environment/ament_prefix_path.dsv
[11.186s] -- Installing: /home/fusion/Downloads/FUSION_2024_Thormann_Landmarks/install/radar_interfaces/share/radar_interfaces/environment/path.sh
[11.186s] -- Installing: /home/fusion/Downloads/FUSION_2024_Thormann_Landmarks/install/radar_interfaces/share/radar_interfaces/environment/path.dsv
[11.186s] -- Installing: /home/fusion/Downloads/FUSION_2024_Thormann_Landmarks/install/radar_interfaces/share/radar_interfaces/local_setup.bash
[11.186s] -- Installing: /home/fusion/Downloads/FUSION_2024_Thormann_Landmarks/install/radar_interfaces/share/radar_interfaces/local_setup.sh
[11.186s] -- Installing: /home/fusion/Downloads/FUSION_2024_Thormann_Landmarks/install/radar_interfaces/share/radar_interfaces/local_setup.zsh
[11.187s] -- Installing: /home/fusion/Downloads/FUSION_2024_Thormann_Landmarks/install/radar_interfaces/share/radar_interfaces/local_setup.dsv
[11.187s] -- Installing: /home/fusion/Downloads/FUSION_2024_Thormann_Landmarks/install/radar_interfaces/share/radar_interfaces/package.dsv
[11.187s] -- Installing: /home/fusion/Downloads/FUSION_2024_Thormann_Landmarks/install/radar_interfaces/share/ament_index/resource_index/packages/radar_interfaces
[11.187s] -- Installing: /home/fusion/Downloads/FUSION_2024_Thormann_Landmarks/install/radar_interfaces/share/radar_interfaces/cmake/export_radar_interfaces__rosidl_generator_cExport.cmake
[11.187s] -- Installing: /home/fusion/Downloads/FUSION_2024_Thormann_Landmarks/install/radar_interfaces/share/radar_interfaces/cmake/export_radar_interfaces__rosidl_generator_cExport-noconfig.cmake
[11.188s] -- Installing: /home/fusion/Downloads/FUSION_2024_Thormann_Landmarks/install/radar_interfaces/share/radar_interfaces/cmake/export_radar_interfaces__rosidl_typesupport_fastrtps_cExport.cmake
[11.188s] -- Installing: /home/fusion/Downloads/FUSION_2024_Thormann_Landmarks/install/radar_interfaces/share/radar_interfaces/cmake/export_radar_interfaces__rosidl_typesupport_fastrtps_cExport-noconfig.cmake
[11.188s] -- Installing: /home/fusion/Downloads/FUSION_2024_Thormann_Landmarks/install/radar_interfaces/share/radar_interfaces/cmake/export_radar_interfaces__rosidl_generator_cppExport.cmake
[11.188s] -- Installing: /home/fusion/Downloads/FUSION_2024_Thormann_Landmarks/install/radar_interfaces/share/radar_interfaces/cmake/export_radar_interfaces__rosidl_typesupport_fastrtps_cppExport.cmake
[11.188s] -- Installing: /home/fusion/Downloads/FUSION_2024_Thormann_Landmarks/install/radar_interfaces/share/radar_interfaces/cmake/export_radar_interfaces__rosidl_typesupport_fastrtps_cppExport-noconfig.cmake
[11.188s] -- Installing: /home/fusion/Downloads/FUSION_2024_Thormann_Landmarks/install/radar_interfaces/share/radar_interfaces/cmake/radar_interfaces__rosidl_typesupport_introspection_cExport.cmake
[11.188s] -- Installing: /home/fusion/Downloads/FUSION_2024_Thormann_Landmarks/install/radar_interfaces/share/radar_interfaces/cmake/radar_interfaces__rosidl_typesupport_introspection_cExport-noconfig.cmake
[11.189s] -- Installing: /home/fusion/Downloads/FUSION_2024_Thormann_Landmarks/install/radar_interfaces/share/radar_interfaces/cmake/radar_interfaces__rosidl_typesupport_cExport.cmake
[11.189s] -- Installing: /home/fusion/Downloads/FUSION_2024_Thormann_Landmarks/install/radar_interfaces/share/radar_interfaces/cmake/radar_interfaces__rosidl_typesupport_cExport-noconfig.cmake
[11.189s] -- Installing: /home/fusion/Downloads/FUSION_2024_Thormann_Landmarks/install/radar_interfaces/share/radar_interfaces/cmake/radar_interfaces__rosidl_typesupport_introspection_cppExport.cmake
[11.189s] -- Installing: /home/fusion/Downloads/FUSION_2024_Thormann_Landmarks/install/radar_interfaces/share/radar_interfaces/cmake/radar_interfaces__rosidl_typesupport_introspection_cppExport-noconfig.cmake
[11.189s] -- Installing: /home/fusion/Downloads/FUSION_2024_Thormann_Landmarks/install/radar_interfaces/share/radar_interfaces/cmake/radar_interfaces__rosidl_typesupport_cppExport.cmake
[11.189s] -- Installing: /home/fusion/Downloads/FUSION_2024_Thormann_Landmarks/install/radar_interfaces/share/radar_interfaces/cmake/radar_interfaces__rosidl_typesupport_cppExport-noconfig.cmake
[11.190s] -- Installing: /home/fusion/Downloads/FUSION_2024_Thormann_Landmarks/install/radar_interfaces/share/radar_interfaces/cmake/export_radar_interfaces__rosidl_generator_pyExport.cmake
[11.190s] -- Installing: /home/fusion/Downloads/FUSION_2024_Thormann_Landmarks/install/radar_interfaces/share/radar_interfaces/cmake/export_radar_interfaces__rosidl_generator_pyExport-noconfig.cmake
[11.190s] -- Installing: /home/fusion/Downloads/FUSION_2024_Thormann_Landmarks/install/radar_interfaces/share/radar_interfaces/cmake/rosidl_cmake-extras.cmake
[11.190s] -- Installing: /home/fusion/Downloads/FUSION_2024_Thormann_Landmarks/install/radar_interfaces/share/radar_interfaces/cmake/ament_cmake_export_dependencies-extras.cmake
[11.190s] -- Installing: /home/fusion/Downloads/FUSION_2024_Thormann_Landmarks/install/radar_interfaces/share/radar_interfaces/cmake/ament_cmake_export_include_directories-extras.cmake
[11.190s] -- Installing: /home/fusion/Downloads/FUSION_2024_Thormann_Landmarks/install/radar_interfaces/share/radar_interfaces/cmake/ament_cmake_export_libraries-extras.cmake
[11.191s] -- Installing: /home/fusion/Downloads/FUSION_2024_Thormann_Landmarks/install/radar_interfaces/share/radar_interfaces/cmake/ament_cmake_export_targets-extras.cmake
[11.191s] -- Installing: /home/fusion/Downloads/FUSION_2024_Thormann_Landmarks/install/radar_interfaces/share/radar_interfaces/cmake/rosidl_cmake_export_typesupport_targets-extras.cmake
[11.191s] -- Installing: /home/fusion/Downloads/FUSION_2024_Thormann_Landmarks/install/radar_interfaces/share/radar_interfaces/cmake/rosidl_cmake_export_typesupport_libraries-extras.cmake
[11.191s] -- Installing: /home/fusion/Downloads/FUSION_2024_Thormann_Landmarks/install/radar_interfaces/share/radar_interfaces/cmake/radar_interfacesConfig.cmake
[11.191s] -- Installing: /home/fusion/Downloads/FUSION_2024_Thormann_Landmarks/install/radar_interfaces/share/radar_interfaces/cmake/radar_interfacesConfig-version.cmake
[11.191s] -- Installing: /home/fusion/Downloads/FUSION_2024_Thormann_Landmarks/install/radar_interfaces/share/radar_interfaces/package.xml
[11.194s] Invoked command in '/home/fusion/Downloads/FUSION_2024_Thormann_Landmarks/build/radar_interfaces' returned '0': CMAKE_PREFIX_PATH=${CMAKE_PREFIX_PATH}:/home/fusion/turtlebot4_ws/install/radar:/home/fusion/turtlebot4_ws/install/df_example:/opt/ros/humble /usr/bin/cmake --install /home/fusion/Downloads/FUSION_2024_Thormann_Landmarks/build/radar_interfaces
