[0.298s] Invoking command in '/home/fusion/Downloads/FUSION_2024_Thormann_Landmarks/build/radar_interfaces': CMAKE_PREFIX_PATH=${CMAKE_PREFIX_PATH}:/home/fusion/turtlebot4_ws/install/radar:/home/fusion/turtlebot4_ws/install/df_example:/opt/ros/humble /usr/bin/cmake --build /home/fusion/Downloads/FUSION_2024_Thormann_Landmarks/build/radar_interfaces -- -j4 -l4
[0.363s] [  2%] Built target radar_interfaces__cpp
[0.364s] [ 12%] Built target radar_interfaces__rosidl_generator_c
[0.377s] [ 12%] Built target ament_cmake_python_copy_radar_interfaces
[0.403s] [ 34%] Built target radar_interfaces__rosidl_typesupport_cpp
[0.403s] [ 34%] Built target radar_interfaces__rosidl_typesupport_fastrtps_cpp
[0.414s] [ 44%] Built target radar_interfaces__rosidl_typesupport_introspection_cpp
[0.421s] [ 55%] Built target radar_interfaces__rosidl_typesupport_fastrtps_c
[0.434s] [ 65%] Built target radar_interfaces__rosidl_typesupport_introspection_c
[0.445s] [ 76%] Built target radar_interfaces__rosidl_typesupport_c
[0.488s] [ 76%] Built target radar_interfaces
[0.527s] [ 78%] Built target radar_interfaces__py
[0.566s] [ 87%] Built target radar_interfaces__rosidl_generator_py
[0.622s] [ 91%] Built target radar_interfaces__rosidl_typesupport_introspection_c__pyext
[0.625s] [ 95%] Built target radar_interfaces__rosidl_typesupport_fastrtps_c__pyext
[0.660s] [100%] Built target radar_interfaces__rosidl_typesupport_c__pyext
[0.783s] running egg_info
[0.784s] writing radar_interfaces.egg-info/PKG-INFO
[0.784s] writing dependency_links to radar_interfaces.egg-info/dependency_links.txt
[0.784s] writing top-level names to radar_interfaces.egg-info/top_level.txt
[0.787s] reading manifest file 'radar_interfaces.egg-info/SOURCES.txt'
[0.788s] writing manifest file 'radar_interfaces.egg-info/SOURCES.txt'
[0.827s] [100%] Built target ament_cmake_python_build_radar_interfaces_egg
[0.843s] Invoked command in '/home/fusion/Downloads/FUSION_2024_Thormann_Landmarks/build/radar_interfaces' returned '0': CMAKE_PREFIX_PATH=${CMAKE_PREFIX_PATH}:/home/fusion/turtlebot4_ws/install/radar:/home/fusion/turtlebot4_ws/install/df_example:/opt/ros/humble /usr/bin/cmake --build /home/fusion/Downloads/FUSION_2024_Thormann_Landmarks/build/radar_interfaces -- -j4 -l4
[0.995s] Invoking command in '/home/fusion/Downloads/FUSION_2024_Thormann_Landmarks/build/radar_interfaces': CMAKE_PREFIX_PATH=${CMAKE_PREFIX_PATH}:/home/fusion/turtlebot4_ws/install/radar:/home/fusion/turtlebot4_ws/install/df_example:/opt/ros/humble /usr/bin/cmake --install /home/fusion/Downloads/FUSION_2024_Thormann_Landmarks/build/radar_interfaces
[1.004s] -- Install configuration: ""
[1.004s] -- Up-to-date: /home/fusion/Downloads/FUSION_2024_Thormann_Landmarks/install/radar_interfaces/share/ament_index/resource_index/rosidl_interfaces/radar_interfaces
[1.004s] -- Up-to-date: /home/fusion/Downloads/FUSION_2024_Thormann_Landmarks/install/radar_interfaces/include/radar_interfaces/radar_interfaces
[1.004s] -- Up-to-date: /home/fusion/Downloads/FUSION_2024_Thormann_Landmarks/install/radar_interfaces/include/radar_interfaces/radar_interfaces/msg
[1.004s] -- Up-to-date: /home/fusion/Downloads/FUSION_2024_Thormann_Landmarks/install/radar_interfaces/include/radar_interfaces/radar_interfaces/msg/detail
[1.004s] -- Up-to-date: /home/fusion/Downloads/FUSION_2024_Thormann_Landmarks/install/radar_interfaces/include/radar_interfaces/radar_interfaces/msg/detail/landmark_estimate__functions.c
[1.005s] -- Up-to-date: /home/fusion/Downloads/FUSION_2024_Thormann_Landmarks/install/radar_interfaces/include/radar_interfaces/radar_interfaces/msg/detail/radar__functions.h
[1.005s] -- Up-to-date: /home/fusion/Downloads/FUSION_2024_Thormann_Landmarks/install/radar_interfaces/include/radar_interfaces/radar_interfaces/msg/detail/landmark_estimate__struct.h
[1.005s] -- Up-to-date: /home/fusion/Downloads/FUSION_2024_Thormann_Landmarks/install/radar_interfaces/include/radar_interfaces/radar_interfaces/msg/detail/landmark_estimate__type_support.h
[1.005s] -- Up-to-date: /home/fusion/Downloads/FUSION_2024_Thormann_Landmarks/install/radar_interfaces/include/radar_interfaces/radar_interfaces/msg/detail/radar__functions.c
[1.005s] -- Up-to-date: /home/fusion/Downloads/FUSION_2024_Thormann_Landmarks/install/radar_interfaces/include/radar_interfaces/radar_interfaces/msg/detail/ground_truth__functions.h
[1.005s] -- Up-to-date: /home/fusion/Downloads/FUSION_2024_Thormann_Landmarks/install/radar_interfaces/include/radar_interfaces/radar_interfaces/msg/detail/radar__type_support.h
[1.005s] -- Up-to-date: /home/fusion/Downloads/FUSION_2024_Thormann_Landmarks/install/radar_interfaces/include/radar_interfaces/radar_interfaces/msg/detail/ground_truth__struct.h
[1.005s] -- Up-to-date: /home/fusion/Downloads/FUSION_2024_Thormann_Landmarks/install/radar_interfaces/include/radar_interfaces/radar_interfaces/msg/detail/ground_truth__type_support.h
[1.005s] -- Up-to-date: /home/fusion/Downloads/FUSION_2024_Thormann_Landmarks/install/radar_interfaces/include/radar_interfaces/radar_interfaces/msg/detail/ground_truth__functions.c
[1.005s] -- Up-to-date: /home/fusion/Downloads/FUSION_2024_Thormann_Landmarks/install/radar_interfaces/include/radar_interfaces/radar_interfaces/msg/detail/radar__struct.h
[1.005s] -- Up-to-date: /home/fusion/Downloads/FUSION_2024_Thormann_Landmarks/install/radar_interfaces/include/radar_interfaces/radar_interfaces/msg/detail/landmark_estimate__functions.h
[1.005s] -- Up-to-date: /home/fusion/Downloads/FUSION_2024_Thormann_Landmarks/install/radar_interfaces/include/radar_interfaces/radar_interfaces/msg/rosidl_generator_c__visibility_control.h
[1.006s] -- Up-to-date: /home/fusion/Downloads/FUSION_2024_Thormann_Landmarks/install/radar_interfaces/include/radar_interfaces/radar_interfaces/msg/ground_truth.h
[1.006s] -- Up-to-date: /home/fusion/Downloads/FUSION_2024_Thormann_Landmarks/install/radar_interfaces/include/radar_interfaces/radar_interfaces/msg/radar.h
[1.006s] -- Up-to-date: /home/fusion/Downloads/FUSION_2024_Thormann_Landmarks/install/radar_interfaces/include/radar_interfaces/radar_interfaces/msg/landmark_estimate.h
[1.006s] -- Up-to-date: /home/fusion/Downloads/FUSION_2024_Thormann_Landmarks/install/radar_interfaces/share/radar_interfaces/environment/library_path.sh
[1.006s] -- Up-to-date: /home/fusion/Downloads/FUSION_2024_Thormann_Landmarks/install/radar_interfaces/share/radar_interfaces/environment/library_path.dsv
[1.006s] -- Up-to-date: /home/fusion/Downloads/FUSION_2024_Thormann_Landmarks/install/radar_interfaces/lib/libradar_interfaces__rosidl_generator_c.so
[1.006s] -- Up-to-date: /home/fusion/Downloads/FUSION_2024_Thormann_Landmarks/install/radar_interfaces/include/radar_interfaces/radar_interfaces
[1.006s] -- Up-to-date: /home/fusion/Downloads/FUSION_2024_Thormann_Landmarks/install/radar_interfaces/include/radar_interfaces/radar_interfaces/msg
[1.006s] -- Up-to-date: /home/fusion/Downloads/FUSION_2024_Thormann_Landmarks/install/radar_interfaces/include/radar_interfaces/radar_interfaces/msg/detail
[1.006s] -- Up-to-date: /home/fusion/Downloads/FUSION_2024_Thormann_Landmarks/install/radar_interfaces/include/radar_interfaces/radar_interfaces/msg/detail/ground_truth__rosidl_typesupport_fastrtps_c.h
[1.006s] -- Up-to-date: /home/fusion/Downloads/FUSION_2024_Thormann_Landmarks/install/radar_interfaces/include/radar_interfaces/radar_interfaces/msg/detail/landmark_estimate__rosidl_typesupport_fastrtps_c.h
[1.006s] -- Up-to-date: /home/fusion/Downloads/FUSION_2024_Thormann_Landmarks/install/radar_interfaces/include/radar_interfaces/radar_interfaces/msg/detail/radar__rosidl_typesupport_fastrtps_c.h
[1.006s] -- Up-to-date: /home/fusion/Downloads/FUSION_2024_Thormann_Landmarks/install/radar_interfaces/include/radar_interfaces/radar_interfaces/msg/rosidl_typesupport_fastrtps_c__visibility_control.h
[1.006s] -- Up-to-date: /home/fusion/Downloads/FUSION_2024_Thormann_Landmarks/install/radar_interfaces/lib/libradar_interfaces__rosidl_typesupport_fastrtps_c.so
[1.006s] -- Up-to-date: /home/fusion/Downloads/FUSION_2024_Thormann_Landmarks/install/radar_interfaces/include/radar_interfaces/radar_interfaces
[1.006s] -- Up-to-date: /home/fusion/Downloads/FUSION_2024_Thormann_Landmarks/install/radar_interfaces/include/radar_interfaces/radar_interfaces/msg
[1.007s] -- Up-to-date: /home/fusion/Downloads/FUSION_2024_Thormann_Landmarks/install/radar_interfaces/include/radar_interfaces/radar_interfaces/msg/detail
[1.007s] -- Up-to-date: /home/fusion/Downloads/FUSION_2024_Thormann_Landmarks/install/radar_interfaces/include/radar_interfaces/radar_interfaces/msg/detail/landmark_estimate__struct.hpp
[1.007s] -- Up-to-date: /home/fusion/Downloads/FUSION_2024_Thormann_Landmarks/install/radar_interfaces/include/radar_interfaces/radar_interfaces/msg/detail/landmark_estimate__traits.hpp
[1.007s] -- Up-to-date: /home/fusion/Downloads/FUSION_2024_Thormann_Landmarks/install/radar_interfaces/include/radar_interfaces/radar_interfaces/msg/detail/radar__builder.hpp
[1.007s] -- Up-to-date: /home/fusion/Downloads/FUSION_2024_Thormann_Landmarks/install/radar_interfaces/include/radar_interfaces/radar_interfaces/msg/detail/landmark_estimate__builder.hpp
[1.007s] -- Up-to-date: /home/fusion/Downloads/FUSION_2024_Thormann_Landmarks/install/radar_interfaces/include/radar_interfaces/radar_interfaces/msg/detail/radar__struct.hpp
[1.007s] -- Up-to-date: /home/fusion/Downloads/FUSION_2024_Thormann_Landmarks/install/radar_interfaces/include/radar_interfaces/radar_interfaces/msg/detail/ground_truth__traits.hpp
[1.008s] -- Up-to-date: /home/fusion/Downloads/FUSION_2024_Thormann_Landmarks/install/radar_interfaces/include/radar_interfaces/radar_interfaces/msg/detail/radar__traits.hpp
[1.008s] -- Up-to-date: /home/fusion/Downloads/FUSION_2024_Thormann_Landmarks/install/radar_interfaces/include/radar_interfaces/radar_interfaces/msg/detail/ground_truth__struct.hpp
[1.008s] -- Up-to-date: /home/fusion/Downloads/FUSION_2024_Thormann_Landmarks/install/radar_interfaces/include/radar_interfaces/radar_interfaces/msg/detail/ground_truth__builder.hpp
[1.008s] -- Up-to-date: /home/fusion/Downloads/FUSION_2024_Thormann_Landmarks/install/radar_interfaces/include/radar_interfaces/radar_interfaces/msg/landmark_estimate.hpp
[1.008s] -- Up-to-date: /home/fusion/Downloads/FUSION_2024_Thormann_Landmarks/install/radar_interfaces/include/radar_interfaces/radar_interfaces/msg/radar.hpp
[1.008s] -- Up-to-date: /home/fusion/Downloads/FUSION_2024_Thormann_Landmarks/install/radar_interfaces/include/radar_interfaces/radar_interfaces/msg/ground_truth.hpp
[1.008s] -- Up-to-date: /home/fusion/Downloads/FUSION_2024_Thormann_Landmarks/install/radar_interfaces/include/radar_interfaces/radar_interfaces
[1.008s] -- Up-to-date: /home/fusion/Downloads/FUSION_2024_Thormann_Landmarks/install/radar_interfaces/include/radar_interfaces/radar_interfaces/msg
[1.008s] -- Up-to-date: /home/fusion/Downloads/FUSION_2024_Thormann_Landmarks/install/radar_interfaces/include/radar_interfaces/radar_interfaces/msg/detail
[1.008s] -- Up-to-date: /home/fusion/Downloads/FUSION_2024_Thormann_Landmarks/install/radar_interfaces/include/radar_interfaces/radar_interfaces/msg/detail/radar__rosidl_typesupport_fastrtps_cpp.hpp
[1.008s] -- Up-to-date: /home/fusion/Downloads/FUSION_2024_Thormann_Landmarks/install/radar_interfaces/include/radar_interfaces/radar_interfaces/msg/detail/dds_fastrtps
[1.008s] -- Up-to-date: /home/fusion/Downloads/FUSION_2024_Thormann_Landmarks/install/radar_interfaces/include/radar_interfaces/radar_interfaces/msg/detail/landmark_estimate__rosidl_typesupport_fastrtps_cpp.hpp
[1.008s] -- Up-to-date: /home/fusion/Downloads/FUSION_2024_Thormann_Landmarks/install/radar_interfaces/include/radar_interfaces/radar_interfaces/msg/detail/ground_truth__rosidl_typesupport_fastrtps_cpp.hpp
[1.009s] -- Up-to-date: /home/fusion/Downloads/FUSION_2024_Thormann_Landmarks/install/radar_interfaces/include/radar_interfaces/radar_interfaces/msg/rosidl_typesupport_fastrtps_cpp__visibility_control.h
[1.009s] -- Up-to-date: /home/fusion/Downloads/FUSION_2024_Thormann_Landmarks/install/radar_interfaces/lib/libradar_interfaces__rosidl_typesupport_fastrtps_cpp.so
[1.009s] -- Up-to-date: /home/fusion/Downloads/FUSION_2024_Thormann_Landmarks/install/radar_interfaces/include/radar_interfaces/radar_interfaces
[1.009s] -- Up-to-date: /home/fusion/Downloads/FUSION_2024_Thormann_Landmarks/install/radar_interfaces/include/radar_interfaces/radar_interfaces/msg
[1.009s] -- Up-to-date: /home/fusion/Downloads/FUSION_2024_Thormann_Landmarks/install/radar_interfaces/include/radar_interfaces/radar_interfaces/msg/rosidl_typesupport_introspection_c__visibility_control.h
[1.009s] -- Up-to-date: /home/fusion/Downloads/FUSION_2024_Thormann_Landmarks/install/radar_interfaces/include/radar_interfaces/radar_interfaces/msg/detail
[1.009s] -- Up-to-date: /home/fusion/Downloads/FUSION_2024_Thormann_Landmarks/install/radar_interfaces/include/radar_interfaces/radar_interfaces/msg/detail/landmark_estimate__rosidl_typesupport_introspection_c.h
[1.009s] -- Up-to-date: /home/fusion/Downloads/FUSION_2024_Thormann_Landmarks/install/radar_interfaces/include/radar_interfaces/radar_interfaces/msg/detail/ground_truth__rosidl_typesupport_introspection_c.h
[1.009s] -- Up-to-date: /home/fusion/Downloads/FUSION_2024_Thormann_Landmarks/install/radar_interfaces/include/radar_interfaces/radar_interfaces/msg/detail/radar__rosidl_typesupport_introspection_c.h
[1.009s] -- Up-to-date: /home/fusion/Downloads/FUSION_2024_Thormann_Landmarks/install/radar_interfaces/include/radar_interfaces/radar_interfaces/msg/detail/radar__type_support.c
[1.009s] -- Up-to-date: /home/fusion/Downloads/FUSION_2024_Thormann_Landmarks/install/radar_interfaces/include/radar_interfaces/radar_interfaces/msg/detail/ground_truth__type_support.c
[1.009s] -- Up-to-date: /home/fusion/Downloads/FUSION_2024_Thormann_Landmarks/install/radar_interfaces/include/radar_interfaces/radar_interfaces/msg/detail/landmark_estimate__type_support.c
[1.009s] -- Up-to-date: /home/fusion/Downloads/FUSION_2024_Thormann_Landmarks/install/radar_interfaces/lib/libradar_interfaces__rosidl_typesupport_introspection_c.so
[1.009s] -- Up-to-date: /home/fusion/Downloads/FUSION_2024_Thormann_Landmarks/install/radar_interfaces/lib/libradar_interfaces__rosidl_typesupport_c.so
[1.009s] -- Up-to-date: /home/fusion/Downloads/FUSION_2024_Thormann_Landmarks/install/radar_interfaces/include/radar_interfaces/radar_interfaces
[1.009s] -- Up-to-date: /home/fusion/Downloads/FUSION_2024_Thormann_Landmarks/install/radar_interfaces/include/radar_interfaces/radar_interfaces/msg
[1.010s] -- Up-to-date: /home/fusion/Downloads/FUSION_2024_Thormann_Landmarks/install/radar_interfaces/include/radar_interfaces/radar_interfaces/msg/detail
[1.010s] -- Up-to-date: /home/fusion/Downloads/FUSION_2024_Thormann_Landmarks/install/radar_interfaces/include/radar_interfaces/radar_interfaces/msg/detail/landmark_estimate__rosidl_typesupport_introspection_cpp.hpp
[1.010s] -- Up-to-date: /home/fusion/Downloads/FUSION_2024_Thormann_Landmarks/install/radar_interfaces/include/radar_interfaces/radar_interfaces/msg/detail/ground_truth__rosidl_typesupport_introspection_cpp.hpp
[1.010s] -- Up-to-date: /home/fusion/Downloads/FUSION_2024_Thormann_Landmarks/install/radar_interfaces/include/radar_interfaces/radar_interfaces/msg/detail/radar__type_support.cpp
[1.010s] -- Up-to-date: /home/fusion/Downloads/FUSION_2024_Thormann_Landmarks/install/radar_interfaces/include/radar_interfaces/radar_interfaces/msg/detail/radar__rosidl_typesupport_introspection_cpp.hpp
[1.010s] -- Up-to-date: /home/fusion/Downloads/FUSION_2024_Thormann_Landmarks/install/radar_interfaces/include/radar_interfaces/radar_interfaces/msg/detail/ground_truth__type_support.cpp
[1.010s] -- Up-to-date: /home/fusion/Downloads/FUSION_2024_Thormann_Landmarks/install/radar_interfaces/include/radar_interfaces/radar_interfaces/msg/detail/landmark_estimate__type_support.cpp
[1.010s] -- Up-to-date: /home/fusion/Downloads/FUSION_2024_Thormann_Landmarks/install/radar_interfaces/lib/libradar_interfaces__rosidl_typesupport_introspection_cpp.so
[1.010s] -- Up-to-date: /home/fusion/Downloads/FUSION_2024_Thormann_Landmarks/install/radar_interfaces/lib/libradar_interfaces__rosidl_typesupport_cpp.so
[1.010s] -- Up-to-date: /home/fusion/Downloads/FUSION_2024_Thormann_Landmarks/install/radar_interfaces/share/radar_interfaces/environment/pythonpath.sh
[1.010s] -- Up-to-date: /home/fusion/Downloads/FUSION_2024_Thormann_Landmarks/install/radar_interfaces/share/radar_interfaces/environment/pythonpath.dsv
[1.010s] -- Up-to-date: /home/fusion/Downloads/FUSION_2024_Thormann_Landmarks/install/radar_interfaces/local/lib/python3.10/dist-packages/radar_interfaces-0.0.0-py3.10.egg-info
[1.010s] -- Installing: /home/fusion/Downloads/FUSION_2024_Thormann_Landmarks/install/radar_interfaces/local/lib/python3.10/dist-packages/radar_interfaces-0.0.0-py3.10.egg-info/dependency_links.txt
[1.012s] -- Installing: /home/fusion/Downloads/FUSION_2024_Thormann_Landmarks/install/radar_interfaces/local/lib/python3.10/dist-packages/radar_interfaces-0.0.0-py3.10.egg-info/top_level.txt
[1.012s] -- Installing: /home/fusion/Downloads/FUSION_2024_Thormann_Landmarks/install/radar_interfaces/local/lib/python3.10/dist-packages/radar_interfaces-0.0.0-py3.10.egg-info/PKG-INFO
[1.012s] -- Installing: /home/fusion/Downloads/FUSION_2024_Thormann_Landmarks/install/radar_interfaces/local/lib/python3.10/dist-packages/radar_interfaces-0.0.0-py3.10.egg-info/SOURCES.txt
[1.012s] -- Up-to-date: /home/fusion/Downloads/FUSION_2024_Thormann_Landmarks/install/radar_interfaces/local/lib/python3.10/dist-packages/radar_interfaces
[1.012s] -- Up-to-date: /home/fusion/Downloads/FUSION_2024_Thormann_Landmarks/install/radar_interfaces/local/lib/python3.10/dist-packages/radar_interfaces/libradar_interfaces__rosidl_generator_py.so
[1.012s] -- Up-to-date: /home/fusion/Downloads/FUSION_2024_Thormann_Landmarks/install/radar_interfaces/local/lib/python3.10/dist-packages/radar_interfaces/_radar_interfaces_s.ep.rosidl_typesupport_introspection_c.c
[1.012s] -- Up-to-date: /home/fusion/Downloads/FUSION_2024_Thormann_Landmarks/install/radar_interfaces/local/lib/python3.10/dist-packages/radar_interfaces/radar_interfaces_s__rosidl_typesupport_introspection_c.cpython-310-x86_64-linux-gnu.so
[1.012s] -- Up-to-date: /home/fusion/Downloads/FUSION_2024_Thormann_Landmarks/install/radar_interfaces/local/lib/python3.10/dist-packages/radar_interfaces/_radar_interfaces_s.ep.rosidl_typesupport_c.c
[1.012s] -- Up-to-date: /home/fusion/Downloads/FUSION_2024_Thormann_Landmarks/install/radar_interfaces/local/lib/python3.10/dist-packages/radar_interfaces/radar_interfaces_s__rosidl_typesupport_c.cpython-310-x86_64-linux-gnu.so
[1.013s] -- Up-to-date: /home/fusion/Downloads/FUSION_2024_Thormann_Landmarks/install/radar_interfaces/local/lib/python3.10/dist-packages/radar_interfaces/msg
[1.013s] -- Up-to-date: /home/fusion/Downloads/FUSION_2024_Thormann_Landmarks/install/radar_interfaces/local/lib/python3.10/dist-packages/radar_interfaces/msg/_landmark_estimate.py
[1.013s] -- Up-to-date: /home/fusion/Downloads/FUSION_2024_Thormann_Landmarks/install/radar_interfaces/local/lib/python3.10/dist-packages/radar_interfaces/msg/_ground_truth.py
[1.013s] -- Up-to-date: /home/fusion/Downloads/FUSION_2024_Thormann_Landmarks/install/radar_interfaces/local/lib/python3.10/dist-packages/radar_interfaces/msg/_ground_truth_s.c
[1.013s] -- Up-to-date: /home/fusion/Downloads/FUSION_2024_Thormann_Landmarks/install/radar_interfaces/local/lib/python3.10/dist-packages/radar_interfaces/msg/_radar_s.c
[1.013s] -- Up-to-date: /home/fusion/Downloads/FUSION_2024_Thormann_Landmarks/install/radar_interfaces/local/lib/python3.10/dist-packages/radar_interfaces/msg/_radar.py
[1.013s] -- Up-to-date: /home/fusion/Downloads/FUSION_2024_Thormann_Landmarks/install/radar_interfaces/local/lib/python3.10/dist-packages/radar_interfaces/msg/_landmark_estimate_s.c
[1.013s] -- Up-to-date: /home/fusion/Downloads/FUSION_2024_Thormann_Landmarks/install/radar_interfaces/local/lib/python3.10/dist-packages/radar_interfaces/msg/__init__.py
[1.013s] -- Up-to-date: /home/fusion/Downloads/FUSION_2024_Thormann_Landmarks/install/radar_interfaces/local/lib/python3.10/dist-packages/radar_interfaces/__init__.py
[1.013s] -- Up-to-date: /home/fusion/Downloads/FUSION_2024_Thormann_Landmarks/install/radar_interfaces/local/lib/python3.10/dist-packages/radar_interfaces/radar_interfaces_s__rosidl_typesupport_fastrtps_c.cpython-310-x86_64-linux-gnu.so
[1.013s] -- Up-to-date: /home/fusion/Downloads/FUSION_2024_Thormann_Landmarks/install/radar_interfaces/local/lib/python3.10/dist-packages/radar_interfaces/_radar_interfaces_s.ep.rosidl_typesupport_fastrtps_c.c
[1.043s] Listing '/home/fusion/Downloads/FUSION_2024_Thormann_Landmarks/install/radar_interfaces/local/lib/python3.10/dist-packages/radar_interfaces'...
[1.043s] Listing '/home/fusion/Downloads/FUSION_2024_Thormann_Landmarks/install/radar_interfaces/local/lib/python3.10/dist-packages/radar_interfaces/msg'...
[1.047s] -- Up-to-date: /home/fusion/Downloads/FUSION_2024_Thormann_Landmarks/install/radar_interfaces/local/lib/python3.10/dist-packages/radar_interfaces/radar_interfaces_s__rosidl_typesupport_fastrtps_c.cpython-310-x86_64-linux-gnu.so
[1.047s] -- Up-to-date: /home/fusion/Downloads/FUSION_2024_Thormann_Landmarks/install/radar_interfaces/local/lib/python3.10/dist-packages/radar_interfaces/radar_interfaces_s__rosidl_typesupport_introspection_c.cpython-310-x86_64-linux-gnu.so
[1.048s] -- Up-to-date: /home/fusion/Downloads/FUSION_2024_Thormann_Landmarks/install/radar_interfaces/local/lib/python3.10/dist-packages/radar_interfaces/radar_interfaces_s__rosidl_typesupport_c.cpython-310-x86_64-linux-gnu.so
[1.048s] -- Up-to-date: /home/fusion/Downloads/FUSION_2024_Thormann_Landmarks/install/radar_interfaces/lib/libradar_interfaces__rosidl_generator_py.so
[1.049s] -- Up-to-date: /home/fusion/Downloads/FUSION_2024_Thormann_Landmarks/install/radar_interfaces/share/radar_interfaces/msg/Radar.idl
[1.049s] -- Up-to-date: /home/fusion/Downloads/FUSION_2024_Thormann_Landmarks/install/radar_interfaces/share/radar_interfaces/msg/GroundTruth.idl
[1.049s] -- Up-to-date: /home/fusion/Downloads/FUSION_2024_Thormann_Landmarks/install/radar_interfaces/share/radar_interfaces/msg/LandmarkEstimate.idl
[1.049s] -- Up-to-date: /home/fusion/Downloads/FUSION_2024_Thormann_Landmarks/install/radar_interfaces/share/radar_interfaces/msg/Radar.msg
[1.049s] -- Up-to-date: /home/fusion/Downloads/FUSION_2024_Thormann_Landmarks/install/radar_interfaces/share/radar_interfaces/msg/GroundTruth.msg
[1.050s] -- Up-to-date: /home/fusion/Downloads/FUSION_2024_Thormann_Landmarks/install/radar_interfaces/share/radar_interfaces/msg/LandmarkEstimate.msg
[1.050s] -- Up-to-date: /home/fusion/Downloads/FUSION_2024_Thormann_Landmarks/install/radar_interfaces/share/ament_index/resource_index/package_run_dependencies/radar_interfaces
[1.050s] -- Up-to-date: /home/fusion/Downloads/FUSION_2024_Thormann_Landmarks/install/radar_interfaces/share/ament_index/resource_index/parent_prefix_path/radar_interfaces
[1.050s] -- Up-to-date: /home/fusion/Downloads/FUSION_2024_Thormann_Landmarks/install/radar_interfaces/share/radar_interfaces/environment/ament_prefix_path.sh
[1.050s] -- Up-to-date: /home/fusion/Downloads/FUSION_2024_Thormann_Landmarks/install/radar_interfaces/share/radar_interfaces/environment/ament_prefix_path.dsv
[1.050s] -- Up-to-date: /home/fusion/Downloads/FUSION_2024_Thormann_Landmarks/install/radar_interfaces/share/radar_interfaces/environment/path.sh
[1.050s] -- Up-to-date: /home/fusion/Downloads/FUSION_2024_Thormann_Landmarks/install/radar_interfaces/share/radar_interfaces/environment/path.dsv
[1.050s] -- Up-to-date: /home/fusion/Downloads/FUSION_2024_Thormann_Landmarks/install/radar_interfaces/share/radar_interfaces/local_setup.bash
[1.050s] -- Up-to-date: /home/fusion/Downloads/FUSION_2024_Thormann_Landmarks/install/radar_interfaces/share/radar_interfaces/local_setup.sh
[1.050s] -- Up-to-date: /home/fusion/Downloads/FUSION_2024_Thormann_Landmarks/install/radar_interfaces/share/radar_interfaces/local_setup.zsh
[1.050s] -- Up-to-date: /home/fusion/Downloads/FUSION_2024_Thormann_Landmarks/install/radar_interfaces/share/radar_interfaces/local_setup.dsv
[1.051s] -- Installing: /home/fusion/Downloads/FUSION_2024_Thormann_Landmarks/install/radar_interfaces/share/radar_interfaces/package.dsv
[1.051s] -- Up-to-date: /home/fusion/Downloads/FUSION_2024_Thormann_Landmarks/install/radar_interfaces/share/ament_index/resource_index/packages/radar_interfaces
[1.051s] -- Up-to-date: /home/fusion/Downloads/FUSION_2024_Thormann_Landmarks/install/radar_interfaces/share/radar_interfaces/cmake/export_radar_interfaces__rosidl_generator_cExport.cmake
[1.051s] -- Up-to-date: /home/fusion/Downloads/FUSION_2024_Thormann_Landmarks/install/radar_interfaces/share/radar_interfaces/cmake/export_radar_interfaces__rosidl_generator_cExport-noconfig.cmake
[1.051s] -- Up-to-date: /home/fusion/Downloads/FUSION_2024_Thormann_Landmarks/install/radar_interfaces/share/radar_interfaces/cmake/export_radar_interfaces__rosidl_typesupport_fastrtps_cExport.cmake
[1.051s] -- Up-to-date: /home/fusion/Downloads/FUSION_2024_Thormann_Landmarks/install/radar_interfaces/share/radar_interfaces/cmake/export_radar_interfaces__rosidl_typesupport_fastrtps_cExport-noconfig.cmake
[1.051s] -- Up-to-date: /home/fusion/Downloads/FUSION_2024_Thormann_Landmarks/install/radar_interfaces/share/radar_interfaces/cmake/export_radar_interfaces__rosidl_generator_cppExport.cmake
[1.051s] -- Up-to-date: /home/fusion/Downloads/FUSION_2024_Thormann_Landmarks/install/radar_interfaces/share/radar_interfaces/cmake/export_radar_interfaces__rosidl_typesupport_fastrtps_cppExport.cmake
[1.051s] -- Up-to-date: /home/fusion/Downloads/FUSION_2024_Thormann_Landmarks/install/radar_interfaces/share/radar_interfaces/cmake/export_radar_interfaces__rosidl_typesupport_fastrtps_cppExport-noconfig.cmake
[1.051s] -- Up-to-date: /home/fusion/Downloads/FUSION_2024_Thormann_Landmarks/install/radar_interfaces/share/radar_interfaces/cmake/radar_interfaces__rosidl_typesupport_introspection_cExport.cmake
[1.051s] -- Up-to-date: /home/fusion/Downloads/FUSION_2024_Thormann_Landmarks/install/radar_interfaces/share/radar_interfaces/cmake/radar_interfaces__rosidl_typesupport_introspection_cExport-noconfig.cmake
[1.052s] -- Up-to-date: /home/fusion/Downloads/FUSION_2024_Thormann_Landmarks/install/radar_interfaces/share/radar_interfaces/cmake/radar_interfaces__rosidl_typesupport_cExport.cmake
[1.052s] -- Up-to-date: /home/fusion/Downloads/FUSION_2024_Thormann_Landmarks/install/radar_interfaces/share/radar_interfaces/cmake/radar_interfaces__rosidl_typesupport_cExport-noconfig.cmake
[1.052s] -- Up-to-date: /home/fusion/Downloads/FUSION_2024_Thormann_Landmarks/install/radar_interfaces/share/radar_interfaces/cmake/radar_interfaces__rosidl_typesupport_introspection_cppExport.cmake
[1.052s] -- Up-to-date: /home/fusion/Downloads/FUSION_2024_Thormann_Landmarks/install/radar_interfaces/share/radar_interfaces/cmake/radar_interfaces__rosidl_typesupport_introspection_cppExport-noconfig.cmake
[1.052s] -- Up-to-date: /home/fusion/Downloads/FUSION_2024_Thormann_Landmarks/install/radar_interfaces/share/radar_interfaces/cmake/radar_interfaces__rosidl_typesupport_cppExport.cmake
[1.052s] -- Up-to-date: /home/fusion/Downloads/FUSION_2024_Thormann_Landmarks/install/radar_interfaces/share/radar_interfaces/cmake/radar_interfaces__rosidl_typesupport_cppExport-noconfig.cmake
[1.052s] -- Up-to-date: /home/fusion/Downloads/FUSION_2024_Thormann_Landmarks/install/radar_interfaces/share/radar_interfaces/cmake/export_radar_interfaces__rosidl_generator_pyExport.cmake
[1.052s] -- Up-to-date: /home/fusion/Downloads/FUSION_2024_Thormann_Landmarks/install/radar_interfaces/share/radar_interfaces/cmake/export_radar_interfaces__rosidl_generator_pyExport-noconfig.cmake
[1.052s] -- Up-to-date: /home/fusion/Downloads/FUSION_2024_Thormann_Landmarks/install/radar_interfaces/share/radar_interfaces/cmake/rosidl_cmake-extras.cmake
[1.052s] -- Up-to-date: /home/fusion/Downloads/FUSION_2024_Thormann_Landmarks/install/radar_interfaces/share/radar_interfaces/cmake/ament_cmake_export_dependencies-extras.cmake
[1.052s] -- Up-to-date: /home/fusion/Downloads/FUSION_2024_Thormann_Landmarks/install/radar_interfaces/share/radar_interfaces/cmake/ament_cmake_export_include_directories-extras.cmake
[1.052s] -- Up-to-date: /home/fusion/Downloads/FUSION_2024_Thormann_Landmarks/install/radar_interfaces/share/radar_interfaces/cmake/ament_cmake_export_libraries-extras.cmake
[1.052s] -- Up-to-date: /home/fusion/Downloads/FUSION_2024_Thormann_Landmarks/install/radar_interfaces/share/radar_interfaces/cmake/ament_cmake_export_targets-extras.cmake
[1.052s] -- Up-to-date: /home/fusion/Downloads/FUSION_2024_Thormann_Landmarks/install/radar_interfaces/share/radar_interfaces/cmake/rosidl_cmake_export_typesupport_targets-extras.cmake
[1.053s] -- Up-to-date: /home/fusion/Downloads/FUSION_2024_Thormann_Landmarks/install/radar_interfaces/share/radar_interfaces/cmake/rosidl_cmake_export_typesupport_libraries-extras.cmake
[1.053s] -- Up-to-date: /home/fusion/Downloads/FUSION_2024_Thormann_Landmarks/install/radar_interfaces/share/radar_interfaces/cmake/radar_interfacesConfig.cmake
[1.053s] -- Up-to-date: /home/fusion/Downloads/FUSION_2024_Thormann_Landmarks/install/radar_interfaces/share/radar_interfaces/cmake/radar_interfacesConfig-version.cmake
[1.053s] -- Up-to-date: /home/fusion/Downloads/FUSION_2024_Thormann_Landmarks/install/radar_interfaces/share/radar_interfaces/package.xml
[1.055s] Invoked command in '/home/fusion/Downloads/FUSION_2024_Thormann_Landmarks/build/radar_interfaces' returned '0': CMAKE_PREFIX_PATH=${CMAKE_PREFIX_PATH}:/home/fusion/turtlebot4_ws/install/radar:/home/fusion/turtlebot4_ws/install/df_example:/opt/ros/humble /usr/bin/cmake --install /home/fusion/Downloads/FUSION_2024_Thormann_Landmarks/build/radar_interfaces
