[0.773s] Invoking command in '/home/fusion/Downloads/FUSION_2024_Thormann_Landmarks/radar': PYTHONPATH=/home/fusion/Downloads/FUSION_2024_Thormann_Landmarks/build/radar/prefix_override:/home/fusion/Downloads/FUSION_2024_Thormann_Landmarks/install/radar/lib/python3.10/site-packages:${PYTHONPATH} /usr/bin/python3 -W ignore:setup.py install is deprecated setup.py egg_info --egg-base ../build/radar build --build-base /home/fusion/Downloads/FUSION_2024_Thormann_Landmarks/build/radar/build install --record /home/fusion/Downloads/FUSION_2024_Thormann_Landmarks/build/radar/install.log --single-version-externally-managed install_data
[1.081s] running egg_info
[1.082s] writing ../build/radar/radar.egg-info/PKG-INFO
[1.082s] writing dependency_links to ../build/radar/radar.egg-info/dependency_links.txt
[1.082s] writing entry points to ../build/radar/radar.egg-info/entry_points.txt
[1.082s] writing requirements to ../build/radar/radar.egg-info/requires.txt
[1.082s] writing top-level names to ../build/radar/radar.egg-info/top_level.txt
[1.085s] reading manifest file '../build/radar/radar.egg-info/SOURCES.txt'
[1.086s] writing manifest file '../build/radar/radar.egg-info/SOURCES.txt'
[1.086s] running build
[1.086s] running build_py
[1.087s] copying radar/nodes/landmark_estimator_node.py -> /home/fusion/Downloads/FUSION_2024_Thormann_Landmarks/build/radar/build/lib/radar/nodes
[1.089s] running install
[1.090s] running install_lib
[1.091s] copying /home/fusion/Downloads/FUSION_2024_Thormann_Landmarks/build/radar/build/lib/radar/nodes/landmark_estimator_node.py -> /home/fusion/Downloads/FUSION_2024_Thormann_Landmarks/install/radar/lib/python3.10/site-packages/radar/nodes
[1.092s] byte-compiling /home/fusion/Downloads/FUSION_2024_Thormann_Landmarks/install/radar/lib/python3.10/site-packages/radar/nodes/landmark_estimator_node.py to landmark_estimator_node.cpython-310.pyc
[1.094s] running install_data
[1.094s] running install_egg_info
[1.096s] removing '/home/fusion/Downloads/FUSION_2024_Thormann_Landmarks/install/radar/lib/python3.10/site-packages/radar-0.0.0-py3.10.egg-info' (and everything under it)
[1.096s] Copying ../build/radar/radar.egg-info to /home/fusion/Downloads/FUSION_2024_Thormann_Landmarks/install/radar/lib/python3.10/site-packages/radar-0.0.0-py3.10.egg-info
[1.097s] running install_scripts
[1.118s] Installing landmark_estimator script to /home/fusion/Downloads/FUSION_2024_Thormann_Landmarks/install/radar/lib/radar
[1.118s] Installing localizer script to /home/fusion/Downloads/FUSION_2024_Thormann_Landmarks/install/radar/lib/radar
[1.118s] Installing odometry_visualizer script to /home/fusion/Downloads/FUSION_2024_Thormann_Landmarks/install/radar/lib/radar
[1.118s] Installing radar_image_visualizer script to /home/fusion/Downloads/FUSION_2024_Thormann_Landmarks/install/radar/lib/radar
[1.119s] writing list of installed files to '/home/fusion/Downloads/FUSION_2024_Thormann_Landmarks/build/radar/install.log'
[1.154s] Invoked command in '/home/fusion/Downloads/FUSION_2024_Thormann_Landmarks/radar' returned '0': PYTHONPATH=/home/fusion/Downloads/FUSION_2024_Thormann_Landmarks/build/radar/prefix_override:/home/fusion/Downloads/FUSION_2024_Thormann_Landmarks/install/radar/lib/python3.10/site-packages:${PYTHONPATH} /usr/bin/python3 -W ignore:setup.py install is deprecated setup.py egg_info --egg-base ../build/radar build --build-base /home/fusion/Downloads/FUSION_2024_Thormann_Landmarks/build/radar/build install --record /home/fusion/Downloads/FUSION_2024_Thormann_Landmarks/build/radar/install.log --single-version-externally-managed install_data
