[1.060s] Invoking command in '/home/fusion/Downloads/FUSION_2024_Thormann_Landmarks/radar': PYTHONPATH=/home/fusion/Downloads/FUSION_2024_Thormann_Landmarks/build/radar/prefix_override:/home/fusion/Downloads/FUSION_2024_Thormann_Landmarks/install/radar/lib/python3.10/site-packages:${PYTHONPATH} /usr/bin/python3 -W ignore:setup.py install is deprecated setup.py egg_info --egg-base ../build/radar build --build-base /home/fusion/Downloads/FUSION_2024_Thormann_Landmarks/build/radar/build install --record /home/fusion/Downloads/FUSION_2024_Thormann_Landmarks/build/radar/install.log --single-version-externally-managed install_data
[1.336s] running egg_info
[1.337s] writing ../build/radar/radar.egg-info/PKG-INFO
[1.337s] writing dependency_links to ../build/radar/radar.egg-info/dependency_links.txt
[1.337s] writing entry points to ../build/radar/radar.egg-info/entry_points.txt
[1.337s] writing requirements to ../build/radar/radar.egg-info/requires.txt
[1.338s] writing top-level names to ../build/radar/radar.egg-info/top_level.txt
[1.341s] reading manifest file '../build/radar/radar.egg-info/SOURCES.txt'
[1.342s] writing manifest file '../build/radar/radar.egg-info/SOURCES.txt'
[1.342s] running build
[1.342s] running build_py
[1.345s] running install
[1.345s] running install_lib
[1.347s] running install_data
[1.348s] copying launch/launch_radar_visuals.xml -> /home/fusion/Downloads/FUSION_2024_Thormann_Landmarks/install/radar/share/radar/launch
[1.348s] copying launch/launch_localization_pipeline.xml -> /home/fusion/Downloads/FUSION_2024_Thormann_Landmarks/install/radar/share/radar/launch
[1.348s] running install_egg_info
[1.349s] removing '/home/fusion/Downloads/FUSION_2024_Thormann_Landmarks/install/radar/lib/python3.10/site-packages/radar-0.0.0-py3.10.egg-info' (and everything under it)
[1.350s] Copying ../build/radar/radar.egg-info to /home/fusion/Downloads/FUSION_2024_Thormann_Landmarks/install/radar/lib/python3.10/site-packages/radar-0.0.0-py3.10.egg-info
[1.360s] running install_scripts
[1.381s] Installing ground_truth_publisher script to /home/fusion/Downloads/FUSION_2024_Thormann_Landmarks/install/radar/lib/radar
[1.381s] Installing landmark_estimator script to /home/fusion/Downloads/FUSION_2024_Thormann_Landmarks/install/radar/lib/radar
[1.382s] Installing localizer script to /home/fusion/Downloads/FUSION_2024_Thormann_Landmarks/install/radar/lib/radar
[1.382s] Installing odometry_visualizer script to /home/fusion/Downloads/FUSION_2024_Thormann_Landmarks/install/radar/lib/radar
[1.382s] Installing radar_image_visualizer script to /home/fusion/Downloads/FUSION_2024_Thormann_Landmarks/install/radar/lib/radar
[1.383s] writing list of installed files to '/home/fusion/Downloads/FUSION_2024_Thormann_Landmarks/build/radar/install.log'
[1.410s] Invoked command in '/home/fusion/Downloads/FUSION_2024_Thormann_Landmarks/radar' returned '0': PYTHONPATH=/home/fusion/Downloads/FUSION_2024_Thormann_Landmarks/build/radar/prefix_override:/home/fusion/Downloads/FUSION_2024_Thormann_Landmarks/install/radar/lib/python3.10/site-packages:${PYTHONPATH} /usr/bin/python3 -W ignore:setup.py install is deprecated setup.py egg_info --egg-base ../build/radar build --build-base /home/fusion/Downloads/FUSION_2024_Thormann_Landmarks/build/radar/build install --record /home/fusion/Downloads/FUSION_2024_Thormann_Landmarks/build/radar/install.log --single-version-externally-managed install_data
